1355216039 2
1355216045 233
1355228824 2
1355229223 2
1355229234 201
1355229311 2
1355229412 3
1355231044 2
1355231068 233
1355231143 202
1355231156 3
1355231201 2
1355231217 3
1355231343 2
1355231348 3
1355231455 2
1355231504 278
1355231555 276
1355231557 284
1355231562 3
1355231591 2
1355231602 3
1355231862 2
1355231867 233
1355231873 3
1355232552 2
1355233163 3
1355234618 2
1355234660 3
1355234757 2
1355234799 3
1355234843 2
1355234854 3
1355234914 2
1355234931 201
1355234946 3
1355236763 2
1355236782 276
1355236795 3
1355237715 2
1355238937 3
1355238952 2
1355238963 3
1355239090 2
1355239117 3
1355239274 2
1355239291 3
1355239291 3
1355240866 2
1355240877 3
1355240885 2
1355240901 202
1355240907 3
1355240922 2
1355240926 278
1355240943 3
1355241186 2
1355241192 3
1355242582 2
1355242588 3
1355242773 2
1355242779 3
1355242886 2
1355242892 3
1355242965 2
1355242983 220
1355242992 220
1355242995 267
1355243003 3
1355245060 2
1355245072 3
1355245087 2
1355245114 3
1355245118 2
1355245128 3
1355245277 2
1355245282 3
1355245361 2
1355245377 3
1355245436 2
1355245442 3
1355245605 2
1355245616 3
1355245776 2
1355245782 3
1355278907 2
1355278981 3
1355279012 2
1355279023 3
1355279039 2
1355279049 3
1355279063 2
1355279079 3
1355279823 2
1355279835 3
1355279863 2
1355279910 233
1355279921 233
1355279937 233
1355279958 220
1355279985 220
1355280004 220
1355280026 284
1355280027 216
1355280030 277
1355280045 220
1355280098 201
1355280148 277
1355280161 277
1355280260 277
1355280272 277
1355280336 202
1355280392 267
1355280403 201
1355280432 3
1355281984 2
1355282404 3
1355282740 2
1355282756 3
1355283847 2
1355283890 3
1355283896 2
1355283992 3
1355285292 2
1355285563 3
1355288456 2
1355288461 3
1355288677 2
1355289044 3
1355289111 2
1355289536 3
1355290924 2
1355291015 3
1355291026 2
1355291063 3
1355291144 2
1355291223 3
1355291288 2
1355291342 3
1355291352 2
1355291384 3
1355291658 2
1355291685 3
1355291824 2
1355291830 3
1355293835 2
1355293990 3
1355294034 2
1355294125 3
1355295314 2
1355297626 2
1355297631 3
1355297877 2
1355297920 3
1355298157 2
1355298363 2
1355298374 3
1355298436 2
1355298452 3
1355298455 2
1355298465 3
1355298607 2
1355298666 3
1355298804 2
1355298825 3
1355302719 2
1355302724 3
1355306646 2
1355306678 3
1355324795 2
1355324875 245
1355324882 253
1355324891 3
1355326947 2
1355326985 3
1355327024 2
1355327063 3
1355327066 2
1355327077 3
1355327084 2
1355327116 3
1355327142 2
1355327169 3
1355327182 2
1355327198 3
1355327735 2
1355327773 3
1355327829 2
1355327841 3
1355328098 2
1355328168 3
1355328234 2
1355328253 533
1355328260 325
1355328261 322
1355328266 3
1355328537 2
1355328543 3
1355328818 2
1355328828 220
1355328856 3
1355329003 2
1355329014 3
1355370359 2
1355370572 3
1355370913 2
1355370920 233
1355370950 3
1355371081 2
1355371086 201
1355371088 202
1355371101 278
1355371166 277
1355371172 277
1355371174 277
1355371178 277
1355371181 277
1355371186 277
1355371192 277
1355371203 277
1355371212 277
1355371216 277
1355371267 3
1355371382 2
1355371387 277
1355371396 277
1355371417 277
1355371440 3
1355371456 2
1355371462 277
1355371473 277
1355371475 277
1355371495 277
1355371504 277
1355371517 277
1355371525 277
1355371536 3
1355371648 2
1355371652 277
1355371717 277
1355371721 277
1355371744 3
1355371761 2
1355371830 3
1355371868 2
1355372096 3
1355372128 2
1355372176 3
1355372324 2
1355372340 3
1355373106 2
1355373127 3
1355375037 2
1355375047 3
1355376980 2
1355390397 2
1355390567 3
1355392480 2
1355453009 2
1355453663 3
1355711015 2
1355711037 3
1355711044 2
1355711060 3
1355729395 2
1355729408 220
1355729427 3
1355729607 2
1355729684 220
1355729691 220
1355729702 3
1355734796 2
1355734822 284
1355734839 276
1355734840 276
1355734842 224
1355734844 224
1355734855 3
1355736363 2
1355736374 224
1355736384 233
1355736394 233
1355736400 3
1355741176 2
1355741183 233
1355741197 3
1355745833 2
1355745844 3
1355745911 2
1355745927 3
1355745958 2
1355745965 201
1355745975 273
1355745987 220
1355745990 3
1355746018 2
1355746030 220
1355746033 202
1355746037 220
1355746043 220
1355746046 220
1355746055 3
1355746155 2
1355746162 278
1355746176 3
1355746202 2
1355746205 220
1355746209 220
1355746213 201
1355746218 3
1355746218 3
1355746512 2
1355746525 278
1355746534 3
1355746647 2
1355746693 2
1355746709 3
1355748534 2
1355748544 273
1355748551 278
1355748558 202
1355748561 278
1355748572 278
1355748580 278
1355748583 278
1355748587 3
1355748668 2
1355748678 278
1355748684 278
1355748690 277
1355748692 220
1355748721 3
1355748761 2
1355748798 3
1355748983 2
1355749026 3
1355749101 2
1355749154 3
1355749361 2
1355749377 3
1355749387 2
1355749439 2
1355749455 3
1355749460 2
1355749470 3
1355750093 2
1355750103 278
1355750119 3
1355991650 2
1355991666 3
1355991778 2
1355991789 3
1356006518 2
1356006529 3
1356009312 2
1356011857 205
1356011868 3
1356011978 2
1356011989 3
1356016629 2
1356016661 3
1356016754 2
1356016758 201
1356016761 263
1356016764 204
1356016776 3
1356017515 2
1356017526 3
1356018398 2
1356018404 3
1356018923 2
1356018927 3
1356018933 2
1356018936 3
1356019927 2
1356019931 3
1356020138 2
1356020148 278
1356020156 3
1356020559 2
1356020567 3
1356021404 2
1356021410 3
1356021417 2
1356021421 3
1356021497 2
1356021508 3
1356021695 2
1356021701 3
1356022552 2
1356022563 205
1356022568 3
1356022576 2
1356022578 3
1356023461 2
1356023470 3
1356023483 2
1356023485 277
1356023490 277
1356023493 3
1356023762 2
1356023783 3
1356024285 2
1356024290 3
1356024459 2
1356024471 3
1356071440 2
1356071444 3
1356071990 2
1356072819 201
1356072820 263
1356072824 3
1356073348 2
1356073353 232
1356073353 232
1356073356 3
1356073604 2
1356073607 3
1356073632 2
1356073646 3
1356073722 2
1356073725 3
1356074519 2
1356074523 3
1356074584 2
1356074588 3
1356074896 2
1356074917 3
1356075884 2
1356075886 3
1356075943 2
1356075946 3
1356093914 2
1356093924 3
1356093963 2
1356093966 3
1356093982 2
1356093988 3
1356094087 2
1356094100 3
1356094140 2
1356094384 3
1356094441 2
1356094447 3
1356094503 2
1356094506 3
1356094851 2
1356094906 3
1356095014 2
1356095018 3
1356095247 2
1356095251 278
1356095271 3
1356138787 2
1356138811 3
1356139209 2
1356139219 3
1356139231 2
1356139244 3
1356143906 2
1356143920 217
1356143923 277
1356143926 277
1356143928 277
1356143931 224
1356143934 260
1356143935 260
1356143935 260
1356143936 215
1356143937 247
1356143939 216
1356143941 3
1356144071 2
1356144079 3
1356144478 2
1356144482 3
1356144783 2
1356144787 3
1356144983 2
1356145067 2
1356145079 3
1356145252 2
1356145370 3
1356145476 2
1356145485 2
1356145514 2
1356145519 3
1356145736 2
1356145745 3
1356145873 2
1356146350 2
1356146362 3
1356146544 2
1356146548 3
1356146590 2
1356146593 3
1356146768 2
1356146774 3
1356147209 2
1356147213 232
1356147214 236
1356147219 3
1356147485 2
1356147494 232
1356147521 3
1356147567 2
1356147599 3
1356147635 2
1356147640 236
1356147644 3
1356148132 2
1356148162 3
1356148308 2
1356148313 217
1356148315 217
1356148317 205
1356148322 3
1356148505 2
1356148514 3
1356149402 2
1356149453 3
1356153711 2
1356153726 3
1356153956 2
1356153961 205
1356153964 217
1356153965 230
1356153969 3
1356154154 2
1356154232 2
1356154242 230
1356154243 217
1356154246 205
1356154249 3
1356154670 2
1356154698 3
1356154799 2
1356154806 3
1356154936 2
1356154940 3
1356155095 2
1356155101 217
1356155103 277
1356155105 277
1356155108 3
1356155299 2
1356155323 3
1356155737 2
1356155740 277
1356155742 217
1356155747 3
1356156016 2
1356156023 213
1356156025 214
1356156027 215
1356156028 247
1356156029 216
1356156030 216
1356156034 277
1356156035 217
1356156044 3
1356156220 2
1356156260 3
1356156387 2
1356156584 2
1356156596 217
1356156598 213
1356156618 213
1356156621 214
1356156625 3
1356156858 2
1356156870 2
1356156935 2
1356156946 3
1356157038 2
1356157043 3
1356157592 2
1356157597 231
1356157604 231
1356157606 3
1356158016 2
1356158028 3
1356158079 2
1356158087 279
1356158088 279
1356158092 280
1356158124 3
1356158298 2
1356158306 3
1356158707 2
1356158713 3
1356158750 2
1356158753 207
1356158770 3
1356158944 2
1356158950 3
1356159041 2
1356159044 209
1356159047 278
1356159050 3
1356159511 2
1356159523 3
1356159657 2
1356159659 235
1356159665 3
1356159832 2
1356159847 209
1356159848 210
1356159850 278
1356159853 3
1356159921 2
1356159928 3
1356160021 2
1356160025 201
1356160027 235
1356160028 207
1356160031 207
1356160032 278
1356160036 3
1356160781 2
1356160788 213
1356160798 2
1356160804 213
1356160964 2
1356160971 213
1356160980 2
1356160984 213
1356161075 2
1356161078 213
1356161087 2
1356161089 213
1356161110 2
1356161117 213
1356161125 2
1356161128 213
1356161199 2
1356161204 213
1356161215 213
1356161219 3
1356161221 2
1356161225 213
1356161242 213
1356161247 3
1356161270 2
1356162114 3
1356162120 2
1356162125 213
1356162131 213
1356162148 213
1356162151 3
1356162157 2
1356162159 3
1356162182 2
1356162185 213
1356162198 213
1356162200 3
1356162510 2
1356162514 278
1356162526 213
1356162529 284
1356162531 3
1356163032 2
1356163037 214
1356163039 214
1356163046 214
1356163050 214
1356163052 3
1356163055 2
1356163057 214
1356163060 220
1356163065 202
1356163072 220
1356163076 214
1356163083 220
1356163088 220
1356163098 220
1356163102 220
1356163103 214
1356163105 220
1356163110 214
1356163114 220
1356163116 214
1356163117 220
1356163122 214
1356163125 3
1356163160 2
1356163162 3
1356163270 2
1356163285 3
1356163485 2
1356163933 2
1356163947 2
1356163975 2
1356163987 3
1356164044 2
1356164052 3
1356164257 2
1356164264 239
1356164274 2
1356164280 239
1356164367 2
1356164376 239
1356164386 2
1356164389 239
1356164425 2
1356164427 239
1356164449 3
1356164760 2
1356164766 239
1356164770 3
1356164787 2
1356164793 239
1356164799 3
1356164878 2
1356164883 239
1356164893 2
1356164897 239
1356164921 2
1356164924 239
1356164944 3
1356164963 2
1356164965 239
1356164970 3
1356165428 2
1356165434 216
1356165447 2
1356165452 216
1356165527 2
1356165534 216
1356165536 216
1356165542 216
1356165566 216
1356165570 3
1356165573 2
1356165590 3
1356165602 2
1356165606 3
1356165612 2
1356165615 216
1356165618 3
1356165624 2
1356165627 247
1356165628 216
1356165634 3
1356165646 2
1356165651 216
1356165660 3
1356165735 2
1356165862 2
1356165874 2
1356165987 2
1356166008 2
1356166160 2
1356166187 2
1356166199 2
1356166224 2
1356166239 2
1356166382 2
1356166424 2
1356166449 2
1356166460 3
1356166500 2
1356166503 3
1356166823 2
1356166851 209
1356166852 210
1356166855 263
1356166858 3
1356169147 2
1356169151 3
1356169157 2
1356169285 3
1356169877 2
1356169881 3
1356178699 2
1356178709 3
1356178777 2
1356178793 3
1356178843 2
1356178856 3
1356178908 2
1356178928 3
1356179756 2
1356179758 3
1356179897 2
1356179900 3
1356180085 2
1356180090 3
1356180333 2
1356180335 233
1356180344 232
1356180346 232
1356180348 232
1356180353 3
1356180655 2
1356180729 3
1356180752 2
1356180757 232
1356180760 3
1356180958 2
1356180967 3
1356181069 2
1356181073 3
1356181504 2
1356181506 233
1356181513 2
1356181515 233
1356181563 2
1356181566 233
1356181574 3
1356181735 2
1356181738 233
1356181780 2
1356181782 233
1356182135 2
1356182140 233
1356182147 3
1356182216 2
1356182221 233
1356182226 3
1356182395 2
1356182397 233
1356182401 3
1356182561 2
1356182565 3
1356182675 2
1356182701 233
1356182711 3
1356182891 2
1356182905 3
1356183213 2
1356183234 233
1356183237 3
1356183282 2
1356183285 233
1356183292 3
1356183380 2
1356183386 233
1356183391 3
1356183550 2
1356183555 233
1356183558 3
1356183806 2
1356183813 3
1356184375 2
1356184412 209
1356184413 210
1356184415 3
1356184428 2
1356184435 233
1356184445 2
1356184449 233
1356184487 2
1356184490 233
1356184501 3
1356184625 2
1356184661 233
1356184668 3
1356184824 2
1356184826 233
1356184830 3
1356185256 2
1356185271 233
1356185275 3
1356185307 2
1356185311 233
1356185318 3
1356185875 2
1356185878 217
1356185880 201
1356185884 202
1356185886 278
1356185892 278
1356185896 278
1356185901 278
1356185910 233
1356185919 2
1356185922 233
1356186085 2
1356186087 233
1356186097 2
1356186100 233
1356186114 2
1356186117 233
1356186161 2
1356186167 278
1356186169 247
1356186176 233
1356186184 3
1356314826 2
1356314830 3
1356334013 2
1356334017 233
1356334024 3
1356334388 2
1356334390 233
1356334396 3
1356334570 2
1356334576 233
1356334580 3
1356335238 2
1356335243 233
1356335256 3
1356335259 2
1356335261 233
1356335407 3
1356335414 2
1356335418 233
1356335426 2
1356335445 233
1356335485 2
1356335487 233
1356335495 3
1356335984 2
1356335995 233
1356336036 3
1356336444 2
1356336446 233
1356336460 3
1356336535 2
1356336666 201
1356336670 3
1356336781 2
1356336785 233
1356336788 3
1356336834 2
1356336896 233
1356336900 3
1356337076 2
1356337079 233
1356337089 233
1356337092 3
1356337145 2
1356337148 3
1356337292 2
1356337298 233
1356337300 3
1356337384 2
1356337386 233
1356337398 3
1356337403 2
1356337407 233
1356337410 233
1356337412 3
1356337414 2
1356337416 231
1356337417 233
1356337420 233
1356337422 3
1356337425 2
1356337427 233
1356337429 233
1356337432 3
1356337434 2
1356337436 233
1356337439 233
1356337441 3
1356337444 2
1356337446 233
1356337449 3
1356337451 2
1356337454 233
1356337460 233
1356337463 233
1356337466 3
1356337469 2
1356337471 233
1356337476 3
1356337478 2
1356337480 233
1356337484 233
1356337489 233
1356337495 3
1356337500 2
1356337504 233
1356337507 233
1356337517 233
1356337577 233
1356337581 277
1356337584 233
1356337587 277
1356337590 233
1356337595 3
1356337597 2
1356337602 233
1356337606 3
1356337609 2
1356337611 233
1356337621 233
1356337625 3
1356337630 2
1356337631 233
1356337635 233
1356337638 3
1356337641 2
1356337646 233
1356337651 3
1356337654 2
1356337656 233
1356337660 3
1356337663 2
1356337665 233
1356337669 3
1356337671 2
1356337673 233
1356337676 3
1356337680 2
1356337687 233
1356337691 3
1356337693 2
1356337697 233
1356337701 3
1356337703 2
1356337706 233
1356337710 3
1356337713 2
1356337716 233
1356337720 3
1356337722 2
1356337724 233
1356337730 3
1356337732 2
1356337734 233
1356337736 3
1356337779 2
1356337781 233
1356337785 202
1356337789 3
1356339721 2
1356339730 3
1356340487 2
1356340503 3
1356341017 2
1356341024 235
1356341031 235
1356341036 235
1356341037 235
1356341041 3
1356341190 2
1356341193 3
1356341829 2
1356341833 247
1356341838 247
1356341841 247
1356341843 3
1356341846 2
1356341848 247
1356341851 3
1356342891 2
1356342893 3
1356343192 2
1356343201 239
1356343205 3
1356346483 2
1356346492 251
1356346497 3
1356346906 2
1356346910 3
1356347297 2
1356347310 3
1356347429 2
1356347434 3
1356347873 2
1356347877 3
1356348424 2
1356348427 3
1356348662 2
1356348665 3
1356349063 2
1356349088 235
1356349090 207
1356349095 232
1356349096 232
1356349098 3
1356350654 2
1356350677 3
1356350849 2
1356350852 3
1356350988 2
1356350992 3
1356351082 2
1356351085 3
1356351241 2
1356351260 3
1356351309 2
1356351311 3
1356351342 2
1356351344 3
1356351518 2
1356351528 233
1356351533 3
1356351552 2
1356351581 3
1356351826 2
1356351843 3
1356351877 2
1356351902 233
1356351933 3
1356351955 2
1356351961 236
1356351980 204
1356351984 201
1356351988 278
1356351994 201
1356352005 202
1356352008 278
1356352012 201
1356352022 213
1356352026 213
1356352036 213
1356352047 3
1356398374 2
1356398376 3
1356398600 2
1356398629 3
1356398829 2
1356398894 3
1356399223 2
1356399226 3
1356399588 2
1356399594 3
1356399699 2
1356399718 278
1356399723 3
1356399829 2
1356399833 220
1356399839 3
1356399861 2
1356399865 220
1356399876 3
1356399925 2
1356399928 278
1356399933 3
1356400008 2
1356400010 220
1356400018 2
1356400020 3
1356400027 2
1356400031 220
1356400075 2
1356400077 278
1356400084 202
1356400086 220
1356400092 220
1356400102 3
1356401300 2
1356401311 3
1356401389 2
1356401396 3
1356402040 2
1356402046 3
1356402052 2
1356402056 3
1356402237 2
1356402250 3
1356421432 2
1356421438 209
1356421441 201
1356421460 3
1356421732 2
1356421736 3
1356422067 2
1356422136 3
1356422179 2
1356422200 3
1356422220 2
1356422240 3
1356422255 2
1356422258 220
1356422263 220
1356422267 3
1356423026 2
1356423036 3
1356423313 2
1356423335 3
1356423484 2
1356423560 3
1356423671 2
1356423685 3
1356423724 2
1356423734 235
1356423736 207
1356423740 207
1356423745 3
1356427425 2
1356427427 204
1356427430 3
1356438669 2
1356438671 204
1356438674 3
1356438690 2
1356438693 233
1356438698 204
1356438700 204
1356438704 217
1356438706 217
1356438708 233
1356438712 217
1356438714 3
1356488009 2
1356488020 3
1356489486 2
1356489508 204
1356489520 3
1356489617 2
1356489619 3
1356489644 2
1356489655 1024
1356489657 327
1356489661 3
1356490019 2
1356490033 1024
1356490037 327
1356490369 2
1356490372 3
1356491458 2
1356491460 3
1356491466 2
1356491468 3
1356491683 2
1356491705 3
1356491717 2
1356491723 3
1356491886 2
1356491890 3
1356492001 2
1356492003 3
1356492875 2
1356492975 3
1356493896 2
1356493900 203
1356493901 204
1356493903 3
1356495331 2
1356495350 3
1356495493 2
1356495498 204
1356495502 3
1356495529 2
1356495534 204
1356495547 3
1356495574 2
1356495576 204
1356495585 3
1356499221 2
1356499226 204
1356499230 3
1356499311 2
1356499313 204
1356499317 3
1356499340 2
1356499359 204
1356499362 3
1356499378 2
1356499402 204
1356499407 3
1356499425 2
1356499435 204
1356499439 3
1356499451 2
1356499454 204
1356499458 3
1356499796 2
1356499800 204
1356499806 3
1356499827 2
1356499829 204
1356499846 204
1356499852 3
1356500119 2
1356500126 204
1356500133 3
1356500206 2
1356500212 217
1356500255 3
1356501787 2
1356501791 204
1356501802 3
1356501842 2
1356501845 204
1356501858 3
1356501876 2
1356501877 204
1356501887 3
1356501927 2
1356501930 204
1356501952 3
1356502169 2
1356502176 204
1356502184 3
1356502207 2
1356502211 217
1356502218 3
1356502484 2
1356502487 204
1356502497 3
1356503072 2
1356503077 204
1356503087 3
1356503112 2
1356503114 217
1356503124 3
1356503142 2
1356503144 204
1356503153 3
1356503185 2
1356503187 204
1356503192 3
1356503421 2
1356503423 204
1356503426 233
1356503431 204
1356503439 3
1356503721 2
1356503731 204
1356503740 3
1356503761 2
1356503765 217
1356503770 3
1356503938 2
1356503940 204
1356503945 3
1356503962 2
1356503970 204
1356503975 3
1356504001 2
1356504005 217
1356504013 213
1356504015 3
1356504532 2
1356504537 217
1356504546 3
1356504582 2
1356504589 217
1356504595 3
1356504632 2
1356504642 217
1356504655 3
1356505769 2
1356505773 204
1356505831 2
1356505876 204
1356505909 3
1356506124 2
1356506127 217
1356506133 3
1356506247 2
1356506250 204
1356506261 3
1356506281 2
1356506283 204
1356506292 3
1356506320 2
1356506325 217
1356506334 3
1356506981 2
1356506986 217
1356506994 217
1356506999 3
1356507623 2
1356507627 233
1356507631 233
1356507633 3
1356507636 2
1356507638 233
1356507641 3
1356507644 2
1356507672 233
1356507676 3
1356507678 2
1356507681 233
1356507688 3
1356507888 2
1356507891 204
1356507896 233
1356507901 204
1356507907 233
1356507913 204
1356507915 233
1356507921 204
1356507931 3
1356508252 2
1356508286 217
1356508290 3
1356508405 2
1356508430 204
1356508435 3
1356509111 2
1356509122 217
1356509123 217
1356509124 217
1356509124 217
1356509124 217
1356509126 204
1356509126 204
1356509127 204
1356509127 204
1356509127 204
1356509267 204
1356509277 3
1356509284 2
1356509289 204
1356509299 3
1356509688 2
1356509690 204
1356509697 3
1356509746 2
1356509750 204
1356509766 3
1356510325 2
1356510341 2
1356510345 204
1356510346 204
1356510401 2
1356510406 204
1356510427 3
1356510919 2
1356512017 217
1356512021 3
1356512340 2
1356512343 217
1356512360 3
1356512529 2
1356512533 217
1356512543 3
1356513181 2
1356513185 217
1356513199 3
1356513495 2
1356513498 217
1356513512 3
1356513647 2
1356513652 217
1356513660 3
1356517568 2
1356517573 205
1356517578 220
1356517581 247
1356517582 216
1356517585 3
1356517614 2
1356517621 3
1356517650 2
1356517673 247
1356517688 217
1356517746 3
1356517863 2
1356517879 3
1356518195 2
1356518204 3
1356518393 2
1356518396 205
1356518398 205
1356518399 203
1356518402 217
1356518405 220
1356518407 277
1356518409 277
1356518411 284
1356518412 247
1356518421 3
1356519465 2
1356519474 3
1356519477 2
1356519485 3
1356519488 2
1356519493 3
1356519496 2
1356519503 3
1356519506 2
1356519511 3
1356519514 2
1356519519 3
1356519522 2
1356519530 3
1356519533 2
1356519537 3
1356520066 2
1356520072 230
1356520098 3
1356520102 2
1356520105 3
1356520158 2
1356520163 230
1356520171 3
1356520175 2
1356520179 230
1356520196 3
1356520240 2
1356520246 230
1356520258 230
1356520264 230
1356520268 3
1356520342 2
1356520344 3
1356520381 2
1356520405 3
1356520757 2
1356520765 3
1356520985 2
1356521005 2
1356521015 2
1356521283 2
1356521297 2
1356521321 2
1356521331 2
1356521355 2
1356521364 3
1356521640 2
1356521655 2
1356521706 2
1356521721 2
1356521724 3
1356521731 2
1356521740 3
1356521945 2
1356521988 3
1356522215 2
1356522222 3
1356522233 2
1356522242 3
1356522553 2
1356522557 3
1356522569 2
1356523816 3
1356524061 2
1356524102 203
1356524103 205
1356524144 3
1356524284 2
1356524288 204
1356524291 203
1356524293 205
1356524295 205
1356524297 205
1356524304 251
1356524306 231
1356524307 233
1356524308 232
1356524310 232
1356524321 3
1356524363 2
1356524370 233
1356524383 3
1356572314 2
1356572316 3
1356572889 2
1356572908 3
1356572946 2
1356572986 217
1356572993 3
1356573091 2
1356573094 3
1356573310 2
1356573319 3
1356574734 2
1356574757 3
1356575177 2
1356575184 233
1356575193 3
1356575436 2
1356575439 204
1356575442 217
1356575444 247
1356575451 3
1356575610 2
1356575623 3
1356575725 2
1356575728 3
1356575754 2
1356575760 3
1356575894 2
1356575896 3
1356575981 2
1356576063 3
1356576090 2
1356576093 3
1356576603 2
1356576662 3
1356576669 2
1356576679 3
1356576790 2
1356576801 3
1356576833 2
1356576842 3
1356576855 2
1356576857 3
1356576866 2
1356576868 230
1356576876 3
1356577028 2
1356577030 3
1356577138 2
1356577151 3
1356577206 2
1356577208 3
1356577288 2
1356577291 3
1356577313 2
1356577322 3
1356577500 2
1356577505 3
1356577620 2
1356577629 3
1356577832 2
1356577877 220
1356577879 277
1356577883 204
1356577885 3
1356577892 2
1356577911 3
1356578014 2
1356578098 3
1356578411 2
1356578437 3
1356578482 2
1356578495 3
1356578555 2
1356578558 233
1356578572 3
1356578730 2
1356578738 3
1356578766 2
1356579386 3
1356579665 2
1356579671 3
1356579915 2
1356579928 3
1356579936 2
1356579939 3
1356579982 2
1356579992 2
1356580010 2
1356580016 3
1356580132 2
1356580140 3
1356580204 2
1356580219 3
1356580357 2
1356580367 3
1356580379 2
1356580389 3
1356580497 2
1356580501 233
1356580512 3
1356580586 2
1356580594 3
1356580638 2
1356580649 3
1356581780 2
1356581788 3
1356581814 2
1356581822 3
1356581939 2
1356581963 3
1356581998 2
1356582003 3
1356586060 2
1356586091 3
1356586256 2
1356586266 3
1356586497 2
1356586499 3
1356586561 2
1356586583 3
1356586585 2
1356586587 233
1356586594 3
1356586600 2
1356586625 3
1356586835 2
1356586854 3
1356587268 2
1356587329 3
1356587686 2
1356587701 3
1356587738 2
1356587740 3
1356587939 2
1356587978 3
1356587991 2
1356588030 3
1356588035 2
1356588039 233
1356588046 3
1356588209 2
1356588259 3
1356588276 2
1356588281 3
1356588841 2
1356588849 3
1356588966 2
1356589021 3
1356589091 2
1356589122 233
1356589135 3
1356589620 2
1356589622 3
1356589647 2
1356589653 236
1356589708 3
1356589907 2
1356589931 202
1356589961 3
1356589981 2
1356590058 3
1356590070 2
1356590075 236
1356590114 3
1356590116 2
1356590125 278
1356590214 3
1356590218 2
1356590223 3
1356590320 2
1356590330 3
1356590332 2
1356590341 236
1356590396 3
1356590423 2
1356590448 3
1356590482 2
1356590509 3
1356590591 2
1356590872 3
1356591423 2
1356591429 3
1356597039 2
1356597243 233
1356597247 3
1356597868 2
1356597922 3
1356598330 2
1356598336 233
1356598339 233
1356598341 3
1356598369 2
1356598391 233
1356598394 3
1356598397 2
1356598400 233
1356598402 3
1356598502 2
1356598506 3
1356598603 2
1356598606 3
1356598699 2
1356598703 3
1356598768 2
1356598781 3
1356598784 2
1356598787 233
1356598791 3
1356598802 2
1356598806 3
1356598885 2
1356598907 3
1356599020 2
1356599104 3
1356599154 2
1356599158 3
1356599204 2
1356599218 3
1356600937 2
1356600964 3
1356601079 2
1356601084 3
1356601227 2
1356601239 3
1356601252 2
1356601255 3
1356601384 2
1356601391 3
1356601404 2
1356601417 3
1356601428 2
1356601432 3
1356601527 2
1356601532 233
1356601534 3
1356601583 2
1356601587 233
1356601595 3
1356601695 2
1356601700 3
1356601803 2
1356601812 3
1356601827 2
1356601842 233
1356601850 233
1356601862 3
1356601921 2
1356601924 233
1356601963 3
1356602013 2
1356602020 3
1356602029 2
1356602037 3
1356602049 2
1356602056 3
1356602110 2
1356602220 3
1356602692 2
1356602705 2
1356602738 2
1356602799 2
1356602814 2
1356602948 2
1356602994 2
1356603004 2
1356603126 2
1356603140 3
1356603233 2
1356603242 3
1356603416 2
1356603420 204
1356603428 203
1356603430 203
1356603432 205
1356603443 205
1356603446 217
1356603450 217
1356603453 235
1356603455 207
1356603456 207
1356603459 204
1356603461 204
1356603463 3
1356603656 2
1356603660 3
1356603800 2
1356603855 2
1356603862 204
1356603868 217
1356603887 3
1356603983 2
1356603990 3
1356604044 2
1356604049 217
1356604051 3
1356606816 2
1356606828 233
1356606829 232
1356606830 232
1356606836 207
1356606840 3
1356606847 2
1356606853 3
1356607205 2
1356607209 217
1356607212 3
1356607240 2
1356607243 204
1356607246 217
1356607249 3
1356607402 2
1356607433 3
1356607569 2
1356607595 3
1356607835 2
1356655981 3
1356657272 2
1356657410 3
1356657544 2
1356657553 3
1356658429 2
1356658448 217
1356658493 236
1356658497 231
1356658498 251
1356658510 3
1356658534 2
1356658580 3
1356658591 2
1356658603 3
1356658922 2
1356658936 3
1356660236 2
1356660249 277
1356660275 3
1356661638 2
1356661649 3
1356661903 2
1356661936 3
1356661987 2
1356661991 220
1356661995 3
1356662011 2
1356662029 3
1356662032 2
1356662038 3
1356662041 2
1356662049 3
1356662052 2
1356662058 3
1356662060 2
1356662067 3
1356662624 2
1356662629 3
1356663032 2
1356663071 3
1356663085 2
1356663096 3
1356663266 2
1356663288 3
1356663335 2
1356663364 3
1356663657 2
1356663688 3
1356663826 2
1356663848 3
1356663874 2
1356663901 3
1356663971 2
1356663987 3
1356667162 2
1356667202 3
1356667573 2
1356667581 204
1356667592 3
1356667714 2
1356667718 220
1356667733 3
1356667903 2
1356667949 2
1356667958 3
1356667971 2
1356667974 3
1356668226 2
1356668232 3
1356672323 2
1356672330 3
1356673136 2
1356673140 3
1356673417 2
1356673419 3
1356678393 2
1356678443 3
1356678458 2
1356678482 3
1356678539 2
1356678576 3
1356678597 2
1356678632 3
1356678659 2
1356678667 3
1356678680 2
1356678883 2
1356678922 3
1356678927 2
1356678957 3
1356678999 2
1356679087 3
1356679343 2
1356679346 3
1356681169 2
1356681215 3
1356681623 2
1356681628 3
1356682018 2
1356682327 3
1356682399 2
1356682420 204
1356682424 3
1356682475 2
1356682480 3
1356682568 2
1356682577 3
1356682647 2
1356682654 3
1356682712 2
1356682720 239
1356682729 239
1356682741 3
1356682752 2
1356682757 3
1356682764 2
1356682775 220
1356682783 3
1356682820 2
1356682822 220
1356682827 233
1356682832 278
1356682840 3
1356682986 2
1356682997 3
1356683065 2
1356683139 3
1356683149 2
1356683161 3
1356683241 2
1356683262 3
1356683268 2
1356683274 239
1356683310 3
1356683377 2
1356683386 239
1356683399 233
1356683408 220
1356683412 238
1356683420 3
1356686672 2
1356686748 3
1356686752 2
1356686754 202
1356686763 2
1356686764 201
1356686766 202
1356686772 2
1356686776 3
1356686781 2
1356686787 201
1356686789 202
1356687167 2
1356687169 201
1356687171 202
1356687180 2
1356687183 201
1356687185 202
1356687255 2
1356687258 201
1356687260 202
1356687267 217
1356687274 201
1356687277 278
1356687290 3
1356687318 2
1356687320 201
1356687329 3
1356687401 2
1356687412 278
1356687422 204
1356687432 202
1356687445 201
1356687485 201
1356687542 247
1356687545 201
1356687568 201
1356687571 220
1356687575 201
1356687657 214
1356687658 215
1356687685 3
1356687748 2
1356687765 205
1356687784 217
1356687788 284
1356687789 216
1356687791 247
1356687792 215
1356687794 215
1356687796 213
1356687804 3
1356687822 2
1356687879 3
1356687968 2
1356687972 216
1356687974 220
1356687976 213
1356687988 201
1356687993 216
1356687995 247
1356687996 215
1356687998 214
1356688001 233
1356688003 231
1356688004 251
1356688006 239
1356688013 3
1356688458 2
1356688466 3
1356688880 2
1356692559 220
1356692567 3
1356693079 2
1356693091 3
1356693273 2
1356693280 3
1356693339 2
1356693345 220
1356693359 3
1356693413 2
1356693427 3
1356693677 2
1356693685 201
1356693692 277
1356693693 217
1356693695 284
1356693719 2
1356693812 2
1356693832 3
1356693892 2
1356693912 3
1356693986 2
1356694080 2
