1375363068 2
1375363112 303
1375363117 3
1375363960 2
1375363974 246
1375363986 246
1375364044 242
1375364122 3
1375364421 2
1375364430 3
1375365287 2
1375365298 303
1375365307 3
1375365323 2
1375365391 2
1375365396 3
1375365398 2
1375365401 303
1375365409 3
1375365432 2
1375365436 3
1375365439 2
1375365441 3
1375365458 2
1375365482 3
1375365486 2
1375365490 3
1375365531 2
1375365535 242
1375365542 240
1375365546 241
1375365548 244
1375365550 255
1375365554 3
1375365557 2
1375365561 303
1375365566 303
1375365580 246
1375365586 246
1375365591 201
1375365601 303
1375365620 3
1375365745 2
1375365788 3
1375365824 2
1375365866 202
1375365873 246
1375365892 201
1375365896 202
1375365902 246
1375365924 201
1375365999 3
1375366019 2
1375366023 3
1375366151 2
1375366181 246
1375366190 202
1375366193 224
1375366219 201
1375366231 3
1375366299 2
1375366325 303
1375366350 3
1375366444 2
1375366495 202
1375366498 304
1375366500 224
1375366503 304
1375366508 201
1375366513 220
1375366517 244
1375366537 250
1375366568 1025
1375366569 435
1375366570 436
1375366573 206
1375366587 202
1375366591 303
1375366599 3
1375367212 2
1375367221 224
1375367223 220
1375367234 255
1375367242 3
1375367277 2
1375367429 241
1375367432 242
1375367437 3
1375367547 2
1375367556 240
1375367562 3
1375368339 2
1375368381 240
1375368392 3
1375368452 2
1375368471 240
1375368486 3
1375368496 2
1375368500 240
1375368517 3
1375368713 2
1375368733 240
1375368749 3
1375368919 2
1375368921 240
1375368945 3
1375369047 2
1375369049 240
1375369064 240
1375369070 3
1375369245 2
1375369251 240
1375369272 3
1375369442 2
1375369444 240
1375369462 240
1375369466 3
1375369786 2
1375369792 240
1375369799 3
1375369809 2
1375369811 240
1375369815 3
1375369854 2
1375369857 240
1375369881 2
1375369897 240
1375369936 2
1375369942 240
1375369946 3
1375369959 2
1375369963 240
1375369966 3
1375369984 2
1375369988 240
1375369995 3
1375370052 2
1375370054 240
1375370064 241
1375370072 3
1375370087 2
1375370099 3
1375370121 2
1375370131 3
1375370149 2
1375370175 204
1375370179 201
1375370186 3
1375370829 2
1375370867 250
1375370877 201
1375370880 246
1375370888 246
1375370894 246
1375370912 304
1375370915 201
1375370929 200
1375371066 1025
1375371068 435
1375371068 436
1375371089 3
1375371240 2
1375371246 220
1375371260 3
1375417867 2
1375417882 303
1375417899 3
1375417902 2
1375417910 303
1375417920 3
1375417924 2
1375417985 3
1375418068 2
1375418113 3
1375418324 2
1375418399 3
1375418412 2
1375418429 3
1375418943 2
1375419014 3
1375419049 2
1375419204 3
1375419307 2
1375419349 3
1375419428 2
1375419449 3
1375419455 2
1375419477 3
1375419697 2
1375419709 3
1375424312 2
1375424353 202
1375424518 2
1375424587 240
1375424611 251
1375424621 246
1375424636 301
1375424700 3
1375424712 2
1375424717 3
1375424789 2
1375425028 3
1375425781 2
1375425811 3
1375425822 2
1375426066 2
1375426177 2
1375426206 3
1375426589 2
1375427445 2
1375427458 3
1375427625 2
1375428122 2
1375428131 3
1375428137 2
1375428159 3
1375428179 2
1375428252 2
1375429113 2
1375429475 3
1375429480 2
1375429604 3
1375429739 2
1375429762 3
1375429902 2
1375429905 224
1375429922 3
1375429946 2
1375430093 2
1375430113 3
1375430115 2
1375430213 3
1375430278 2
1375430355 3
1375430595 2
1375430607 3
1375430658 2
1375430761 2
1375431022 2
1375431067 2
1375431089 3
1375431136 2
1375431146 3
1375431151 2
1375431183 3
1375431236 2
1375431425 3
1375431485 2
1375431529 3
1375431630 2
1375431711 3
1375432497 2
1375432561 3
1375433448 2
1375433475 220
1375433476 224
1375433478 221
1375433481 224
1375433496 224
1375433498 220
1375433522 306
1375433525 240
1375433549 303
1375433564 224
1375433569 201
1375433572 220
1375433575 244
1375433580 201
1375433612 3
1375433674 2
1375434011 255
1375434034 3
1375434107 2
1375434110 3
1375434789 2
1375434828 305
1375434885 3
1375434982 2
1375434998 254
1375435000 254
1375435026 3
1375435367 2
1375435374 204
1375435376 203
1375435377 205
1375435391 3
1375435397 2
1375435409 255
1375435413 254
1375435415 256
1375435431 3
1375435676 2
1375435696 220
1375435719 3
1375435757 2
1375435788 3
1375436020 2
1375436103 3
1375436632 2
1375436760 3
1375437116 2
1375437122 3
1375437124 2
1375437586 303
1375437611 3
1375437746 2
1375437846 3
1375437874 2
1375437895 3
1375438935 2
1375439020 3
1375439029 2
1375439039 3
1375439062 2
1375439084 3
1375440099 2
1375440190 3
1375440251 2
1375440343 3
1375440347 2
1375440706 3
1375440744 2
1375440754 3
1375440760 2
1375440798 3
1375440809 2
1375440818 3
1375440844 2
1375440846 3
1375440850 2
1375440861 3
1375440936 2
1375440951 3
1375441015 2
1375441024 3
1375441085 2
1375441089 3
1375441101 2
1375441104 303
1375441108 3
1375441114 2
1375441117 3
1375441197 2
1375441199 3
1375441216 2
1375441225 3
1375441286 2
1375441297 3
1375441318 2
1375441331 303
1375441349 3
1375441356 2
1375441360 3
1375441408 2
1375441438 3
1375441499 2
1375441512 3
1375441520 2
1375441525 246
1375441537 303
1375441542 3
1375441551 2
1375441556 3
1375441564 2
1375441567 3
1375441570 2
1375441576 246
1375441585 202
1375441591 224
1375441596 201
1375441600 3
1375441617 2
1375441620 202
1375441625 246
1375441659 3
1375441686 2
1375441690 303
1375441697 3
1375441711 2
1375441714 3
1375441996 2
1375441999 3
1375442098 2
1375442102 3
1375442448 2
1375442451 3
1375442486 2
1375442517 3
1375442614 2
1375442623 3
1375442704 2
1375442716 3
1375442731 2
1375442738 3
1375442745 2
1375442752 3
1375442780 2
1375442788 3
1375442805 2
1375442814 3
1375442880 2
1375442896 3
1375442904 2
1375442911 3
1375443654 2
1375443676 3
1375443699 2
1375667786 2
1375667836 3
1375667839 2
1375667849 3
1375667919 2
1375667927 254
1375667944 3
1375667985 2
1375667988 224
1375667998 3
1375668024 2
1375668048 3
1375668175 2
1375668190 3
1375668200 2
1375668214 3
1375668249 2
1375668257 3
1375668352 2
1375668360 3
1375668406 2
1375668409 3
1375668789 2
1375668802 3
1375669358 2
1375669360 3
1375669451 2
1375669637 2
1375669639 3
1375669661 2
1375669663 3
1375669701 2
1375669704 303
1375669710 3
1375669752 2
1375669758 3
1375669854 2
1375669857 3
1375673030 2
1375673033 3
1375673136 2
1375673138 3
1375673230 2
1375673232 3
1375673320 2
1375673341 3
1375673352 2
1375673356 3
1375673498 2
1375673563 2
1375673573 3
1375673577 2
1375673580 3
1375673612 2
1375673634 3
1375673638 2
1375673679 3
1375673684 2
1375673711 3
1375673715 2
1375673729 3
1375673744 2
1375673765 3
1375673843 2
1375674850 2
1375675157 3
1375675162 2
1375675178 3
1375675226 2
1375675263 3
1375675307 2
1375675625 2
1375675630 3
1375675673 2
1375675676 3
1375675709 2
1375675717 3
1375675823 2
1375675831 3
1375675869 2
1375675957 3
1375676066 2
1375676070 3
1375676334 2
1375676341 3
1375676378 2
1375676389 3
1375676452 2
1375676460 3
1375676685 2
1375676693 3
1375676793 2
1375676809 3
1375676889 2
1375676905 3
1375676985 2
1375676992 3
1375677054 2
1375677065 3
1375677069 3
1375677087 3
1375677154 2
1375677160 3
1375680221 2
1375680456 2
1375680526 2
1375680544 3
1375680605 2
1375680610 3
1375681053 2
1375681064 3
1375681265 2
1375681279 3
1375681298 2
1375681306 3
1375681371 2
1375681447 3
1375681478 2
1375681519 3
1375682269 2
1375683142 2
1375683158 3
1375683165 2
1375683179 3
1375683203 2
1375683275 3
1375683386 2
1375683395 3
1375683409 2
1375683426 3
1375683583 2
1375683617 3
1375684377 2
1375684380 3
1375685240 2
1375685352 3
1375685421 2
1375685708 2
1375685816 3
1375685845 2
1375686031 3
1375686040 2
1375686059 3
1375686091 2
1375686246 2
1375686263 3
1375686274 2
1375686302 2
1375686381 2
1375686443 2
1375686457 3
1375686522 2
1375686534 3
1375686558 2
1375686589 3
1375686593 2
1375686687 2
1375686711 3
1375686769 2
1375686822 3
1375686953 2
1375686970 3
1375687017 2
1375687091 3
1375687330 2
1375687333 3
1375687354 2
1375687452 2
1375687466 3
1375687649 2
1375687663 3
1375687682 2
1375687720 3
1375687993 2
1375688016 3
1375688035 2
1375688049 3
1375688056 2
1375688063 3
1375688072 2
1375688091 3
1375688107 2
1375688116 3
1375688130 2
1375688138 3
1375688155 2
1375688166 3
1375688458 2
1375688471 3
1375689062 2
1375689090 2
1375689093 3
1375689122 2
1375689129 3
1375689317 2
1375689325 3
1375689346 2
1375689364 3
1375689378 2
1375689381 3
1375689457 2
1375689461 3
1375689605 2
1375689629 3
1375689660 2
1375689667 3
1375689768 2
1375689774 3
1375689830 2
1375689849 3
1375689859 2
1375689869 3
1375689877 2
1375689888 3
1375689967 2
1375689977 3
1375690015 2
1375690057 2
1375690234 2
1375690241 3
1375690251 2
1375690257 3
1375690264 2
1375690281 3
1375690659 2
1375690673 3
1375690768 2
1375690781 3
1375690855 2
1375690875 3
1375691128 2
1375691135 3
1375691149 2
1375691159 3
1375691492 2
1375691499 3
1375691506 2
1375691515 3
1375691596 2
1375691605 3
1375691612 2
1375691626 3
1375691700 2
1375691736 3
1375691742 2
1375691788 3
1375691804 2
1375691903 3
1375691910 2
1375691935 3
1375691945 2
1375691957 3
1375691971 2
1375692204 3
1375692229 2
1375692234 3
1375692321 2
1375692345 3
1375692352 2
1375692377 3
1375692386 2
1375692399 3
1375692409 2
1375692416 3
1375692459 2
1375692528 3
1375692708 2
1375692728 3
1375692739 2
1375692886 2
1375692903 3
1375692920 2
1375692922 3
1375693005 2
1375693020 3
1375693047 2
1375693057 3
1375693069 2
1375693079 3
1375693207 2
1375693579 2
1375693594 3
1375693658 2
1375693668 3
1375693765 2
1375693868 3
1375693917 2
1375693994 3
1375694065 2
1375694127 3
1375694227 2
1375694247 3
1375694313 2
1375694363 3
1375694386 2
1375694489 3
1375694585 2
1375694654 2
1375694823 2
1375694897 2
1375694915 3
1375694956 2
1375695098 2
1375695138 3
1375695162 2
1375695183 3
1375695412 2
1375695491 2
1375695607 3
1375695824 2
1375695871 3
1375695879 2
1375696043 2
1375696159 2
1375696198 3
1375696256 2
1375696280 3
1375696289 2
1375696298 3
1375696328 2
1375696338 3
1375696378 2
1375696440 3
1375696625 2
1375696984 2
1375697018 3
1375697024 2
1375697049 3
1375697242 2
1375697263 3
1375697299 2
1375697354 3
1375697619 2
1375697661 3
1375697668 2
1375697719 3
1375697739 2
1375697753 3
1375698093 2
1375698173 3
1375700670 2
1375700787 2
1375700899 2
1375701050 2
1375701165 3
1375701249 2
1375701349 2
1375701460 2
1375701472 3
1375701479 2
1375701800 2
1375701847 2
1375702130 2
1375702191 3
1375702199 2
1375702223 3
1375702275 2
1375702286 3
1375702899 2
1375702973 2
1375703043 2
1375703081 2
1375703212 2
1375703232 3
1375703386 2
1375703398 3
1375703408 2
1375703417 3
1375703443 2
1375703451 3
1375703654 2
1375703692 3
1375703705 2
1375703729 3
1375703746 2
1375703789 3
1375703851 2
1375703899 3
1375703937 2
1375704030 2
1375704043 3
1375704108 2
1375704125 3
1375704151 2
1375704160 3
1375704426 2
1375704466 3
1375704494 2
1375704511 3
1375704522 2
1375704533 3
1375704552 2
1375704610 3
1375704632 2
1375704648 3
1375704689 2
1375704702 3
1375704708 2
1375704723 3
1375704748 2
1375704800 2
1375704833 3
1375704846 2
1375704857 3
1375704866 2
1375704873 3
1375704880 2
1375704891 3
1375704935 2
1375704946 3
1375705196 2
1375705790 2
1375705840 3
1375705936 2
1375706268 2
1375706284 3
1375706368 2
1375706500 3
1375750972 2
1375750975 3
1375754402 2
1375754487 2
1375754507 3
1375754555 2
1375754631 240
1375754644 3
1375754680 2
1375754725 3
1375754830 2
1375755499 3
1375755609 2
1375755622 3
1375755790 2
1375755798 3
1375755908 2
1375755921 3
1375755929 2
1375756041 3
1375757072 2
1375757083 3
1375757907 2
1375757913 3
1375757915 2
1375757925 3
1375759516 2
1375759671 3
1375759948 2
1375759960 3
1375760169 2
1375760256 3
1375760258 2
1375760326 3
1375760680 2
1375760790 224
1375760807 242
1375760809 240
1375760874 3
1375760943 2
1375767037 2
1375767124 3
1375767229 2
1375767367 255
1375767452 3
1375767683 2
1375767803 3
1375768094 2
1375768299 3
1375768353 2
1375768446 3
1375768544 2
1375768765 3
1375768802 2
1375768898 2
1375768949 3
1375768994 2
1375769317 3
1375769371 2
1375769432 3
1375769454 2
1375769509 3
1375769534 2
1375769538 3
1375770189 2
1375770816 3
1375771200 2
1375771217 255
1375771228 3
1375772298 2
1375772316 3
1375772327 2
1375772424 3
1375772866 2
1375772927 3
1375773037 2
1375773042 3
1375773046 2
1375773062 3
1375773779 2
1375773980 3
1375774163 2
1375774173 254
1375774185 255
1375774186 255
1375774190 303
1375774220 3
1375774533 2
1375774593 3
1375774596 2
1375774642 3
1375774646 2
1375774683 3
1375774830 2
1375774906 3
1375775070 2
1375775075 3
1375775640 2
1375775850 3
1375775880 2
1375775993 3
1375776298 2
1375776403 3
1375776409 2
1375776447 3
1375776457 2
1375776626 3
1375776664 2
1375776799 3
1375777619 2
1375777659 201
1375777688 307
1375777769 2
1375777806 202
1375777813 224
1375777821 201
1375777841 1025
1375777842 435
1375777843 436
1375777846 3
1375779145 2
1375779176 202
1375779182 224
1375780029 201
1375780032 605
1375780041 3
1375780171 2
1375780173 303
1375780178 3
1375780277 2
1375780288 202
1375780321 304
1375780325 224
1375780331 201
1375780371 1025
1375780372 436
1375780376 202
1375780380 3
1375780809 2
1375780812 3
1375780817 2
1375780827 224
1375780833 201
1375780841 3
1375782465 2
1375782485 3
1375782488 2
1375782491 3
1375784125 2
1375784131 246
1375784137 3
1375784460 2
1375784481 251
1375784486 251
1375784492 3
1375784497 2
1375784500 251
1375784508 3
1375784642 2
1375784645 251
1375784658 3
1375784916 2
1375784925 251
1375784935 3
1375784943 2
1375784946 3
1375785014 2
1375785016 251
1375785024 3
1375785070 2
1375785103 303
1375785175 3
1375785302 2
1375785306 240
1375785676 3
1375785693 2
1375785808 202
1375785876 3
1375785883 2
1375785939 3
1375785946 2
1375785949 201
1375785952 224
1375785958 201
1375785960 202
1375786017 3
1375786047 2
1375786054 307
1375786056 241
1375786072 246
1375786075 254
1375786149 3
1375786605 2
1375786640 201
1375786661 303
1375786670 515
1375786675 432
1375786677 515
1375786691 432
1375786693 303
1375786716 3
1375786814 2
1375786822 3
1375786933 2
1375786957 255
1375786964 255
1375786967 246
1375786974 202
1375786981 3
1375787086 2
1375787088 3
1375787148 2
1375787150 3
1375787183 2
1375787200 3
1375789743 2
1375790227 3
1375790232 2
1375790236 246
1375790250 3
1375790279 2
1375790299 3
1375790365 2
1375790398 3
1375790433 2
1375790442 3
1375790512 2
1375790534 3
1375790566 2
1375790577 3
1375793840 2
1375793853 251
1375793875 254
1375793901 3
1375793924 2
1375793942 3
1375794058 2
1375794070 3
1375794102 2
1375794117 3
1375794306 2
1375794400 3
1375794427 2
1375794436 240
1375794439 241
1375794440 242
1375794442 243
1375794444 250
1375794445 244
1375794451 201
1375794458 3
1375794609 2
1375794613 202
1375794617 224
1375794633 3
1375794680 2
1375794693 3
1375794912 2
1375794968 220
1375795045 3
1375859301 2
1375859334 3
1375859381 2
1375859387 3
1375861009 2
1375861017 3
1375861313 2
1375861321 3
1375861329 2
1375861338 3
1375861363 2
1375861399 2
1375861410 3
1375861449 2
1375861514 2
1375861531 2
1375861768 2
1375861803 3
1375861862 2
1375861876 3
1375861894 2
1375861903 3
1375862358 2
1375862380 3
1375863046 2
1375863048 303
1375863070 3
1375863548 2
1375864095 251
1375864098 246
1375864658 3
1375865011 2
1375865394 3
1375865401 2
1375865403 303
1375865407 303
1375865471 304
1375865475 303
1375865478 201
1375865489 1025
1375865490 436
1375865537 303
1375865547 1025
1375865549 436
1375865556 1025
1375865557 436
1375865570 1025
1375865575 435
1375865576 436
1375865579 202
1375865653 224
1375865661 246
1375865671 201
1375865687 1025
1375865688 436
1375865697 1025
1375865698 436
1375865712 1025
1375865713 436
1375865716 303
1375865729 1025
1375865733 436
1375865736 202
1375865744 201
1375865747 224
1375865753 201
1375865760 1025
1375865762 436
1375865770 1025
1375865771 436
1375865814 1025
1375865815 436
1375865821 303
1375865829 1025
1375865830 436
1375865892 3
1375866729 2
1375867290 3
1375867387 2
1375867412 3
1375867432 2
1375867474 3
1375867585 2
1375867594 3
1375867846 2
1375867852 3
1375870979 2
1375870984 3
1375870987 2
1375870991 3
1375870995 2
1375871004 3
1375871024 2
1375871031 3
1375871065 2
1375871076 3
1375871088 2
1375871116 255
1375871118 255
1375871123 246
1375871136 280
1375871141 3
1375871245 2
1375871290 3
1375871514 2
1375871537 3
1375872375 2
1375872387 3
1375872402 2
1375872466 2
1375872474 3
1375872635 2
1375872671 3
1375872677 2
1375872710 3
1375872718 2
1375872811 3
1375872818 2
1375872845 3
1375872852 2
1375872875 3
1375872892 2
1375872926 3
1375872931 2
1375873036 2
1375873041 3
1375873349 2
1375873369 3
1375873388 2
1375873472 3
1375873496 2
1375873589 2
1375873657 3
1375873703 2
1375873711 303
1375873717 3
1375873720 2
1375873733 2
1375873821 2
1375873833 3
1375873920 2
1375873923 303
1375873930 3
1375873932 2
1375873978 3
1375873983 2
1375874045 2
1375874128 2
1375874184 3
1375874190 2
1375879373 2
1375879377 3
1375879384 2
1375879708 2
1375879781 2
1375879851 2
1375879897 2
1375879922 3
1375883773 2
1375883775 3
1375883981 2
1375884641 2
1375884645 3
1375884807 2
1375884910 2
1375884938 3
1375885047 2
1375885104 3
1375926402 2
1375926437 2
1375926439 3
1375926446 2
1375926479 3
1375926490 2
1375926508 3
1375926591 2
1375927847 2
1375927860 3
1375927971 2
1375928324 2
1375928354 2
1375928452 3
1375928476 2
1375928639 3
1375929572 2
1375929843 2
1375929866 3
1375929987 2
1375931769 2
1375931772 3
1375932185 2
1375932250 3
1375932257 2
1375932264 3
1375932390 2
1375932404 3
1375932591 2
1375933559 3
1375933749 2
1375933916 3
1375933924 2
1375934173 2
1375934267 2
1375934363 3
1375934738 2
1375935228 3
1375935350 2
1375935354 3
1375935488 2
1375935559 3
1375935570 2
1375935603 3
1375935628 2
1375935673 2
1375939689 3
1375939697 2
1375940132 3
1375940237 2
1375940429 3
1375940439 2
1375940452 3
1375940460 2
1375940535 3
1375940541 2
1375940543 3
1375941926 2
1375941996 2
1375942002 3
1375942478 2
1375942513 3
1375942659 2
1375942737 3
1375942871 2
1375942929 3
1375943067 2
1375943070 202
1375943077 246
1375943119 3
1375943247 2
1375943275 3
1375944306 2
1375944372 3
1375944681 2
1375944766 3
1375945656 2
1375945663 3
1375945710 2
1375945748 3
1375946064 2
1375946081 246
1375946092 3
1375946119 2
1375946121 246
1375946138 201
1375946140 202
1375946144 224
1375946149 224
1375946153 3
1375946361 2
1375946364 246
1375946373 224
1375946380 224
1375946395 224
1375946400 3
1375946489 2
1375946491 246
1375946504 3
1375946532 2
1375946611 3
1375946616 2
1375946621 3
1375946730 2
1375946926 3
1375946930 2
1375947012 3
1375947020 2
1375947052 246
1375947064 246
1375947665 2
1375947679 3
1375947770 2
1375947782 3
1375947880 2
1375947890 3
1375947955 2
1375947957 303
1375947972 3
1375948068 2
1375948072 246
1375948078 3
1375948286 2
1375948289 246
1375948300 2
1375948317 254
1375948321 254
1375948328 303
1375948335 303
1375948339 254
1375948344 3
1375948347 2
1375948349 303
1375948354 3
1375948355 2
1375948359 254
1375948363 303
1375948366 3
1375948583 2
1375948585 254
1375948592 254
1375948599 303
1375948602 303
1375948625 2
1375948631 254
1375948654 246
1375948660 254
1375948666 3
1375949078 2
1375949082 246
1375949086 254
1375949096 2
1375949099 246
1375949101 246
1375949103 254
1375949108 254
1375949112 254
1375949116 254
1375949118 246
1375949120 254
1375949122 246
1375949127 3
1375949242 2
1375949244 3
1375949656 2
1375949670 2
1375949679 246
1375949682 246
1375949685 254
1375949687 246
1375949693 246
1375949695 254
1375949700 246
1375949706 246
1375949773 246
1375949789 246
1375949792 254
1375949794 246
1375949799 246
1375949811 246
1375949815 3
1375949869 2
1375949880 2
1375949886 3
1375949898 2
1375949911 246
1375949913 246
1375949923 246
1375949929 246
1375949933 3
1375950131 2
1375950133 246
1375950142 246
1375950148 254
1375950150 246
1375950165 246
1375950170 3
1375950172 2
1375950175 246
1375950182 3
1375950183 2
1375950185 246
1375950194 3
1375950201 2
1375950212 254
1375950215 246
1375950248 2
1375950253 246
1375950337 2
1375950360 2
1375950385 246
1375950393 246
1375950398 246
1375950403 3
1375950423 2
1375950426 246
1375950518 2
1375950538 246
1375950540 240
1375950559 246
1375950575 246
1375950587 3
1375950840 2
1375950848 246
1375950863 246
1375950869 224
1375950876 246
1375950913 2
1375950917 246
1375950941 2
1375950945 246
1375951101 2
1375951103 246
1375951106 246
1375951109 246
1375951115 3
1375951270 2
1375951276 246
1375951287 246
1375951302 246
1375951311 246
1375951320 3
1375951378 2
1375952419 3
1375952797 2
1375952921 2
1375953015 2
1375953838 2
1375953850 3
1375953882 2
1375953890 246
1375953944 3
1375953990 2
1375953996 246
1375954100 2
1375954103 246
1375954119 246
1375954144 246
1375954148 246
1375954221 2
1375954227 246
1375954251 3
1375954457 2
1375954459 246
1375954571 2
1375954574 246
1375956227 2
1375956251 246
1375956297 254
1375956299 246
1375956314 246
1375956342 3
1375956379 2
1375956384 3
1375956431 2
1375956435 3
1375956443 2
1375956456 3
1375956462 2
1375956477 246
1375956483 254
1375956492 246
1375956495 254
1375956504 246
1375956513 246
1375956517 254
1375956523 246
1375956543 246
1375956548 254
1375956566 246
1375956572 3
1375956591 2
1375956594 246
1375956605 3
1375956614 2
1375956619 246
1375956664 2
1375956667 246
1375956684 3
1375956694 2
1375956697 246
1375956737 2
1375956740 246
1375956765 254
1375956776 246
1375956779 254
1375956781 246
1375956794 246
1375956799 246
1375956803 251
1375956808 246
1375956812 254
1375956825 3
1375959242 2
1375959248 3
1375959310 2
1375959485 2
1375959548 2
1375959629 2
1375959635 3
1375959655 2
1375960038 2
1375960124 2
1375960213 2
1375960348 2
1375960418 2
1375960421 3
1375960620 2
1375960690 2
1375961259 246
1375961625 282
1375961692 283
1375962092 3
1375962166 2
1375962704 2
1375962729 2
1375962735 201
1375962786 254
1375962792 3
1375963288 2
1375963312 3
1375963710 2
1375963948 2
1375964044 2
1375964121 2
1375964207 2
1375964408 2
1375965682 2
1375965690 3
1375965717 2
1375965739 2
1375965888 254
1375965913 246
1375965927 202
1375965942 3
1375965977 2
1375966118 2
1375966151 3
1375966183 2
1375966232 2
1375966254 3
1375966266 2
1375966289 2
1375966300 2
1375966330 3
1375966409 2
1375966424 3
1375966526 2
1375966629 2
1375966640 3
1375966679 2
1375966721 2
1375966754 2
1375966781 2
1375966992 2
1375967045 2
1375967069 3
1375967076 2
1375967163 2
1375967175 251
1375967180 3
1375967186 2
1375967228 3
1375967232 2
1375967234 3
1375967272 2
1375967275 3
1375967310 2
1375967314 3
1375967321 2
1375967324 3
1375967331 2
1375967333 3
1375967375 2
1375967377 3
1375967406 2
1375967411 303
1375967414 3
1375967436 2
1375967438 3
1375967440 2
1375967442 3
1375967460 2
1375967463 3
1375967467 2
1375967469 3
1375967533 2
1375967535 3
1375967575 2
1375967578 3
1375967584 2
1375967586 3
1375967592 2
1375967595 3
1375967599 2
1375967601 3
1375967604 2
1375967606 3
1375967608 2
1375967610 3
1375967612 2
1375967614 3
1375967674 2
1375967677 3
1375967682 2
1375967685 3
1375967690 2
1375967692 3
1375967697 2
1375967699 3
1375967701 2
1375967704 3
1375967878 2
1375967880 3
1375967882 2
1375967884 3
1375967955 2
1375967967 246
1375967975 2
1375967979 246
1375968034 2
1375968037 246
1375968044 303
1375968048 201
1375968050 202
1375968054 246
1375968062 2
1375968065 246
1375968122 2
1375968125 246
1375968132 2
1375968135 246
1375968159 2
1375968161 246
1375968166 201
1375968168 202
1375968182 2
1375968185 246
1375968190 202
1375968427 2
1375968430 3
1375968431 2
1375968434 3
1375968435 2
1375968437 3
1375968439 2
1375968441 3
1375968672 2
1375968675 3
1375968677 2
1375968679 3
1375968680 2
1375968682 3
1375968684 2
1375968686 3
1375968687 2
1375968689 3
1375968690 2
1375968693 3
1375968694 2
1375968696 3
1375968698 2
1375968700 3
1375968701 2
1375968703 3
1375968705 2
1375968707 3
1375968708 2
1375968710 3
1375968712 2
1375968738 2
1375968769 2
1375968775 3
1375968779 2
1375968859 2
1375968873 3
1375968876 2
1375968900 3
1375968903 2
1375968937 3
1375968941 2
1375968989 3
1375968991 2
1375969010 3
1376013343 2
1376013346 3
1376013357 2
1376013368 3
1376013371 2
1376013381 3
1376013383 2
1376013385 3
1376013387 2
1376013389 3
1376013392 2
1376013394 3
1376013397 2
1376013399 3
1376013402 2
1376013428 3
1376013431 2
1376013436 3
1376277160 2
1376277162 303
1376277166 3
1376277169 2
1376277193 3
1376277310 2
1376277321 3
1376277342 2
1376277351 3
1376280766 2
1376280810 3
1376281187 2
1376281191 202
1376281205 224
1376281212 304
1376281216 201
1376281308 1025
1376281310 436
1376281315 202
1376281323 224
1376281332 201
1376281334 224
1376281345 201
1376281397 1025
1376281403 436
1376281578 1025
1376281583 436
1376281624 1025
1376281626 436
1376281658 304
1376281678 1025
1376281684 436
1376282231 3
1376287760 2
1376287771 3
1376287944 2
1376287951 3
1376287976 2
1376287979 3
1376288433 2
1376288447 3
1376288842 2
1376288871 3
1376289873 2
1376289921 3
1376289957 2
1376289970 3
1376289972 2
1376289981 3
1376290002 2
1376290048 202
1376290051 224
1376290057 201
1376292818 3
1376293690 2
1376293715 3
1376296558 2
1376296566 3
1376297173 2
1376297193 2
1376297198 2
1376297200 3
1376297203 2
1376297307 2
1376297323 2
1376297368 2
1376297376 2
1376297417 2
1376297424 3
1376297444 2
1376297502 2
1376297507 3
1376297523 2
1376297534 2
1376297565 2
1376297617 2
1376297695 2
1376297729 2
1376297819 2
1376297832 3
1376297843 2
1376297848 3
1376297941 2
1376297950 3
1376297971 2
1376297977 3
1376297992 2
1376297999 3
1376298009 2
1376298023 2
1376298048 2
1376298072 2
1376298088 2
1376298116 2
1376298199 2
1376298215 2
1376298263 2
1376298362 2
1376298378 3
1376298441 2
1376298468 2
1376298477 2
1376298617 2
1376298666 2
1376298681 3
1376298690 2
1376299024 2
1376299047 2
1376299071 2
1376299079 2
1376299189 2
1376299196 2
1376299391 2
1376299398 2
1376299533 2
1376299550 2
1376299565 2
1376299572 3
1376299607 2
1376299612 3
1376299617 2
1376299621 254
1376299623 303
1376299631 254
1376299634 303
1376299637 254
1376299641 3
1376299772 2
1376299778 3
1376299789 2
1376299835 2
1376299907 2
1376299919 2
1376299966 2
1376299969 303
1376299974 254
1376300076 2
1376300126 2
1376300217 2
1376300254 2
1376300265 3
1376300294 2
1376300300 3
1376300311 2
1376300319 3
1376300951 2
1376300957 3
1376301003 2
1376301006 3
1376301303 2
1376301319 3
1376301623 2
1376301704 2
1376302086 2
1376302280 2
1376302294 2
1376302366 2
1376302547 2
1376302639 2
1376302671 2
1376302805 2
1376302841 2
1376303195 2
1376303297 2
1376303333 2
1376303407 2
1376303476 2
1376303560 2
1376303683 2
1376303729 3
1376304121 2
1376304128 3
1376304252 2
1376304259 3
1376304272 2
1376304279 3
1376304312 2
1376304325 3
1376304369 2
1376304378 3
1376304398 2
1376304408 3
1376304480 2
1376304489 3
1376304519 2
1376304529 3
1376304676 2
1376304694 2
1376305021 2
1376305099 2
1376305129 2
1376305250 2
1376305272 2
1376305449 2
1376305467 3
1376305476 2
1376305488 3
1376305496 2
1376305505 3
1376305589 2
1376305599 2
1376305659 2
1376305679 2
1376305687 3
1376305697 2
1376305708 3
1376305743 2
1376305757 3
1376305787 2
1376305800 3
1376305880 2
1376305892 3
1376305943 2
1376305954 3
1376306175 2
1376306189 3
1376306300 2
1376306311 3
1376307393 2
1376307426 3
1376307428 2
1376307443 3
1376307585 2
1376307620 3
1376307717 2
1376307763 3
1376307791 2
1376307860 3
1376307979 2
1376307981 303
1376307987 251
1376307994 202
1376307997 246
1376308236 246
1376308240 303
1376308248 3
1376308639 2
1376308648 3
1376308916 2
1376308937 3
1376309886 2
1376309894 3
1376309948 2
1376309959 3
1376310149 2
1376310162 3
1376310558 2
1376310586 246
1376310596 3
1376310640 2
1376310655 3
1376310661 2
1376310669 3
1376310831 2
1376310906 3
1376310985 2
1376310999 3
1376311042 2
1376311050 3
1376311595 2
1376311606 3
1376311615 2
1376311623 3
1376311645 2
1376311658 3
1376311872 2
1376311888 3
1376311907 2
1376311921 3
1376311962 2
1376311969 3
1376311985 2
1376312050 3
1376312089 2
1376312108 3
1376312359 2
1376312367 3
1376312374 2
1376312450 3
1376312464 2
1376312507 3
1376312547 2
1376312577 3
1376312709 2
1376312734 3
1376313222 2
1376313252 3
1376313421 2
1376313424 3
1376313596 2
1376313627 3
1376313684 2
1376313707 3
1376313860 2
1376313878 3
1376314057 2
1376314640 3
1376314647 2
1376314651 3
1376314677 2
1376314682 3
1376338001 2
1376338024 3
1376338065 2
1376338072 3
1376338154 2
1376338168 3
1376338198 2
1376338206 3
1376338437 2
1376338446 3
1376354919 2
1376354921 3
1376355056 2
1376355089 3
1376355144 2
1376355157 3
1376355590 2
1376355611 3
1376355671 2
1376355685 3
1376355725 2
1376355745 3
1376355973 2
1376355994 3
1376356477 2
1376356495 3
1376356624 2
1376356646 3
1376356753 2
1376356767 3
1376356889 2
1376356919 3
1376356991 2
1376357084 3
1376357275 2
1376357317 3
1376358006 2
1376358088 3
1376359551 2
1376359561 3
1376359581 2
1376359600 3
1376359611 2
1376359621 3
1376359623 2
1376359631 3
1376359743 2
1376359809 2
1376360320 2
1376360433 3
1376360991 2
1376361040 3
1376361045 2
1376361085 3
1376361147 2
1376361871 3
1376362412 2
1376362420 3
1376362430 2
1376362508 2
1376362551 2
1376363173 2
1376363187 3
1376363235 2
1376363246 3
1376363249 2
1376363303 3
1376363305 2
1376363369 200
1376363373 305
1376363385 3
1376363398 2
1376363403 3
1376363446 2
1376363454 3
1376363889 2
1376363895 3
1376364040 2
1376364066 3
1376364203 2
1376364231 3
1376364234 2
1376364247 3
1376364251 2
1376364256 3
1376364288 2
1376364301 3
1376364320 2
1376364323 3
1376364339 2
1376364341 3
1376364345 2
1376364474 2
1376364488 3
1376364490 2
1376364499 3
1376364536 2
1376364575 3
1376364578 2
1376364588 3
1376365007 2
1376365014 201
1376365023 3
1376365041 2
1376365043 303
1376365055 3
1376365071 2
1376365080 3
1376365608 2
1376365635 3
1376365672 2
1376365727 3
1376365876 2
1376365895 3
1376366573 2
1376366586 3
1376366626 2
1376366634 3
1376366676 2
1376366680 3
1376366701 2
1376366706 3
1376366729 2
1376366734 3
1376367682 2
1376367687 202
1376367691 3
1376367694 2
1376367700 3
1376367707 2
1376367715 224
1376367722 201
1376367724 202
1376367730 224
1376367739 201
1376367741 202
1376367746 224
1376367764 201
1376367767 202
1376367774 224
1376367785 201
1376367788 202
1376367901 251
1376367913 251
1376367955 224
1376367963 251
1376367967 251
1376368017 251
1376368035 251
1376368062 303
1376368068 309
1376368101 251
1376368123 251
1376368131 251
1376368176 251
1376368188 251
1376368199 251
1376368205 251
1376368223 251
1376368229 3
1376368264 2
1376368347 251
1376368373 251
1376368382 251
1376368393 251
1376368505 251
1376368514 251
1376370724 303
1376370965 2
1376371006 3
1376371020 2
1376371031 303
1376371042 3
1376371497 2
1376371501 3
1376371816 2
1376371819 3
1376371957 2
1376371960 3
1376372033 2
1376372146 3
1376373475 2
1376373479 3
1376373884 2
1376373888 3
1376374012 2
1376374023 3
1376374074 2
1376374084 3
1376374088 2
1376374095 3
1376374201 2
1376374206 3
1376374214 2
1376374218 3
1376374365 2
1376374368 3
1376374414 2
1376374418 3
1376374542 2
1376374549 3
1376374640 2
1376374656 201
1376374661 202
1376374665 224
1376374680 201
1376374685 202
1376374694 224
1376374699 201
1376374759 3
1376374761 2
1376374892 1025
1376374893 436
1376374901 202
1376374922 3
1376374980 2
1376374984 3
1376375012 2
1376375029 3
1376375031 2
1376375048 3
1376375332 2
1376375502 3
1376379763 2
1376379778 224
1376379785 201
1376379807 3
1376380083 2
1376380235 3
1376381849 2
1376381868 3
1376382269 2
1376382280 202
1376382290 224
1376382304 3
1376382309 2
1376382319 3
1376382400 2
1376382408 3
1376382426 2
1376382445 3
1376382789 2
1376382799 3
1376382804 2
1376382808 3
1376382875 2
1376382881 201
1376382891 202
1376382900 3
1376383023 2
1376383027 303
1376383038 3
1376384143 2
1376384150 3
1376384162 2
1376384170 3
1376384175 2
1376384182 3
1376384208 2
1376384232 3
1376384258 2
1376384263 3
1376384279 2
1376384294 201
1376384301 3
1376384623 2
1376384632 3
1376384647 2
1376384655 3
1376384739 2
1376384746 224
1376384761 3
1376384769 2
1376384778 201
1376384794 3
1376384822 2
1376384841 202
1376384845 224
1376384850 201
1376384914 3
1376384993 2
1376385003 251
1376385036 3
1376385593 2
1376385600 251
1376385602 246
1376385609 246
1376385615 202
1376385620 246
1376385650 201
1376385680 202
1376385684 246
1376385691 201
1376385766 200
1376385781 255
1376385964 304
1376386252 3
1376386409 2
1376386432 3
1376386436 2
1376386445 202
1376386450 224
1376386460 3
1376386484 2
1376386488 201
1376386529 3
1376388341 2
1376388364 3
1376391731 2
1376391782 202
1376391786 246
1376391792 201
1376391808 3
1376400819 2
1376400858 3
1376400890 2
1376400925 3
1376400966 2
1376400985 3
1376401106 2
1376401150 3
1376401257 2
1376401269 3
1376401675 2
1376401719 3
1376402105 2
1376402113 3
1376402141 2
1376402154 3
1376402173 2
1376402179 3
1376402193 2
1376402201 3
1376402232 2
1376402247 3
1376403657 2
1376403694 3
1376403924 2
1376403935 3
1376403985 2
1376403989 3
1376403995 2
1376404021 3
1376404200 2
1376404210 3
1376404715 2
1376404728 3
1376404747 2
1376404798 3
1376404914 2
1376404928 3
1376404969 2
1376404986 3
1376405141 2
1376405152 3
1376405261 2
1376405371 3
1376405417 2
1376405443 3
1376405838 2
1376405927 3
1376405969 2
1376406024 202
1376406029 246
1376406130 304
1376406133 304
1376406139 201
1376406317 304
1376406387 3
1376406390 2
1376406470 3
1376406549 2
1376406554 3
1376406764 2
1376406839 3
1376406965 2
1376407049 202
1376407053 224
1376407059 201
1376407064 224
1376407072 201
1376407132 254
1376407156 242
1376407162 202
1376407173 3
1376407188 2
1376407196 3
1376407408 2
1376407413 224
1376407431 3
1376410337 2
1376410421 246
1376410433 246
1376410444 3
1376410500 2
1376410528 3
1376410561 2
1376410569 3
1376411225 2
1376411235 304
1376411239 246
1376411253 3
1376411291 2
1376411297 246
1376411316 282
1376411352 246
1376411496 3
1376411499 2
1376411573 3
1376442531 2
1376442540 3
1376442591 2
1376442617 3
1376442849 2
1376442859 3
1376443062 2
1376443070 3
1376443082 2
1376443121 3
1376443340 2
1376443510 3
1376443515 2
1376443536 3
1376443765 2
1376443778 246
1376443812 246
1376443825 3
1376444347 2
1376444378 3
1376444437 2
1376444443 500
1376444445 432
1376444452 500
1376444453 432
1376444458 201
1376444460 202
1376444469 500
1376444471 432
1376444474 3
1376444476 2
1376444479 3
1376444711 2
1376444717 3
1376444725 2
1376444728 3
1376444731 2
1376444734 224
1376444739 201
1376444741 202
1376444749 246
1376444755 201
1376444905 1025
1376444906 436
1376444908 3
1376444912 2
1376444969 3
1376445069 2
1376445122 3
1376445124 2
1376445129 202
1376445136 3
1376445250 2
1376445280 3
1376446032 2
1376446085 246
1376446090 201
1376446117 200
1376446150 3
1376446527 2
1376446529 240
1376446594 3
1376446636 2
1376446659 240
1376446722 3
1376447630 2
1376447648 202
1376447655 246
1376447670 3
1376447752 2
1376447767 224
1376447776 224
1376447927 3
1376447957 2
1376447965 3
1376447996 2
1376448871 3
1376449733 2
1376449805 3
1376449817 2
1376449866 3
1376450079 2
1376450082 3
1376450102 2
1376450146 3
1376451628 2
1376451631 246
1376451635 246
1376451639 246
1376451646 200
1376451650 201
1376451660 202
1376451675 2
1376451677 202
1376451687 3
1376451697 2
1376451709 246
1376451713 201
1376451718 202
1376451723 224
1376451727 303
1376451740 201
1376451745 251
1376451755 3
1376452098 2
1376452100 3
1376452710 2
1376452718 3
1376453038 2
1376453041 3
1376453064 2
1376453067 3
1376453130 2
1376453272 3
1376453325 2
1376453654 3
1376453655 2
1376453666 3
1376459553 2
1376459630 3
1376459692 2
1376459728 3
1376459844 2
1376459882 3
1376460835 2
1376460844 3
1376461033 2
1376461036 3
1376461169 2
1376461224 3
1376461229 2
1376461235 3
1376461314 2
1376461318 246
1376461324 202
1376461333 246
1376461339 246
1376461356 3
1376461384 2
1376461416 3
1376461778 2
1376461786 3
1376461823 2
1376461829 3
1376461892 2
1376461900 3
1376462012 2
1376462015 3
1376462139 2
1376462145 3
1376462245 2
1376462252 3
1376462452 2
1376462454 3
1376462509 2
1376462511 3
1376462995 2
1376463009 3
1376463056 2
1376463063 201
1376463166 1025
1376463167 436
1376463178 202
1376463261 2
1376463269 3
1376463276 2
1376463287 224
1376463293 201
1376463323 2
1376463413 2
1376463436 224
1376463442 202
1376463447 224
1376463474 3
1376463539 2
1376463550 3
1376463556 2
1376463581 3
1376463642 2
1376463768 201
1376463844 3
1376463898 2
1376463902 202
1376463905 224
1376463919 201
1376463997 255
1376464074 3
1376464077 2
1376464080 202
1376464092 246
1376464097 201
1376464103 3
1376464190 2
1376464241 3
1376464746 2
1376464798 1025
1376464799 436
1376464837 3
1376464858 2
1376464977 3
1376465119 2
1376465123 3
1376465174 2
1376465253 3
1376465301 2
1376465318 3
1376465343 2
1376465348 202
1376465354 224
1376465359 201
1376465501 3
1376465809 2
1376465838 202
1376465843 246
1376465849 201
1376466165 3
1376466196 2
1376466198 202
1376466202 224
1376466206 201
1376466305 200
1376466320 221
1376466567 2
1376466572 202
1376466575 224
1376466582 201
1376466674 2
1376466706 202
1376466715 2
1376466717 202
1376466720 224
1376466725 201
1376466906 2
1376466908 202
1376466939 224
1376466945 201
1376467026 3
1376467029 2
1376467055 3
1376467487 2
1376467490 202
1376467526 224
1376467532 201
1376467571 3
1376467573 2
1376467586 3
1376468395 2
1376468419 202
1376468424 3
1376468716 2
1376468740 246
1376468754 3
1376468790 2
1376468803 3
1376469583 2
1376469592 201
1376469603 3
1376469901 2
1376469930 3
1376469934 2
1376469943 202
1376469946 224
1376469951 201
1376469992 202
1376470002 2
1376470013 224
1376470066 201
1376470146 3
1376470276 2
1376470279 202
1376470282 3
1376470415 2
1376470419 3
1376470440 2
1376470446 202
1376470452 224
1376470462 201
1376470550 1025
1376470560 436
1376470584 3
1376470587 2
1376470627 3
1376470635 2
1376470638 3
1376471431 2
1376471438 202
1376471448 3
1376471517 2
1376471524 224
1376471531 201
1376471652 3
1376471664 2
1376471689 200
1376471711 202
1376471719 3
1376471741 2
1376471781 3
1376472073 2
1376472162 3
1376472185 2
1376472199 201
1376472201 224
1376472204 201
1376472248 3
1376472520 2
1376472528 3
1376472662 2
1376472671 202
1376472675 224
1376472693 3
1376472748 2
1376472754 3
1376473438 2
1376473446 3
1376473482 2
1376473489 224
1376473495 201
1376473578 3
1376473608 2
1376473711 3
1376473898 2
1376473907 202
1376473912 224
1376473918 201
1376474023 1025
1376474025 436
1376474047 3
1376474362 2
1376474367 202
1376474371 224
1376474376 201
1376474556 1025
1376474561 436
1376474632 3
1376474707 2
1376474743 202
1376474778 3
1376474827 2
1376474832 224
1376474844 201
1376474933 1025
1376474937 436
1376474954 3
1376474993 2
1376474995 202
1376474998 224
1376475010 201
1376475093 1025
1376475098 436
1376475145 224
1376475157 3
1376475313 2
1376475315 202
1376475318 224
1376475333 201
1376475336 201
1376475424 1025
1376475426 436
1376475640 3
1376476128 2
1376476130 202
1376476162 224
1376476167 201
1376476182 1025
1376476184 436
1376476191 202
1376476202 224
1376476215 201
1376476227 1025
1376476231 436
1376476250 3
1376476287 2
1376476289 202
1376476292 224
1376476297 201
1376476345 1025
1376476348 436
1376476351 202
1376476376 224
1376476401 201
1376476443 3
1376476487 2
1376476489 202
1376476518 224
1376476523 201
1376476551 1025
1376476552 436
1376476601 3
1376476713 2
1376477029 255
1376477085 246
1376477106 202
1376477110 224
1376477127 246
1376477654 3
1376477665 2
1376477677 308
1376477689 240
1376477710 3
1376477736 2
1376477744 201
1376477928 3
1376477931 2
1376477940 3
1376478019 2
1376478023 3
1376478031 2
1376478140 3
1376478327 2
1376478331 3
1376479120 2
1376479129 224
1376479134 201
1376479147 202
1376479157 224
1376479190 201
1376479256 1025
1376479257 436
1376479259 202
1376479263 224
1376479274 201
1376479295 3
1376479306 2
1376479308 202
1376479311 224
1376479321 2
1376479323 224
1376479328 201
1376479541 2
1376479543 202
1376479545 224
1376479551 201
1376479698 1025
1376479699 436
1376479783 202
1376479789 246
1376479811 201
1376479820 202
1376479828 246
1376479850 201
1376479870 1025
1376479875 436
1376479875 202
1376479878 246
1376479888 201
1376479915 304
1376479957 304
1376480019 3
1376480076 2
1376480206 1025
1376480223 2
1376480226 202
1376480282 2
1376480288 3
1376480355 2
1376480362 202
1376480374 224
1376480380 224
1376480401 201
1376480414 3
1376480421 2
1376480450 2
1376480455 202
1376480458 224
1376480464 201
1376480500 304
1376480502 224
1376480509 202
1376480512 224
1376480517 201
1376480642 3
1376481295 2
1376481298 202
1376481307 224
1376481380 201
1376481443 2
1376481446 202
1376481452 224
1376481465 201
1376481720 2
1376481722 202
1376481726 224
1376481731 201
1376481799 1025
1376481804 436
1376481808 202
1376481813 224
1376481824 201
1376481860 1025
1376481864 436
1376483469 3
1376483940 2
1376483964 303
1376483999 254
1376484005 202
1376484011 3
1376494794 2
1376494800 251
1376494802 246
1376494810 201
1376494814 3
1376534120 2
1376534123 224
1376534129 202
1376534146 3
1376537537 2
1376537551 3
1376537575 2
1376537589 303
1376537600 303
1376537609 3
1376537643 2
1376537672 3
1376537769 2
1376537805 303
1376537829 3
1376538470 2
1376538474 303
1376538499 3
1376538589 2
1376538596 3
1376538762 2
1376538769 3
1376538784 2
1376538791 303
1376538816 3
1376539114 2
1376539128 3
1376539198 2
1376539207 3
1376539263 2
1376539283 3
1376551026 2
1376551034 246
1376551049 3
1376557046 2
1376557065 201
1376557102 250
1376557127 303
1376557154 3
1376557172 2
1376557214 3
1376558306 2
1376558615 3
1376558618 2
1376558631 202
1376558645 3
1376558700 2
1376558714 224
1376558724 3
1376559366 2
1376559372 224
1376559403 201
1376559464 1025
1376559466 436
1376559486 1025
1376559487 436
1376559501 1025
1376559505 435
1376559505 436
1376559514 1025
1376559516 436
1376559550 3
1376559624 2
1376559627 202
1376559630 224
1376559635 201
1376559693 1025
1376559695 436
1376559717 1025
1376559719 436
1376559725 3
1376559728 2
1376559795 1025
1376559798 436
1376559844 1025
1376559846 436
1376559854 1025
1376559855 436
1376559897 1025
1376559898 436
1376559912 1025
1376559914 436
1376559930 3
1376560011 2
1376560015 202
1376560029 224
1376560034 201
1376560147 1025
1376560149 436
1376560173 1025
1376560179 436
1376560198 1025
1376560204 436
1376560246 202
1376560250 224
1376560256 201
1376560287 1025
1376560288 436
1376560334 3
1376560376 2
1376560379 202
1376560386 224
1376560392 201
1376560439 1025
1376560441 436
1376560455 1025
1376560456 436
1376560467 1025
1376560470 436
1376560509 1025
1376560512 436
1376560546 1025
1376560547 436
1376560622 3
1376560624 2
1376560714 1025
1376560716 436
1376560761 1025
1376560763 436
1376560785 3
1376560787 2
1376560894 1025
1376560896 436
1376560940 202
1376560970 3
1376569856 2
1376569864 224
1376569869 201
1376569935 202
1376569938 202
1376569943 224
1376569987 201
1376570048 1025
1376570051 436
1376570071 1025
1376570072 436
1376570084 3
1376572024 2
1376572029 3
1376572147 2
1376572155 3
1376573399 2
1376574061 3
1376574214 2
1376574426 3
1376575115 2
1376575125 3
1376575139 2
1376575282 202
1376575517 246
1376575867 3
1376618229 2
1376618258 3
1376618334 2
1376618813 3
1376619371 2
1376619394 3
1376619522 2
1376619550 3
1376619566 2
1376619575 3
1376619582 2
1376619587 3
1376619597 2
1376619611 201
1376619625 202
1376619633 3
1376619645 2
1376619651 224
1376619682 201
1376619718 3
1376619803 2
1376619806 202
1376619848 224
1376619857 201
1376619863 3
1376619872 2
1376619889 202
1376619902 3
1376619937 2
1376620083 2
1376620103 3
1376620189 2
1376620242 3
1376620245 2
1376620254 3
1376620255 2
1376620260 3
1376620889 2
1376620973 3
1376621321 2
1376621324 3
1376621330 2
1376621338 246
1376621344 246
1376621347 3
1376621411 2
1376621424 246
1376621445 3
1376621710 2
1376621724 3
1376621906 2
1376621927 3
1376622013 2
1376622041 3
1376622053 2
1376622107 303
1376622125 3
1376622166 2
1376622187 3
1376622330 2
1376622348 200
1376622352 201
1376622382 303
1376622390 3
1376624875 2
1376624883 3
1376625065 2
1376625088 3
1376625263 2
1376625282 201
1376625364 1025
1376625366 436
1376625370 202
1376625377 246
1376625382 201
1376625430 1025
1376625431 436
1376625432 202
1376625446 224
1376625453 201
1376625470 1025
1376625471 436
1376625472 202
1376625478 224
1376625488 201
1376625900 2
1376625903 202
1376625907 224
1376625914 3
1376626147 2
1376626149 3
1376626248 2
1376626251 3
1376626606 2
1376626614 201
1376626618 224
1376626624 202
1376626640 246
1376626646 201
1376628538 2
1376628543 202
1376628555 224
1376628587 201
1376628843 1025
1376628857 435
1376628857 436
1376628916 2
1376628931 3
1376629266 2
1376629269 202
1376629275 224
1376629283 201
1376629409 2
1376629417 202
1376629553 3
1376629933 2
1376629951 251
1376629953 246
1376629955 254
1376629957 256
1376629962 3
1376632819 2
1376632845 3
1376633740 2
1376633749 3
1376635066 2
1376635083 3
1376635137 2
1376635406 2
1376635417 3
1376635467 2
1376635478 3
1376635573 2
1376635586 3
1376635808 2
1376636112 2
1376636136 2
1376636182 2
1376636246 2
1376636275 2
1376636286 3
1376636836 2
1376636843 3
1376636906 2
1376636921 3
1376637437 2
1376637451 3
1376637456 2
1376637488 2
1376637526 2
1376637564 2
1376637586 2
1376637624 2
1376637631 3
1376637694 2
1376637733 2
1376637759 2
1376637790 3
1376638308 2
1376638310 3
1376638437 2
1376638447 3
1376638843 2
1376638854 202
1376638857 3
1376646328 2
1376646341 224
1376646349 201
1376646365 202
1376646368 246
1376646376 201
1376646383 3
1376646484 2
1376646512 3
1376646717 2
1376646725 3
1376646733 2
1376646738 3
1376646873 2
1376646880 202
1376646887 3
1376646906 2
1376646970 2
1376647084 2
1376647111 3
1376647166 2
1376647177 3
1376684529 2
1376684555 3
1376684563 2
1376684582 3
1376684613 2
1376684630 201
1376684634 202
1376684830 201
1376684837 201
1376720804 202
1376720880 246
1376720919 246
1376721001 3
1376721006 2
1376721013 246
1376721051 224
1376721097 246
1376721282 201
1376721339 2
1376721343 202
1376721348 201
1376721426 1025
1376721428 436
1376721431 202
1376721434 224
1376721439 201
1376721519 1025
1376721520 436
1376721585 202
1376721670 3
1376723039 2
1376723091 3
1376723790 2
1376723804 3
1376724342 2
1376724344 201
1376724351 201
1376724359 3
1376730972 2
1376731018 3
1376731022 2
1376731026 3
1376731031 2
1376731035 3
1376883806 2
1376883854 3
1376884204 2
1376884244 3
1376889226 2
1376889244 3
1377081897 2
1377082238 3
1377082267 2
1377082271 3
1377082304 2
1377082406 3
1377082738 2
1377082745 3
1377082755 2
1377082807 246
1377082819 3
1377141473 2
1377141498 3
1377141523 2
1377141593 3
1377141603 2
1377141616 3
1377141629 2
1377141639 3
1377141694 2
1377141716 3
1377141965 2
1377141982 3
1377142206 2
1377142218 3
1377142220 2
1377142227 3
1377142311 2
1377142324 3
1377142350 2
1377142383 3
1377142926 2
1377143067 3
1377143332 2
1377143344 2
1377143353 3
1377143749 2
1377143760 3
1377144021 2
1377144074 3
1377144079 2
1377144095 3
1377144136 2
1377144164 3
1377144427 2
1377144440 303
1377144459 303
1377144499 3
1377144582 2
1377144584 240
1377144589 3
1377144670 2
1377144715 3
1377144867 2
1377144869 240
1377144875 240
1377144879 3
1377144882 2
1377144885 240
1377144896 3
1377145051 2
1377145059 3
1377145243 2
1377145251 3
1377145255 2
1377145268 3
1377149113 2
1377149120 3
1377149394 2
1377149398 246
1377149407 246
1377149434 3
1377149778 2
1377149794 3
1377150286 2
1377150305 3
1377150434 2
1377150464 2
1377150540 2
1377150658 2
1377150722 2
1377150727 201
1377150778 3
1377150784 2
1377150914 2
1377151048 2
1377151101 2
1377151111 3
1377151125 2
1377151139 3
1377151250 2
1377151309 2
1377151318 3
1377151330 2
1377151439 2
1377151572 2
1377151717 2
1377151745 2
1377151796 2
1377151856 3
1377153142 2
1377153156 202
1377153178 201
1377153275 1025
1377153277 436
1377153280 202
1377153287 201
1377153301 1025
1377153302 436
1377153313 1025
1377153314 436
1377153317 202
1377153320 3
1377340729 2
1377340759 246
1377340789 244
1377340800 241
1377340802 244
1377340804 256
1377340854 3
1377340912 2
1377341008 3
1377663187 2
1377663289 3
