1378435662 2
1378435669 3
1378435793 2
1378435801 3
1378435833 2
1378435838 3
1378876284 2
1378876290 3
1379999906 2
1379999911 3
1380000149 2
1380000169 224
1380000258 3
1380000644 2
1380000858 3
1380002201 2
1380002206 3
1380002302 2
1380002315 3
1380002793 2
1380002826 3
1380003054 2
1380003058 3
1380003274 2
1380003344 3
1380003350 2
1380003405 3
1380003696 2
1380003718 201
1380003720 202
1380003725 3
1380003727 2
1380003730 3
1380003743 2
1380003746 3
1380003908 2
1380003911 201
1380003914 224
1380003921 201
1380003935 3
1380003948 2
1380003956 3
1380003971 2
1380005291 2
1380005396 2
1380005507 2
1380005528 3
1380006253 2
1380006278 3
1380006298 2
1380006301 3
1380006312 2
1380006319 224
1380006330 251
1380006338 202
1380006356 3
1380006434 2
1380006455 3
1380006488 2
1380006491 3
1380006532 2
1380006537 3
1380007474 2
1380007582 2
1380007639 3
1380007679 2
1380007682 201
1380007684 202
1380007689 303
1380007750 201
1380007754 201
1380007762 201
1380007766 202
1380007869 3
1380008111 2
1380008140 3
1380008694 2
1380008741 251
1380008749 246
1380008754 201
1380008959 202
1380008963 3
1380009019 2
1380009046 201
1380009076 204
1380009101 3
1380009114 2
1380009119 202
1380009173 201
1380009177 224
1380009221 200
1380009225 200
1380009289 3
1380009306 2
1380009314 202
1380009338 251
1380009369 201
1380009463 1025
1380009465 435
1380009466 436
1380009531 1025
1380009533 436
1380009540 202
1380009550 3
1380009558 2
1380009565 201
1380009569 202
1380009577 201
1380009644 202
1380009658 201
1380009676 202
1380009701 3
1380009742 2
1380009750 201
1380009755 202
1380009763 201
1380009772 202
1380009788 251
1380009797 201
1380009800 201
1380009868 3
1380009873 2
1380009875 202
1380009894 201
1380010028 3
1380016776 2
1380016808 202
1380016840 201
1380016869 1025
1380016871 436
1380016873 202
1380016899 201
1380016908 200
1380016919 242
1380016921 241
1380016965 1025
1380016966 435
1380016966 436
1380016968 202
1380016996 200
1380016997 201
1380017021 200
1380017101 1025
1380017102 435
1380017103 436
1380017110 3
1380017131 2
1380017135 3
1380078818 2
1380078826 3
1380078919 2
1380078932 202
1380078938 3
1380083283 2
1380083305 3
1380083326 2
1380083337 3
1380083397 2
1380083400 303
1380083415 3
1380083532 2
1380083535 3
1380470851 2
1380470860 201
1380470864 3
