1370054989 2
1370055018 3
1370055031 2
1370055040 3
1370055110 2
1370055136 2
1370055173 2
1370055180 3
1370055786 2
1370055980 3
1370056009 2
1370056012 221
1370056015 220
1370056021 280
1370056053 246
1370056068 200
1370056092 200
1370056134 200
1370056138 3
1370056338 2
1370056467 2
1370056599 2
1370056751 2
1370056760 3
1370056805 2
1370056838 2
1370056942 2
1370057097 2
1370057166 2
1370057179 3
1370057226 2
1370057241 3
1370057369 2
1370057373 200
1370057385 3
1370057414 2
1370057538 2
1370057728 2
1370057926 2
1370058003 3
1370058045 2
1370058147 2
1370058178 2
1370058193 3
1370058211 2
1370058218 3
1370058345 2
1370058348 3
1370059075 2
1370059082 3
1370059098 2
1370059103 3
1370059184 2
1370059190 3
1370059410 2
1370059426 3
1370059444 2
1370059455 3
1370059541 2
1370059614 255
1370059618 3
1370067111 2
1370067113 3
1370067556 2
1370067560 3
1370067727 2
1370067769 3
1370067864 2
1370067907 3
1370067920 2
1370067935 3
1370068031 2
1370068041 3
1370068089 2
1370068094 251
1370068098 3
1370068199 2
1370068207 3
1370068234 2
1370068242 3
1370068371 2
1370068378 3
1370068418 2
1370068423 3
1370068465 2
1370068472 3
1370068822 2
1370068831 3
1370068912 2
1370068928 3
1370068941 2
1370068966 200
1370069067 221
1370069079 220
1370069082 222
1370069083 223
1370069085 222
1370069087 223
1370069088 222
1370069090 242
1370069103 255
1370069111 255
1370069116 244
1370069118 256
1370069124 220
1370069126 221
1370069137 3
1370070324 2
1370070332 3
1370070402 2
1370070409 3
1370070605 2
1370070612 3
1370070660 2
1370070667 3
1370071309 2
1370071376 3
1370071677 2
1370071679 3
1370072169 2
1370072175 3
1370072201 2
1370072207 3
1370072351 2
1370072358 3
1370072520 2
1370072528 3
1370072611 2
1370072624 3
1370072682 2
1370072715 3
1370072793 2
1370072800 3
1370224687 2
1370224937 3
1370232673 2
1370232687 3
1370257298 2
1370257319 240
1370257328 3
1370257589 2
1370257591 240
1370257607 308
1370257613 3
1370257746 2
1370257754 3
1370260473 2
1370260485 3
1370260488 2
1370260491 3
1370320893 2
1370320897 250
1370321519 3
1370321580 2
1370321624 3
1370321675 2
1370321696 3
1370322027 2
1370324128 3
1371529257 2
1371531851 3
1371532385 2
1371532560 3
1371532681 2
1371534148 2
1371534207 3
1371534401 2
1371534460 3
1371534541 2
1371534565 3
1371534569 2
1371534686 3
1371534748 2
1371534836 3
1371534839 2
1371534886 3
1371534977 2
1371535018 3
1371535140 2
1371535182 3
1371535191 2
1371535234 3
1371535238 2
1371535241 3
1371535264 2
1371535340 3
1371535348 2
1371535389 3
1371535672 2
1371535769 250
1371535778 220
1371535798 221
1371535822 303
1371535835 251
1371535843 202
1371535846 224
1371535852 254
1371535853 251
1371535900 3
1371536034 2
1371536055 3
1371536108 2
1371536117 3
1371536158 2
1371536166 3
1371536598 2
1371536642 201
1371536758 3
1371536760 2
1371537125 3
1371537128 2
1371537276 220
1371537306 3
1371537308 2
1371537313 3
1371538165 2
1371538168 3
1371538630 2
1371538632 3
1371538753 2
1371538762 3
1371540423 2
1371540430 3
1371540436 2
1371550862 2
1371550884 3
1371551035 2
1371551037 3
1371551640 2
1371551642 3
1371551861 2
1371551871 3
1371552181 2
1371552186 3
1371552510 2
1371552546 284
1371552564 3
1371552625 2
1371552655 3
1371552660 2
1371552696 284
1371553018 2
1371553054 280
1371553056 284
1371553094 3
1371553885 2
1371553889 3
1371553909 2
1371553912 3
1371554245 2
1371554252 3
1371554280 2
1371554282 2
1371554291 3
1371554522 2
1371554577 3
1371555456 2
1371555461 3
1371555483 2
1371555493 304
1371555495 224
1371555496 220
1371555499 222
1371555500 223
1371555513 3
1371605647 2
1371605663 3
1371605826 2
1371605838 3
1371605840 2
1371605845 3
1371608764 2
1371608779 3
1371609827 2
1371610039 3
1371610917 2
1371610979 3
1371610983 2
1371610989 3
1371611079 2
1371611089 3
1371611234 2
1371611238 3
1371615663 2
1371615674 283
1371615683 3
1371615846 2
1371615850 283
1371615861 3
1371615878 2
1371615884 283
1371615914 3
1371615925 2
1371615936 283
1371615944 3
1371616332 2
1371616342 3
1371616412 2
1371616416 283
1371616421 283
1371616428 3
1371616566 2
1371616587 3
1371616635 2
1371616638 3
1371616803 2
1371616820 3
1371616825 2
1371616830 3
1371616837 2
1371616843 3
1371616879 2
1371616897 3
1371616899 2
1371616903 3
1371616955 2
1371616960 3
1371617197 2
1371617199 3
1371617245 2
1371617250 283
1371617262 3
1371617341 2
1371617347 283
1371617357 3
1371617569 2
1371617587 3
1371617680 2
1371617683 255
1371617769 2
1371617778 3
1371617791 2
1371617849 246
1371617856 202
1371617862 246
1371617869 246
1371617944 3
1371626118 2
1371626142 3
1371626147 2
1371626169 3
1371626301 2
1371626324 3
1371626333 2
1371626401 3
1371626555 2
1371626562 3
1371626679 2
1371626714 3
1371626823 2
1371626825 255
1371626844 3
1371627055 2
1371627082 3
1371627251 2
1371627267 3
1371627457 2
1371627476 3
1371627507 2
1371627518 3
1371628830 2
1371628836 3
1371631882 2
1371631896 2
1371632279 2
1371632283 283
1371633150 2
1371693574 2
1371693579 283
1371693591 3
1371693655 2
1371693659 283
1371693672 3
1371693734 2
1371693738 283
1371693744 3
1371693781 2
1371693793 283
1371693798 3
1371693805 2
1371693810 283
1371693816 3
1371693825 2
1371693830 283
1371693838 3
1371784046 2
1371784058 308
1371785148 3
1372125100 2
1372125317 3
1372217440 2
1372217451 304
1372217457 221
1372217473 241
1372217478 242
1372217483 244
1372217498 280
1372217520 3
1372312410 2
1372312419 224
1372312423 220
1372312431 240
1372312437 241
1372312440 250
1372312445 3
1372312483 2
1372312492 304
1372312497 3
1372407794 2
1372407810 220
1372407818 240
1372407820 241
1372407823 242
1372407847 250
1372407850 244
1372407852 256
1372407861 241
1372407865 3
1372408183 2
1372408225 241
1372408230 3
1372408543 2
1372408561 242
1372408564 243
1372408566 250
1372408570 3
1372409043 2
1372409125 3
1372409180 2
1372409191 221
1372409217 3
1372409328 2
1372409336 303
1372409415 3
1372409488 2
1372409498 3
1372409627 2
1372409639 304
1372409648 221
1372409653 3
1372409702 2
1372409711 3
1372409960 2
1372409969 221
1372409973 303
1372409987 301
1372409991 309
1372409999 3
1372410033 2
1372410040 221
1372410044 3
1372410703 2
1372410722 221
1372410727 304
1372410746 3
1372410981 2
1372410993 221
1372411000 221
1372411003 3
1372411311 2
1372411315 221
1372411322 201
1372411326 202
1372411331 224
1372411333 221
1372411341 3
1372411355 2
1372411371 220
1372411376 3
1372412278 2
1372412284 220
1372412289 244
1372412304 244
1372412309 3
1372412582 2
1372412589 244
1372412598 3
1372412728 2
1372412744 242
1372412748 243
1372412750 250
1372412753 244
1372412756 256
1372412760 246
1372412763 251
1372412813 3
1372413130 2
1372413164 3
1372413334 2
1372413361 202
1372413364 224
1372413400 3
1372413910 2
1372413944 3
1372415028 2
1372415033 3
1372415035 2
1372415058 3
1372419153 2
1372419180 3
1372419274 2
1372419279 3
1372419764 2
1372419767 3
1372420040 2
1372420051 3
1372420074 2
1372420114 3
1372420116 2
1372420132 3
1372420170 2
1372420197 3
1372420249 2
1372420251 303
1372420268 3
1372420270 2
1372420283 244
1372420294 254
1372420297 282
1372420301 280
1372420314 3
1372420524 2
1372420531 3
1372420634 2
1372420636 3
1372420663 2
1372420666 3
1372420771 2
1372420774 3
1372420826 2
1372420829 3
