1357116675 2
1357116695 3
1357116711 2
1357116718 204
1357116721 205
1357116756 202
1357116774 278
1357116779 201
1357116875 3
1357116924 2
1357116960 202
1357116963 278
1357116966 201
1357116988 3
1357116991 2
1357116994 3
1357117090 2
1357117099 3
1357117302 2
1357117486 2
1357117505 2
1357117650 2
1357117671 3
1357117950 2
1357117956 3
1357118333 2
1357118336 277
1357118345 3
1357118393 2
1357118587 3
1357118609 2
1357118611 233
1357118616 3
1357118749 2
1357118754 3
1357119186 2
1357119202 3
1357119445 2
1357119462 202
1357119466 3
1357119502 2
1357119506 3
1357119701 2
1357119703 3
1357119929 2
1357119943 3
1357120692 2
1357120700 278
1357120715 202
1357120718 278
1357120741 278
1357120745 3
1357120782 2
1357120784 3
1357121056 2
1357121059 3
1357121394 2
1357121397 251
1357121406 3
1357121675 2
1357121722 3
1357123201 2
1357123241 278
1357123248 3
1357123298 2
1357123308 233
1357123312 233
1357123314 3
1357123317 2
1357123321 233
1357123328 3
1357123331 2
1357123333 233
1357123338 3
1357133594 2
1357133596 217
1357133602 3
1357133679 2
1357133687 3
1357134020 2
1357134031 3
1357134135 2
1357134156 3
1357134280 2
1357134286 3
1357134620 2
1357134625 233
1357134628 3
1357134828 2
1357134837 3
1357136456 2
1357136465 3
1357136528 2
1357136535 3
1357173715 2
1357173746 203
1357173749 3
1357174351 2
1357174407 2
1357174421 3
1357174513 2
1357174526 3
1357174639 2
1357174645 3
1357174968 2
1357174972 3
1357174998 2
1357175002 231
1357175004 251
1357175015 2
1357175034 251
1357175159 2
1357175164 251
1357175176 3
1357175312 2
1357175316 3
1357175553 2
1357175556 3
1357175628 2
1357175635 3
1357175955 2
1357175958 3
1357176172 2
1357176180 3
1357176204 2
1357176214 3
1357176300 2
1357176307 233
1357176313 233
1357176325 3
1357176363 2
1357176376 3
1357176387 2
1357176395 3
1357176404 2
1357176416 3
1357176427 2
1357176456 3
1357176472 2
1357176484 233
1357176490 251
1357176504 3
1357176566 2
1357176568 251
1357176626 2
1357176635 251
1357176639 3
1357176734 2
1357176739 233
1357176744 251
1357176746 233
1357176749 251
1357176760 233
1357176763 251
1357176775 251
1357176778 233
1357176787 251
1357176799 3
1357177028 2
1357177040 3
1357177126 2
1357177137 3
1357177418 2
1357177429 3
1357177673 2
1357177675 3
1357177692 2
1357177704 3
1357177903 2
1357177923 201
1357177962 3
1357178034 2
1357178037 278
1357178044 3
1357178396 2
1357178400 278
1357178407 202
1357178410 220
1357178414 220
1357178417 3
1357178623 2
1357178686 3
1357178870 2
1357178872 3
1357178931 2
1357178933 3
1357186232 2
1357186285 3
1357186481 2
1357186483 278
1357186488 278
1357186490 3
1357186764 2
1357186767 278
1357186770 278
1357186773 3
1357187986 2
1357187989 220
1357187993 3
1357188132 2
1357190374 278
1357190377 3
1357190383 2
1357190386 220
1357190442 2
1357190444 220
1357190503 2
1357190505 220
1357190573 2
1357190575 220
1357190597 2
1357190599 220
1357190674 2
1357190677 220
1357190762 220
1357190766 3
1357190856 2
1357190874 220
1357190957 2
1357190959 220
1357190962 220
1357191010 220
1357191081 3
1357191504 2
1357191508 3
1357195409 2
1357195411 3
1357195672 2
1357195676 3
1357197691 2
1357197693 3
1357203796 2
1357203798 3
1357203807 2
1357203810 3
1357203819 2
1357203822 3
1357203871 2
1357203873 3
1357203876 2
1357203879 220
1357203882 220
1357203888 220
1357203890 3
1357203892 2
1357203894 220
1357203900 3
1357203983 2
1357203985 3
1357204250 2
1357204253 220
1357204255 217
1357204284 3
1357204287 2
1357204290 278
1357204294 278
1357204299 3
1357204301 2
1357204305 278
1357204308 3
1357204634 2
1357204643 220
1357204647 220
1357204649 3
1357204652 2
1357204655 278
1357204667 3
1357204915 2
1357204962 220
1357204980 3
1357205058 2
1357205075 278
1357205085 220
1357205092 3
1357205585 2
1357205599 251
1357205603 3
1357205673 2
1357205689 220
1357205720 3
1357206005 2
1357206150 3
1357206158 2
1357206169 3
1357206306 2
1357206310 220
1357206337 233
1357206339 251
1357206393 251
1357206415 251
1357206437 220
1357206439 220
1357206440 220
1357206449 201
1357206452 278
1357206461 3
1357206865 2
1357206874 3
1357207011 2
1357207022 202
1357207034 3
1357207123 2
1357207126 220
1357207133 201
1357207134 202
1357207138 220
1357207144 220
1357207152 220
1357207155 220
1357207157 3
1357207266 2
1357207277 220
1357207284 220
1357207288 220
1357207294 220
1357207301 220
1357210505 3
1357210584 2
1357210586 209
1357210587 210
1357210590 217
1357210592 220
1357210600 220
1357210608 220
1357210613 220
1357210621 3
1357210755 2
1357210765 3
1357210787 2
1357210795 239
1357210803 3
1357211039 2
1357211056 278
1357211060 201
1357211064 284
1357211065 277
1357211070 217
1357211077 214
1357211080 278
1357211094 220
1357211096 277
1357211102 233
1357211113 233
1357211122 233
1357211152 233
1357211158 233
1357211163 233
1357211165 233
1357211174 3
1357211698 2
1357211708 217
1357211712 3
1357212015 2
1357212022 233
1357212030 217
1357212031 277
1357212033 220
1357212044 3
1357212184 2
1357212191 3
1357212336 2
1357212346 3
1357212480 2
1357212483 278
1357212498 3
1357212504 2
1357212511 233
1357212519 3
1357212854 2
1357212873 233
1357212881 233
1357212887 233
1357212893 233
1357212907 3
1357212909 2
1357212910 202
1357212913 278
1357212917 201
1357212957 202
1357212959 201
1357212962 278
1357212966 201
1357212970 202
1357212977 3
1357213619 2
1357213623 209
1357213623 210
1357213631 3
1357213874 2
1357213884 233
1357213900 233
1357213906 233
1357213913 3
1357213942 2
1357213946 3
1357213956 2
1357213960 3
1357213969 2
1357213974 3
1357213983 2
1357213994 202
1357213998 278
1357214001 201
1357214028 217
1357214030 215
1357214031 216
1357214035 203
1357214037 205
1357214041 3
1357264073 2
1357264152 3
1357268885 2
1357268896 3
1357270381 2
1357270398 3
1357270420 2
1357270431 3
1357270583 2
1357270597 3
1357270767 2
1357270778 3
1357271218 2
1357271238 3
1357271246 2
1357271315 3
1357271442 2
1357271464 3
1357271468 2
1357271473 3
1357271550 2
1357271677 3
1357271696 2
1357271888 3
1357271946 2
1357273036 3
1357277019 2
1357278349 3
1357278441 2
1357278621 3
1357278889 2
1357278898 3
1357282618 2
1357282624 276
1357282626 220
1357282630 284
1357282632 215
1357282633 212
1357282639 230
1357282647 3
1357282711 2
1357282714 276
1357282716 277
1357282721 203
1357282723 205
1357282745 3
1357282858 2
1357282871 3
1357283877 2
1357283885 232
1357283886 232
1357283888 276
1357283890 217
1357283892 277
1357283894 220
1357283896 216
1357283913 3
1357284148 2
1357284154 233
1357284156 231
1357284180 3
1357284253 2
1357284261 3
1357284369 2
1357284373 276
1357284380 3
1357284720 2
1357284724 3
1357285012 2
1357285019 204
1357285022 209
1357285032 3
1357285282 2
1357285297 3
1357285316 2
1357285322 3
1357285356 2
1357285361 3
1357285460 2
1357285465 3
1357285528 2
1357285552 3
1357285641 2
1357285650 3
1357287625 2
1357287660 3
1357287669 2
1357287688 3
1357287952 2
1357287958 248
1357287966 3
1357290397 2
1357290399 276
1357290408 268
1357290411 3
1357290844 2
1357290893 3
1357291228 2
1357291369 3
1357291376 2
1357291393 202
1357291394 278
1357291398 201
1357291423 247
1357291441 200
1357291445 3
1357291512 2
1357291529 200
1357291534 3
1357291616 2
1357291644 200
1357291653 3
1357291731 2
1357291735 202
1357291740 278
1357291751 201
1357291782 2
1357291784 247
1357291789 3
1357291952 2
1357291955 247
1357291961 3
1357291973 2
1357291977 247
1357291979 3
1357292099 2
1357292103 247
1357292106 202
1357292109 247
1357292117 216
1357292118 247
1357292120 247
1357292122 201
1357292125 278
1357292129 201
1357292151 200
1357292156 235
1357292158 3
1357292165 2
1357292167 247
1357292169 202
1357292172 3
1357292212 2
1357292215 220
1357292218 247
1357292222 247
1357292225 201
1357292241 200
1357292260 3
1357292311 2
1357292333 3
1357292433 2
1357292471 3
1357292788 2
1357292806 3
1357293086 2
1357293102 278
1357293132 3
1357521413 2
1357521459 272
1357521461 220
1357521466 3
1357522063 2
1357522069 251
1357522084 216
1357522086 213
1357522087 214
1357522088 212
1357522091 277
1357522095 3
1357522232 2
1357522238 214
1357522242 216
1357522243 284
1357522245 272
1357522247 217
1357522254 233
1357522256 3
1357523915 2
1357523924 3
1357524260 2
1357524276 3
1357524804 2
1357524814 3
1357525106 2
1357525114 3
1357525136 2
1357525149 3
1357525219 2
1357525223 3
1357525268 2
1357525274 3
1357525413 2
1357525419 3
1357525723 2
1357525763 2
1357525774 3
1357526529 2
1357526548 3
1357526550 2
1357526554 3
1357526640 2
1357526645 3
1357526863 2
1357526868 3
1357527357 2
1357527363 3
1357527588 2
1357527594 3
1357527607 2
1357527619 3
1357527641 2
1357527660 233
1357527662 232
1357527663 232
1357527696 3
1357528159 2
1357528175 3
1357528856 2
1357528865 3
1357529005 2
1357529014 3
1357529037 2
1357529046 3
1357529092 2
1357529101 3
1357529120 2
1357529131 3
1357529174 2
1357529184 3
1357529203 2
1357529213 3
1357529852 2
1357529856 3
1357530634 2
1357530636 3
1357530638 2
1357530640 3
1357531142 2
1357531149 3
1357535294 2
1357535347 3
1357536168 2
1357536174 3
1357536236 2
1357536239 3
1357536373 2
1357536380 3
1357536396 2
1357536407 3
1357536466 2
1357536474 3
1357536488 2
1357536494 3
1357536559 2
1357536568 3
1357536604 2
1357536612 3
1357536621 2
1357536634 3
1357536652 2
1357536666 3
1357537237 2
1357537248 3
1357541988 2
1357541995 3
1357542118 2
1357542170 3
1357543112 2
1357543114 3
1357543885 2
1357543894 3
1357544038 2
1357544092 3
1357544147 2
1357544153 3
1357544284 2
1357544292 3
1357544786 2
1357544791 3
1357545282 2
1357545289 3
1357545896 2
1357545906 3
1357546409 2
1357546414 3
1357546742 2
1357546745 3
1357547290 2
1357547296 3
1357547302 2
1357547312 3
1357547346 2
1357547358 3
1357547406 2
1357547413 3
1357547485 2
1357547493 3
1357547634 2
1357547643 3
1357547663 2
1357547689 3
1357547725 2
1357547730 3
1357547761 2
1357547766 3
1357547809 2
1357547823 3
1357547836 2
1357547851 200
1357547855 3
1357548016 2
1357548031 233
1357548032 232
1357548033 232
1357548036 3
1357548267 2
1357548280 3
1357548345 2
1357548355 3
1357548372 2
1357548404 3
1357549681 2
1357549698 2
1357549853 2
1357549898 2
1357550029 2
1357550193 2
1357550223 2
1357550325 2
1357550339 3
1357550385 2
1357550394 3
1357550539 2
1357550550 3
1357550561 2
1357550571 3
1357550593 2
1357550606 3
1357550809 2
1357550816 200
1357550852 200
1357550881 200
1357550977 3
1357551340 2
1357551415 3
1357551633 2
1357551636 3
1357551900 2
1357551902 3
1357552211 2
1357552213 3
1357552646 2
1357552650 217
1357552657 3
1357552669 2
1357552671 217
1357552678 3
1357552730 2
1357552736 217
1357552789 3
1357552811 2
1357552814 217
1357552824 3
1357554372 2
1357554401 3
1357554441 2
1357554445 268
1357554542 2
1357554594 2
1357554601 217
1357554901 2
1357554913 3
1357561274 2
1357561283 3
1357561344 2
1357561357 3
1357561848 2
1357561866 3
1357607666 2
1357607675 3
1357608494 2
1357608518 3
1357609013 2
1357609057 3
1357610170 2
1357610186 3
1357610325 2
1357610333 3
1357610346 2
1357610370 3
1357610642 2
1357610671 3
1357610709 2
1357610719 3
1357610721 2
1357610729 3
1357610775 2
1357610786 3
1357610850 2
1357610860 3
1357610890 2
1357610906 3
1357610931 2
1357610981 3
1357611899 2
1357611911 3
1357612040 2
1357612044 3
1357612072 2
1357612162 3
1357612549 2
1357612557 3
1357612662 2
1357612766 3
1357612794 2
1357612826 3
1357612836 2
1357612838 3
1357612849 2
1357612851 3
1357612873 2
1357612876 3
1357612922 2
1357613324 3
1357613330 2
1357613343 3
1357613361 2
1357613379 3
1357613409 2
1357613478 2
1357613527 2
1357613608 3
1357613821 2
1357613841 3
1357613985 2
1357614020 2
1357614050 3
1357614816 2
1357614961 2
1357614990 3
1357615082 2
1357615107 3
1357615160 2
1357615181 3
1357615234 2
1357615250 3
1357615337 2
1357615340 3
1357615413 2
1357615422 3
1357615489 2
1357615505 202
1357615509 278
1357616352 3
1357616370 2
1357616455 3
1357618417 2
1357618446 3
1357618464 2
1357618486 3
1357618516 2
1357618617 3
1357618804 2
1357618807 276
1357618819 3
1357622592 2
1357622604 3
1357622685 2
1357622691 3
1357622726 2
1357622763 3
1357622792 2
1357622805 3
1357622922 2
1357622936 3
1357623016 2
1357623061 3
1357623321 2
1357623326 3
1357623762 2
1357623781 3
1357623917 2
1357623937 3
1357623981 2
1357623993 3
1357624041 2
1357624053 3
1357624202 2
1357624204 3
1357624212 2
1357624222 3
1357624269 2
1357624291 3
1357624611 2
1357624625 3
1357624682 2
1357624684 276
1357624746 2
1357624795 2
1357624805 2
1357624813 3
1357624908 2
1357624941 2
1357624999 2
1357625033 3
1357625050 2
1357625139 2
1357625154 2
1357625233 2
1357625242 3
1357625281 2
1357625290 3
1357625301 2
1357625326 3
1357625442 2
1357625462 2
1357625472 3
1357625484 2
1357625500 2
1357625512 2
1357625543 2
1357625557 3
1357625639 2
1357632817 3
1357632831 2
1357632928 2
1357632950 2
1357632975 2
1357633089 2
1357633102 2
1357633161 3
1357635087 2
1357635139 2
1357635209 2
1357635240 3
1357635574 2
1357635607 3
1357635933 2
1357636003 3
1357636019 2
1357636077 3
1357636116 2
1357636177 3
1357636198 2
1357636207 3
1357636240 2
1357636258 3
1357636305 2
1357636354 3
1357636777 2
1357636782 3
1357637017 2
1357637029 3
1357637410 2
1357637416 201
1357637422 3
1357637734 2
1357637743 202
1357637747 3
1357637920 2
1357637923 3
1357637938 2
1357637941 220
1357637949 3
1357637956 2
1357637964 3
1357637966 2
1357637967 201
1357637970 202
1357637979 3
1357637984 2
1357637986 3
1357638007 2
1357638013 220
1357638020 3
1357638091 2
1357638094 278
1357638096 201
1357638099 202
1357638107 3
1357638145 2
1357638151 278
1357638159 201
1357638167 3
1357638197 2
1357638199 202
1357638202 3
1357638510 2
1357638514 278
1357638518 201
1357638526 3
1357638528 2
1357638531 3
1357638610 2
1357638613 202
1357638616 220
1357638620 201
1357638631 202
1357638634 3
1357639976 2
1357639986 3
1357640338 2
1357640343 272
1357640351 220
1357640402 3
1357640404 2
1357640409 3
1357640445 2
1357640487 3
1357640490 2
1357640502 201
1357640506 202
1357640509 3
1357640715 2
1357640719 220
1357640817 3
1357640819 2
1357640830 201
1357640834 3
1357641055 2
1357641064 284
1357641073 3
1357641143 2
1357641199 3
1357641250 2
1357641253 276
1357641277 239
1357641279 238
1357641281 251
1357641302 3
1357641348 2
1357641381 220
1357641400 3
1357642276 2
1357642279 284
1357642287 269
1357642289 270
1357642290 230
1357642298 3
1357642378 2
1357642380 202
1357642384 220
1357642402 3
1357642570 2
1357642587 3
1357642591 2
1357642596 3
1357642619 2
1357642652 3
1357642681 2
1357642792 201
1357642798 3
1357642855 2
1357642860 202
1357642862 200
1357642865 3
1357642903 2
1357642913 200
1357642919 200
1357642935 200
1357642941 235
1357642943 200
1357642945 3
1357642951 2
1357642953 202
1357642959 233
1357642980 3
1357643852 2
1357643882 201
1357643885 278
1357643890 201
1357643910 3
1357643919 2
1357643923 276
1357643928 214
1357644203 1025
1357644207 325
1357644208 327
1357644212 200
1357644291 200
1357644292 202
1357644295 3
1357644383 2
1357644386 272
1357644392 201
1357644394 220
1357644397 201
1357644439 1025
1357644441 323
1357644453 200
1357644455 3
1357644815 2
1357644820 202
1357644838 3
1357644880 2
1357644888 201
1357644892 278
1357644895 201
1357644909 1025
1357644911 325
1357644911 327
1357644916 202
1357644919 278
1357644924 278
1357644935 201
1357645172 1025
1357645176 325
1357645177 327
1357645180 3
1357645309 2
1357645315 3
1357645456 2
1357645466 202
1357645469 278
1357645472 201
1357645694 1025
1357645702 325
1357645703 327
1357645714 3
1357645788 2
1357645790 202
1357645796 3
1357645800 2
1357645802 3
1357645819 2
1357645823 220
1357645826 201
1357646063 1025
1357646063 327
1357646082 3
1357646154 2
1357646159 3
1357646724 2
1357646728 3
1357647125 2
1357647133 3
1357647265 2
1357647307 3
1357647445 2
1357647447 3
1357648009 2
1357648017 3
1357648192 2
1357648202 3
1357648277 2
1357648291 3
1357648293 2
1357648296 3
1357648402 2
1357648414 3
1357648438 2
1357648442 3
1357648496 2
1357648505 3
1357648547 2
1357648550 3
1357648579 2
1357648584 202
1357648587 272
1357648606 201
1357648609 278
1357648612 201
1357648620 1025
1357648620 327
1357648635 1025
1357648635 327
1357648651 1025
1357648651 327
1357648668 1025
1357648668 327
1357648683 1025
1357648701 327
1357648703 3
1357648880 2
1357648912 3
1357693889 2
1357693908 239
1357693912 203
1357693914 205
1357693945 209
1357693945 210
1357693969 239
1357693977 3
1357694366 2
1357694368 3
1357694497 2
1357694504 3
1357694714 2
1357694752 3
1357694911 2
1357694961 3
1357695008 2
1357695012 213
1357695014 213
1357695018 3
1357695797 2
1357695799 3
1357696111 2
1357696114 3
1357696119 2
1357696124 202
1357696126 278
1357696134 201
1357696140 215
1357696141 247
1357696144 201
1357696152 1025
1357696154 325
1357696162 327
1357696171 3
1357696215 2
1357696231 233
1357696233 202
1357696236 233
1357696250 220
1357696252 247
1357696259 201
1357696270 1025
1357696272 325
1357696272 327
1357696274 200
1357696278 3
1357696317 2
1357696320 3
1357696347 2
1357696356 235
1357696360 202
1357696363 235
1357696366 201
1357696368 278
1357696371 201
1357696381 1025
1357696382 325
1357696384 327
1357696387 3
1357696426 2
1357696434 202
1357696437 233
1357696448 278
1357696451 201
1357696454 247
1357696456 247
1357696459 201
1357696486 3
1357696522 2
1357696526 3
1357696552 2
1357696596 2
1357696598 202
1357696602 220
1357696604 247
1357696610 201
1357696632 3
1357696794 2
1357696806 220
1357696808 247
1357696810 202
1357696813 220
1357696816 247
1357696819 201
1357696874 3
1357697166 2
1357697177 202
1357697179 278
1357697182 235
1357697187 201
1357697215 3
1357698298 2
1357698940 3
1357709632 2
1357709708 3
1357711055 2
1357711093 3
1357711105 2
1357711108 3
1357711552 2
1357711575 3
1357712027 2
1357712031 3
1357712054 2
1357712057 3
1357712327 2
1357712335 3
1357712530 2
1357712633 3
1357712681 2
1357712688 3
1357712842 2
1357712847 3
1357713053 2
1357713102 3
1357713108 2
1357713111 3
1357713218 2
1357713221 3
1357713578 2
1357713583 3
1357713590 2
1357713598 3
1357713615 2
1357713619 3
1357713690 2
1357713695 3
1357713732 2
1357713737 3
1357713835 2
1357713841 3
1357713978 2
1357713985 3
1357714009 2
1357714014 3
1357714178 2
1357714183 233
1357714190 3
1357714215 2
1357714222 3
1357714340 2
1357714349 3
1357714417 2
1357714424 3
1357714482 2
1357714491 3
1357714515 2
1357714525 3
1357714550 2
1357714553 233
1357714561 217
1357714565 3
1357714598 2
1357714605 3
1357714748 2
1357714754 233
1357714761 233
1357714769 3
1357714843 2
1357714847 233
1357714853 3
1357714891 2
1357714896 233
1357714905 233
1357714912 233
1357714919 233
1357714927 233
1357714933 3
1357714936 2
1357714946 3
1357714951 2
1357714953 233
1357714961 233
1357714965 233
1357714971 233
1357714978 233
1357714991 233
1357714999 233
1357715026 3
1357715036 2
1357715040 233
1357715047 233
1357715057 233
1357715064 233
1357715077 233
1357715086 233
1357715095 233
1357715103 233
1357715178 3
1357715193 2
1357715202 233
1357715210 233
1357715217 233
1357715224 233
1357715232 217
1357715234 233
1357715325 2
1357715347 3
1357715600 2
1357715605 233
1357715610 233
1357715619 233
1357715627 233
1357715635 3
1357715655 2
1357715671 276
1357715679 3
1357716049 2
1357716063 233
1357716073 3
1357716395 2
1357716477 3
1357716690 2
1357716697 3
1357716710 2
1357716715 3
1357717118 2
1357717120 3
1357717226 2
1357717235 3
1357717403 2
1357717423 3
1357717491 2
1357717497 3
1357717520 2
1357717527 3
1357717559 2
1357717589 3
1357718149 2
1357718157 3
1357718188 2
1357718197 3
1357718200 2
1357718204 3
1357718494 2
1357718508 202
1357718513 220
1357718516 247
1357718541 3
1357718747 2
1357718758 201
1357718762 263
1357718881 3
1357719237 2
1357719255 3
1357719500 2
1357719518 247
1357719521 202
1357719524 247
1357719528 220
1357719532 201
1357719544 1025
1357719546 325
1357719547 327
1357719570 247
1357719573 202
1357719576 278
1357719578 235
1357719582 201
1357719602 235
1357719617 235
1357719623 1025
1357719626 325
1357719627 327
1357719639 1025
1357719647 325
1357719647 327
1357720017 220
1357720018 272
1357720029 203
1357720031 205
1357720042 3
1357720239 2
1357720581 3
1357721104 2
1357721113 3
1357721414 2
1357721439 3
1357721445 2
1357721458 3
1357721543 2
1357721630 3
1357721818 2
1357722223 3
1357722510 2
1357722516 3
1357723501 2
1357723505 233
1357723518 3
1357724947 2
1357724949 3
1357725964 2
1357725969 233
1357725996 3
1357725999 2
1357726004 3
1357726026 2
1357726040 3
1357726042 2
1357726061 3
1357726063 2
1357726070 3
1357726313 2
1357726331 3
1357726401 2
1357726419 3
1357726441 2
1357726474 3
1357726864 2
1357726871 3
1357800390 2
1357800468 207
1357800479 278
1357800481 209
1357800481 210
1357801114 3
1357809239 2
1357809290 217
1357809295 233
1357809298 233
1357809300 3
1357809302 2
1357809303 233
1357809306 3
1357809647 2
1357809651 268
1357809654 3
1357809694 2
1357809696 217
1357809699 3
1357809807 2
1357809810 217
1357809819 3
1357809865 2
1357809867 217
1357809874 233
1357809879 217
1357809881 217
1357809883 233
1357809888 217
1357809891 3
1357809893 2
1357809894 217
1357809900 3
1357809931 2
1357809932 233
1357809936 217
1357809941 3
1357809956 2
1357809958 217
1357809962 233
1357809966 217
1357809983 3
1357810039 2
1357810047 217
1357810051 3
1357810285 2
1357810310 204
1357810315 233
1357810319 204
1357810362 3
1357810419 2
1357810426 3
1357810454 2
1357810465 3
1357810967 2
1357810972 3
1357811014 2
1357811022 3
1357811035 2
1357811040 3
1357812181 2
1357812212 3
1357812395 2
1357812420 3
1357812897 2
1357812900 200
1357812916 3
1357812982 2
1357812984 3
1357812996 2
1357813014 3
1357813019 2
1357813021 3
1357813108 2
1357813116 3
1357813146 2
1357813150 3
1357813188 2
1357813223 3
1357814134 2
1357814138 3
1357814557 2
1357814559 3
1357814667 2
1357814670 233
1357814675 233
1357814677 3
1357814709 2
1357814719 3
1357814790 2
1357814798 233
1357814802 3
1357814820 2
1357814830 3
1357814927 2
1357814947 3
1357814955 2
1357814960 3
1357815126 2
1357815362 2
1357815387 2
1357815406 2
1357815425 2
1357815504 2
1357815520 2
1357815557 2
1357815577 3
1357815582 2
1357815588 3
1357815593 2
1357815594 233
1357815599 3
1357815936 2
1357815977 3
1357816097 2
1357816113 3
1357816117 2
1357816123 233
1357816127 3
1357816132 2
1357816138 233
1357816142 3
1357816890 2
1357816911 3
1357816983 2
1357816987 3
1357817076 2
1357817081 3
1357817123 2
1357817128 3
1357817217 2
1357817226 3
1357817494 2
1357817510 233
1357817524 233
1357817536 3
1357819195 2
1357819213 3
1357819546 2
1357819553 3
1357819575 2
1357819581 3
1357819916 2
1357819920 3
1357820055 2
1357820058 3
1357820287 2
1357820289 3
1357820331 2
1357820344 230
1357820507 230
1357820513 230
1357820628 3
1357821103 2
1357821117 3
1357822329 2
1357822338 3
1357822728 2
1357822740 3
1357871908 2
1357871974 238
1357871983 3
1357872597 2
1357872620 220
1357872625 216
1357872633 200
1357872636 3
1357872699 2
1357872702 3
1357873317 2
1357873320 3
1357873388 2
1357873395 3
1357873543 2
1357873583 3
1357873744 2
1357873750 3
1357873764 2
1357873772 3
1357873807 2
1357873816 3
1357873827 2
1357873834 3
1357873909 2
1357873921 3
1357874678 2
1357874694 233
1357874711 233
1357874720 233
1357874728 3
1357874738 2
1357874762 269
1357874764 270
1357874765 230
1357874768 247
1357874774 214
1357874775 213
1357874782 272
1357874787 3
1357874836 2
1357874838 233
1357874856 220
1357874858 284
1357874859 216
1357874860 247
1357874866 3
1357875168 2
1357875174 233
1357875186 3
1357875234 2
1357875240 233
1357875249 3
1357875344 2
1357875350 233
1357875359 3
1357875394 2
1357875399 233
1357875406 233
1357875412 233
1357875419 233
1357875427 233
1357875435 3
1357875658 2
1357875668 233
1357875672 3
1357875676 2
1357875680 233
1357875683 3
1357875726 2
1357875730 233
1357875733 3
1357875735 2
1357875737 233
1357875743 233
1357875753 3
1357875821 2
1357875827 233
1357875833 3
1357875835 2
1357875836 233
1357875841 3
1357875843 2
1357875848 233
1357875851 3
1357875853 2
1357875859 3
1357875983 2
1357875991 233
1357875994 233
1357876006 3
1357876060 2
1357876070 3
1357876234 2
1357876243 3
1357876276 2
1357876283 3
1357876312 2
1357876329 3
1357876350 2
1357876365 3
1357876444 2
1357876462 3
1357876904 2
1357876909 3
1357876918 2
1357876936 3
1357877005 2
1357877031 3
1357877162 2
1357877172 3
1357877468 2
1357877476 3
1357877534 2
1357877549 3
1357877581 2
1357877586 3
1357877797 2
1357877811 3
1357878011 2
1357878023 3
1357878051 2
1357878060 3
1357878072 2
1357878087 3
1357878143 2
1357878150 3
1357881950 2
1357881954 3
1357881998 2
1357882008 3
1357882250 2
1357882254 272
1357882259 272
1357882309 3
1357882331 2
1357882334 220
1357882336 272
1357882342 202
1357882345 220
1357882347 272
1357882351 3
1357882528 2
1357882533 201
1357882536 272
1357882561 3
1357882567 2
1357882570 272
1357882575 3
1357882599 2
1357882603 3
1357883214 2
1357883216 3
1357883393 2
1357883395 272
1357883422 272
1357883435 3
1357883599 2
1357883603 3
1357883961 2
1357883963 3
1357883991 2
1357883993 272
1357884001 3
1357884067 2
1357884072 220
1357884075 272
1357884078 233
1357884082 272
1357884103 3
1357884209 2
1357884221 220
1357884229 233
1357884232 233
1357884234 233
1357884238 251
1357884245 272
1357884249 3
1357884482 2
1357884484 272
1357884488 3
1357884620 2
1357884622 3
1357884668 2
1357884777 2
1357884779 3
1357884796 2
1357884804 272
1357884809 3
1357884818 2
1357884827 272
1357884828 220
1357884878 2
1357884880 3
1357885150 2
1357885155 272
1357885156 220
1357885163 272
1357885166 220
1357885174 3
1357885258 2
1357885260 272
1357885264 220
1357885277 3
1357885428 2
1357885447 3
1357885466 2
1357885471 201
1357885494 202
1357885496 220
1357885503 201
1357885511 202
1357885517 3
1357885976 2
1357885990 2
1357886048 2
1357886052 3
1357886203 2
1357886628 2
1357886642 3
1357886674 2
1357886687 3
1357887130 2
1357887181 233
1357887190 3
1357887264 2
1357887275 233
1357887283 3
1357887375 2
1357887377 233
1357887383 272
1357887387 220
1357887392 202
1357887396 3
1357887465 2
1357887467 3
1357890236 2
1357890327 3
1357890357 2
1357890361 3
1357890605 2
1357890608 3
1357890635 2
1357890639 220
1357890646 201
1357890648 200
1357890653 233
1357890664 276
1357890678 510
1357890680 325
1357890683 322
1357890687 3
1357890769 2
1357890780 1025
1357890783 327
1357890836 3
1357890959 2
1357890962 3
1357891274 2
1357891276 3
1357891499 2
1357891503 3
1357891686 2
1357891694 1025
1357891702 327
1357891704 3
1357891817 2
1357891828 3
1357891971 2
1357891975 3
1357892086 2
1357892097 3
1357892188 2
1357892198 1025
1357892200 327
1357892203 3
1357892424 2
1357892426 3
1357892583 2
1357892598 3
1357892655 2
1357892658 3
1357892671 2
1357892680 1025
1357892682 327
1357892691 3
1357892843 2
1357892859 1025
1357892862 327
1357892869 3
1357892903 2
1357892920 1025
1357892923 327
1357892935 3
1357892944 2
1357892952 3
1357893123 2
1357893134 1025
1357893136 325
1357893136 327
1357893141 3
1357893852 2
1357893858 3
1357893972 2
1357893976 3
1357894165 2
1357894168 3
1357894341 2
1357894355 3
1357894402 2
1357894405 3
1357894627 2
1357894629 3
1357894866 2
1357894870 3
1357894934 2
1357894941 3
1357895222 2
1357895260 3
1357896425 2
1357896428 3
1357896976 2
1357897010 3
1357897025 2
1357897034 523
1357897056 322
1357897060 3
1357897151 2
1357897153 3
1357897196 2
1357897206 523
1357897209 325
1357897209 322
1357897211 3
1357897228 2
1357897232 523
1357897236 322
1357897239 3
1357897330 2
1357897334 1025
1357897336 325
1357897336 327
1357897341 1025
1357897343 325
1357897343 327
1357897345 3
1357897447 2
1357897454 3
1357897459 2
1357897462 3
1357897611 2
1357897623 1025
1357897627 327
1357897629 3
1357897786 2
1357897798 1025
1357897799 325
1357897800 327
1357897803 3
1357897923 2
1357897926 3
1357898114 2
1357898129 1025
1357898131 327
1357898133 202
1357898141 272
1357898152 201
1357898155 278
1357898159 201
1357898175 204
1357898176 205
1357898178 203
1357898180 270
1357898181 269
1357898182 268
1357898184 230
1357898193 3
1357898253 2
1357898297 3
1357898414 2
1357898426 214
1357898427 276
1357898445 3
1357899034 2
1357899037 3
1357899086 2
1357899096 233
1357899101 200
1357899126 3
1357899147 2
1357899157 238
1357899174 236
1357899177 278
1357899187 3
1357899622 2
1357899629 278
1357899652 200
1357899676 233
1357899680 233
1357899689 276
1357899692 233
1357899695 276
1357899700 233
1357899710 233
1357899726 233
1357899794 213
1357899795 212
1357899798 214
1357899800 217
1357899806 233
1357899814 268
1357899817 268
1357899819 233
1357899837 232
1357899842 232
1357899843 232
1357899844 232
1357899844 232
1357899845 232
1357899849 233
1357899856 3
1357899860 2
1357899864 232
1357899868 232
1357899906 220
1357899911 276
1357899917 202
1357899920 220
1357899925 276
1357899930 220
1357900324 215
1357900325 247
1357900326 216
1357900328 213
1357900330 277
1357900360 203
1357900410 284
1357900413 269
1357900414 270
1357900415 268
1357900422 276
1357900424 247
1357900426 216
1357900428 220
1357900429 277
1357900434 276
1357900462 3
1357901480 2
1357901482 233
1357901487 276
1357901493 3
1357901805 2
1357901807 217
1357901808 276
1357901823 276
1357901827 3
1357903314 2
1357903320 233
1357903323 3
1357903327 2
1357903339 3
1357903361 2
1357903372 3
1357903431 2
1357903436 233
1357903458 3
1357903479 2
1357903481 233
1357903489 3
1357903562 2
1357903576 3
1357903601 2
1357903611 3
1357903656 2
1357903660 276
1357903665 233
1357903677 272
1357903683 272
1357903723 3
1358129869 2
1358129874 233
1358129879 272
1358129887 3
1358129984 2
1358129987 272
1358129991 3
1358130094 2
1358130096 3
1358130103 2
1358130105 272
1358130114 3
1358130188 2
1358130189 233
1358130195 251
1358130198 272
1358131073 3
1358131110 2
1358131112 272
1358131132 3
1358131197 2
1358131219 3
1358131220 2
1358131230 272
1358131266 2
1358131280 272
1358131370 2
1358131372 272
1358131485 2
1358131495 272
1358131501 3
1358131507 2
1358131511 272
1358131520 3
1358131559 2
1358131566 272
1358131582 3
1358131587 2
1358131589 272
1358131592 233
1358131599 272
1358131602 233
1358131606 272
1358131610 233
1358131615 272
1358131619 233
1358131622 272
1358131627 233
1358131632 272
1358131637 3
1358132245 2
1358132256 272
1358132266 272
1358132270 272
1358132277 201
1358132281 3
1358132332 2
1358132337 272
1358132339 251
1358132345 3
1358134675 2
1358134677 251
1358134682 3
1358134781 2
1358134785 251
1358134789 251
1358134791 233
1358134794 251
1358134797 272
1358134800 233
1358134803 251
1358134805 3
1358134835 2
1358134844 251
1358134846 3
1358134923 2
1358134926 251
1358134929 3
1358134956 2
1358134959 251
1358134962 3
1358135009 2
1358135011 251
1358135018 202
1358135021 251
1358135025 251
1358135029 3
1358135047 2
1358135052 220
1358135055 276
1358135057 233
1358135067 276
1358135070 233
1358135074 276
1358135076 233
1358135080 276
1358135082 3
1358135095 2
1358135181 3
1358135285 2
1358135289 3
1358135400 2
1358135404 272
1358135409 3
1358135748 2
1358135753 3
1358136013 2
1358136028 214
1358136031 3
1358136485 2
1358136764 3
1358137084 2
1358137087 3
1358137211 2
1358137218 3
1358137264 2
1358137268 272
1358137496 2
1358137499 272
1358137502 278
1358137512 3
1358137573 2
1358137581 3
1358137585 2
1358141716 2
1358141719 3
1358142101 2
1358142124 3
1358142127 2
1358142131 3
1358142148 2
1358142151 3
1358142167 2
1358142177 3
1358142197 2
1358142213 3
1358142286 2
1358142288 3
1358142381 2
1358142383 3
1358142612 2
1358142622 3
1358142632 2
1358142634 3
1358142645 2
1358142648 3
1358142924 2
1358142943 3
1358143081 2
1358143091 3
1358143766 2
1358143770 276
1358143778 3
1358143874 2
1358143889 3
1358143921 2
1358143928 3
1358144024 2
1358144032 201
1358144040 203
1358144044 3
1358150478 2
1358150492 3
1358150593 2
1358150599 272
1358150607 3
1358150647 2
1358150649 3
1358150813 2
1358150816 3
1358151762 2
1358151777 3
1358151835 2
1358151856 3
1358151979 2
1358151998 3
1358152067 2
1358152120 2
1358152142 3
1358152151 2
1358152271 2
1358152291 3
1358152393 2
1358152406 3
1358152623 2
1358152632 3
1358153469 2
1358153471 3
1358153932 2
1358153935 3
1358153965 2
1358153971 3
1358154037 2
1358154057 3
1358154059 2
1358154072 3
1358154074 2
1358154083 3
1358154232 2
1358154243 3
1358154352 2
1358154361 3
1358154386 2
1358154405 3
1358154437 2
1358154449 3
1358154526 2
1358154555 3
1358154568 2
1358154572 233
1358154590 3
1358154860 2
1358154863 3
1358154869 2
1358154871 3
1358154945 2
1358154962 3
1358155014 2
1358155031 278
1358155033 235
1358155035 207
1358155036 278
1358155039 3
1358155111 2
1358155114 3
1358155177 2
1358155202 3
1358156021 2
1358156025 3
1358156383 2
1358156399 2
1358156705 2
1358156721 2
1358156794 2
1358156812 3
1358156863 2
1358156873 3
1358156899 2
1358156917 3
1358157035 2
1358157059 3
1358157087 2
1358157100 3
1358157266 2
1358157272 3
1358157503 2
1358157513 3
1358157553 2
1358157566 3
1358157739 2
1358157775 3
1358157969 2
1358157985 3
1358158245 2
1358158248 3
1358158450 2
1358158464 3
1358158655 2
1358158662 3
1358158669 2
1358158695 3
1358158835 2
1358158847 233
1358158853 233
1358158861 3
1358158908 2
1358159000 3
1358159080 2
1358159086 3
1358159446 2
1358159452 3
1358159758 2
1358159768 3
1358159771 2
1358159914 278
1358160024 3
1358160613 2
1358160616 3
1358160625 2
1358160627 3
1358160688 2
1358160735 3
1358161105 2
1358161117 3
1358161196 2
1358161206 3
1358161240 2
1358161251 202
1358161260 3
1358161377 2
1358161388 201
1358161391 278
1358161396 201
1358161407 3
1358165865 2
1358165876 3
1358165899 2
1358165905 276
1358165908 216
1358165923 3
1358165991 2
1358166003 3
1358166664 2
1358166677 3
1358166679 2
1358166682 3
1358166865 2
1358166896 3
1358166899 2
1358166914 3
1358166934 2
1358166939 3
1358166954 2
1358166960 3
1358167417 2
1358167422 3
1358168080 2
1358168082 202
1358168089 278
1358168092 201
1358168111 3
1358168114 2
1358168116 3
1358168728 2
1358168748 3
1358168751 2
1358168761 3
1358168770 2
1358168772 202
1358168776 3
1358168778 2
1358168783 3
1358169255 2
1358169257 201
1358169260 278
1358169264 201
1358169275 202
1358169280 220
1358169286 233
1358169384 216
1358169386 284
1358169387 215
1358169389 247
1358169390 276
1358169391 217
1358169392 277
1358169405 3
1358169891 2
1358169921 1025
1358169924 323
1358169928 6
1358169931 6
1358169940 4
1358169958 327
1358170030 200
1358170032 200
1358170034 3
1358170040 2
1358170042 235
1358170045 3
1358170352 2
1358170371 272
1358170375 278
1358170377 235
1358170388 2
1358170391 235
1358170451 2
1358170456 220
1358170459 247
1358170506 2
1358170511 235
1358170563 2
1358170566 235
1358170993 2
1358170996 247
1358171001 247
1358171003 3
1358171006 2
1358171010 235
1358171028 235
1358171030 235
1358171032 201
1358171035 235
1358171038 235
1358171040 3
1358171043 2
1358171045 235
1358171047 3
1358212901 2
1358212910 3
1358213180 2
1358213187 200
1358213190 3
1358213440 2
1358213466 3
1358214310 2
1358214313 3
1358214321 2
1358214364 3
1358214679 2
1358214682 3
1358214861 2
1358214869 200
1358214874 3
1358215000 2
1358215003 3
1358215129 2
1358215138 200
1358215142 200
1358215147 3
1358215152 2
1358215154 200
1358215158 3
1358215198 2
1358215202 200
1358215207 3
1358215214 2
1358215217 200
1358215222 3
1358215251 2
1358215253 200
1358215304 2
1358215306 200
1358215316 2
1358215319 200
1358215369 2
1358215370 200
1358215380 2
1358215382 200
1358215477 2
1358215480 200
1358215521 2
1358215523 200
1358215534 3
1358217004 2
1358217008 200
1358217014 3
1358217740 2
1358217742 200
1358217802 2
1358217806 200
1358217819 2
1358217822 200
1358217956 2
1358217959 200
1358218003 2
1358218012 3
1358218033 2
1358218037 200
1358218079 2
1358218080 200
1358218150 2
1358218155 200
1358218185 3
1358218370 2
1358218372 200
1358218377 3
1358218420 2
1358218422 200
1358218433 202
1358218438 278
1358218442 201
1358218446 247
1358218450 200
1358218451 201
1358218461 200
1358218467 235
1358218472 200
1358218478 200
1358218482 235
1358218493 200
1358218496 3
1358219117 2
1358219132 220
1358219143 3
1358219420 2
1358219423 220
1358219427 233
1358219437 220
1358219448 3
1358219658 2
1358219706 272
1358219710 220
1358219717 3
1358219889 2
1358219896 3
1358220722 2
1358220735 276
1358220736 220
1358220743 3
1358221096 2
1358221100 220
1358221112 3
1358221591 2
1358221597 278
1358221602 3
1358221621 2
1358221622 233
1358221625 220
1358221631 3
1358221657 2
1358221661 220
1358221672 3
1358221727 2
1358221729 220
1358221734 3
1358221753 2
1358221756 220
1358221760 3
1358221823 2
1358221827 278
1358221840 3
1358221870 2
1358221874 220
1358221879 3
1358221935 2
1358221938 220
1358221948 3
1358221983 2
1358221987 220
1358221994 3
1358222000 2
1358222001 233
1358222004 220
1358222009 3
1358222098 2
1358222102 233
1358222106 278
1358222113 278
1358222127 3
1358222171 2
1358222177 278
1358222186 3
1358222211 2
1358222213 220
1358222216 233
1358222220 220
1358222227 233
1358222231 278
1358222235 233
1358222241 220
1358222244 3
1358222387 2
1358222391 220
1358222394 233
1358222398 220
1358222403 3
1358222447 2
1358222450 220
1358222455 233
1358222459 220
1358222468 3
1358222567 2
1358222571 233
1358222578 276
1358222586 3
1358222598 2
1358222616 278
1358222618 235
1358222626 200
1358222629 3
1358223188 2
1358223191 233
1358223195 3
1358223199 2
1358223201 200
1358223202 205
1358223204 202
1358223205 263
1358223216 220
1358223218 217
1358223220 217
1358223223 233
1358223246 231
1358223252 230
1358223256 268
1358223262 3
1358223434 2
1358223461 3
1358223506 2
1358223546 2
1358223551 220
1358223553 276
1358223556 278
1358223568 200
1358223583 3
1358223589 2
1358223612 3
1358223642 2
1358223647 3
1358223656 2
1358223671 3
1358223674 2
1358223677 231
1358223685 3
1358223689 2
1358223697 3
1358223700 2
1358223710 233
1358223712 232
1358223713 232
1358223723 200
1358224784 220
1358224786 284
1358224787 216
1358224791 212
1358224799 247
1358224801 215
1358224803 214
1358224805 214
1358224809 272
1358224814 233
1358224822 200
1358227265 3
1358227624 2
1358227631 3
1358228180 2
1358228196 3
1358228820 2
1358228992 278
1358228999 3
1358229096 2
1358229130 3
1358229284 2
1358229290 3
1358229341 2
1358229351 3
1358229488 2
1358229506 3
1358229522 2
1358229547 3
1358229609 2
1358229616 3
1358229631 2
1358229640 3
1358229865 2
1358229880 3
1358229890 2
1358229915 2
1358229977 3
1358229984 2
1358229994 247
1358230109 2
1358230139 3
1358230158 2
1358230166 3
1358230210 2
1358230224 3
1358230390 2
1358230414 2
1358230422 3
1358230433 2
1358230469 3
1358230500 2
1358230514 3
1358230537 2
1358230547 3
1358230742 2
1358230751 3
1358230802 2
1358230859 2
1358230868 3
1358231265 2
1358231283 3
1358231291 2
1358231293 3
1358231335 2
1358231354 3
1358231387 2
1358231396 3
1358231495 2
1358231502 3
1358231521 2
1358231529 3
1358231564 2
1358231576 3
1358231591 2
1358231600 3
1358231611 2
1358231618 3
1358231655 2
1358231675 3
1358231705 2
1358231713 3
1358231805 2
1358231812 3
1358231832 2
1358231846 3
1358232046 2
1358232055 3
1358232070 2
1358232084 3
1358232243 2
1358232249 3
1358232419 2
1358232444 3
1358232638 2
1358232660 3
1358232833 2
1358232835 3
1358232943 2
1358232961 213
1358233125 263
1358233177 200
1358233196 3
1358233440 2
1358233469 3
1358233952 2
1358233962 3
1358234014 2
1358234031 3
1358234206 2
1358234219 3
1358234322 2
1358234334 3
1358234338 2
1358234349 3
1358234375 2
1358234382 3
1358234456 2
1358234472 3
1358234475 2
1358234483 3
1358234486 2
1358234508 3
1358234510 2
1358234522 3
1358234525 2
1358234533 3
1358234536 2
1358234545 3
1358234547 2
1358234555 3
1358234558 2
1358234568 3
1358234570 2
1358234578 3
1358234581 2
1358234590 233
1358234594 278
1358234599 233
1358234602 233
1358234605 276
1358234611 233
1358234619 3
1358235701 2
1358235709 284
1358235710 217
1358235711 277
1358235714 276
1358235717 207
1358235718 278
1358235720 209
1358235720 235
1358235724 204
1358235725 203
1358235728 204
1358235731 200
1358235738 272
1358235757 202
1358235762 220
1358235776 3
1358236207 2
1358236223 220
1358236231 3
1358236236 2
1358236238 272
1358236241 272
1358236246 272
1358236280 276
1358236285 233
1358236291 278
1358236292 209
1358236293 210
1358236293 235
1358236313 3
1358236323 2
1358236332 277
1358236334 220
1358236357 272
1358236429 3
1358236677 2
1358236686 272
1358236733 220
1358236740 3
1358236794 2
1358236804 272
1358236819 220
1358236823 220
1358236837 3
1358236873 2
1358236876 3
1358236894 2
1358236898 272
1358236966 2
1358236970 220
1358236980 3
1358236993 2
1358237020 272
1358237031 3
1358237042 2
1358237045 3
1358237118 2
1358237124 220
1358237127 272
1358237181 3
1358237992 2
1358237997 272
1358238033 3
1358238037 2
1358238040 272
1358238045 278
1358238082 278
1358238086 201
1358238089 272
1358238105 201
1358238108 220
1358238132 3
1358238181 2
1358238194 220
1358238199 201
1358238208 3
1358238707 2
1358238711 3
1358239034 2
1358239040 3
1358239118 2
1358239120 3
1358239675 2
1358239679 272
1358239682 3
1358239948 2
1358239950 3
1358240117 2
1358240136 3
1358240166 2
1358240175 272
1358240186 202
1358240191 278
1358240193 272
1358240199 3
1358240254 2
1358240257 272
1358240266 278
1358240280 220
1358240282 220
1358240291 3
1358240503 2
1358240524 278
1358240526 3
1358240540 2
1358240545 278
1358240549 3
1358240566 2
1358240568 276
1358240576 272
1358240637 3
1358240651 2
1358240653 201
1358240656 272
1358240658 202
1358240662 272
1358240667 220
1358240682 220
1358240689 3
1358242260 2
1358242263 3
1358242281 2
1358242286 201
1358242288 202
1358242291 3
1358242346 2
1358242350 272
1358242408 3
1358242581 2
1358242585 272
1358242630 201
1358242633 220
1358242644 233
1358242690 233
1358242692 236
1358242693 233
1358242698 201
1358242704 3
1358242713 2
1358242717 272
1358242751 202
1358242755 272
1358242784 3
1358242929 2
1358242931 3
1358243021 2
1358243032 3
1358243878 2
1358243885 3
1358243913 2
1358243916 272
1358243932 220
1358243940 272
1358243961 3
1358244013 2
1358244016 272
1358244244 2
1358244246 201
1358244249 278
1358244261 201
1358244263 202
1358244293 272
1358244362 3
1358244366 2
1358244371 207
1358244373 278
1358244376 233
1358244384 3
1358244410 2
1358244415 220
1358244424 233
1358244436 220
1358244438 233
1358244443 201
1358244446 204
1358244467 236
1358244471 238
1358244473 214
1358244480 214
1358244485 220
1358244488 214
1358244490 3
1358244494 2
1358244496 214
1358244498 212
1358244499 284
1358244501 3
1358245194 2
1358245199 3
1358245318 2
1358245325 204
1358245333 235
1358245335 278
1358245337 236
1358245348 200
1358245353 3
1358246652 2
1358246664 3
1358246871 2
1358246875 3
1358253601 2
1358253614 276
1358253622 3
1358254114 2
1358254118 247
1358254122 278
1358254130 233
1358254141 3
1358254458 2
1358254477 3
1358255361 2
1358255403 202
1358255406 201
1358256165 220
1358256674 200
1358256679 235
1358256681 207
1358256682 278
1358256684 235
1358256687 209
1358256687 210
1358256757 203
1358384069 3
1358400511 2
1358400522 3
1358400599 2
1358400609 220
1358400617 216
1358400619 284
1358400688 233
1358401535 268
1358401537 269
1358401538 230
1358401547 278
1358401549 209
1358401549 235
1358401551 278
1358401596 207
1358401600 276
1358401601 216
1358401616 268
1358401617 270
1358401620 236
1358401622 232
1358401622 232
1358401624 238
1358401628 235
1358401639 203
1358401833 233
1358401888 233
1358401894 3
1358402307 2
1358402310 201
1358402318 284
1358402322 272
1358402324 220
1358402325 277
1358402332 3
1358410460 2
1358410462 3
1358410842 2
1358410845 3
1358412000 2
1358412002 233
1358412007 3
1358412820 2
1358412828 3
1358413649 2
1358413657 3
1358414500 2
1358414529 3
1358414586 2
1358414622 3
1358414637 2
1358414651 3
1358414691 2
1358414699 278
1358414709 272
1358414711 220
1358414712 284
1358414714 3
1358416217 2
1358416327 3
1358417127 2
1358417134 272
1358417136 220
1358417151 276
1358417153 216
1358417161 233
1358417167 3
1358417319 2
1358417322 3
1358417422 2
1358417428 3
1358417697 2
1358417701 3
1358417752 2
1358417827 3
1358417885 2
1358417889 277
1358417894 3
1358418316 2
1358418354 2
1358418390 2
1358418410 3
1358418649 2
1358418661 201
1358418667 3
1358418869 2
1358418875 3
1358418978 2
1358418983 3
1358418991 2
1358419000 3
1358419023 2
1358419029 3
1358419060 2
1358419067 3
1358419102 2
1358419107 3
1358419124 2
1358419131 3
1358419203 2
1358419207 3
1358419361 2
1358419369 3
1358419429 2
1358419439 3
1358419523 2
1358419528 3
1358419541 2
1358419545 3
1358419555 2
1358419704 2
1358419716 3
1358419728 2
1358419744 3
1358419767 2
1358419776 277
1358419787 3
1358419899 2
1358419910 3
1358419948 2
1358419966 3
1358420227 2
1358420250 3
1358420406 2
1358420410 3
1358420505 2
1358420521 3
1358420531 2
1358420540 3
1358420580 2
1358420590 3
1358421039 2
1358421049 3
1358421082 2
1358421090 3
1358421206 2
1358421216 3
1358421240 2
1358421273 276
1358421274 217
1358421275 277
1358421279 3
1358421326 2
1358421337 3
1358421390 2
1358421410 3
1358421582 2
1358421710 3
1358421756 2
1358421781 236
1358421875 3
1358422121 2
1358422128 3
1358422167 2
1358422172 276
1358422194 272
1358422196 220
1358422199 203
1358422202 236
1358422207 3
1358430025 2
1358430067 3
1358430271 2
1358430307 3
1358430391 2
1358430407 3
1358430665 2
1358430682 3
1358430713 2
1358430722 3
1358431303 2
1358431318 3
1358431338 2
1358431369 2
1358431402 3
1358431443 2
1358431673 2
1358431692 3
1358431711 2
1358431713 3
1358431722 2
1358431736 3
1358432182 2
1358432187 202
1358432189 200
1358432199 3
1358432693 2
1358432717 233
1358432724 233
1358432736 3
1358432753 2
1358432759 233
1358432766 233
1358432770 233
1358432773 233
1358432780 3
1358472180 2
1358472227 230
1358472259 3
1358472319 2
1358472332 3
1358472354 2
1358472357 216
1358472364 3
1358472519 2
1358472523 216
1358472527 213
1358472529 3
1358472549 2
1358472552 216
1358472558 3
1358472585 2
1358472592 3
1358472677 2
1358472685 3
1358474268 2
1358474281 3
1358475027 2
1358475029 3
1358475287 2
1358475300 3
1358475362 2
1358475379 3
1358475503 2
1358475513 3
1358475537 2
1358475542 3
1358475558 2
1358475565 3
1358475585 2
1358475602 3
1358476554 2
1358476578 3
1358476664 2
1358476668 276
1358476718 247
1358476775 276
1358476824 3
1358476961 2
1358477002 3
1358477017 2
1358477036 3
1358477057 2
1358477085 3
1358477137 2
1358477143 3
1358477166 2
1358477201 3
1358477351 2
1358477383 3
1358477487 2
1358477497 3
1358477671 2
1358477682 3
1358477704 2
1358477713 3
1358477736 2
1358477744 3
1358477760 2
1358477817 3
1358478375 2
1358478384 3
1358478400 2
1358478410 3
1358478646 2
1358478669 3
1358479017 2
1358479024 3
1358479329 2
1358480632 3
1358486867 2
1358486869 1024
1358494848 2
1358494871 3
1358494877 2
1358494879 3
1358494922 2
1358494966 2
1358495022 3
1358495027 2
1358495029 3
1358495078 2
1358495251 2
1358495271 3
1358495299 2
1358495336 3
1358495516 2
1358495537 3
1358495585 2
1358495615 3
1358496484 2
1358496505 2
1358496703 2
1358496725 3
1358496748 2
1358496769 3
1358496798 2
1358496815 3
1358496856 2
1358496869 3
1358496977 2
1358496992 3
1358497019 2
1358497105 202
1358497111 220
1358497128 3
1358497200 2
1358497229 3
1358497344 2
1358497489 3
1358497560 2
1358497566 3
1358497594 2
1358497602 3
1358497620 2
1358497642 3
1358497645 2
1358497662 3
1358497697 2
1358497715 3
1358497751 2
1358497770 3
1358497776 2
1358497781 3
1358498100 2
1358498125 3
1358498172 2
1358498180 3
1358498183 2
1358498197 3
1358498213 2
1358498227 3
1358498286 2
1358498303 2
1358498316 3
1358498371 2
1358498377 3
1358498400 2
1358498404 3
1358498524 2
1358498542 3
1358498549 2
1358498553 3
1358498665 2
1358498799 2
1358498806 3
1358498816 2
1358498825 3
1358498840 2
1358498857 3
1358498885 2
1358498965 2
1358498978 3
1358498981 2
1358499009 2
1358499122 2
1358499138 2
1358499306 2
1358499370 2
1358499482 2
1358499509 3
1358499515 2
1358499572 3
1358499620 2
1358499658 2
1358499705 2
1358499745 3
1358499796 2
1358499801 3
1358499894 2
1358499906 3
1358499915 2
1358499969 217
1358500069 2
1358500140 2
1358500143 3
1358500190 2
1358500227 3
1358500308 2
1358500325 3
1358500428 2
1358500531 2
1358500587 2
1358500629 276
1358500638 3
1358500782 2
1358500820 3
1358500983 2
1358500986 212
1358502487 3
1358502624 2
1358502634 3
1358502641 2
1358502682 3
1358502687 2
1358502693 3
1358502731 2
1358502744 3
1358502798 2
1358502885 3
1358502915 2
1358502965 3
1358502993 2
1358503010 3
1358510775 2
1358510783 201
1358510789 217
1358510797 220
1358510807 3
1358732908 2
1358732932 3
1358750828 2
1358750832 212
1358750836 3
1358750975 2
1358750980 3
1358751087 2
1358751090 3
1358751214 2
1358751226 212
1358751242 212
1358751244 3
1358751247 2
1358751249 212
1358751252 3
1358751317 2
1358751320 212
1358751323 212
1358751326 220
1358751328 202
1358751332 278
1358751346 212
1358751347 212
1358751350 278
1358751354 212
1358751378 212
1358751380 212
1358751382 220
1358751386 212
1358751387 220
1358751392 212
1358751394 3
1358751419 2
1358751423 213
1358751425 214
1358751428 3
1358751522 2
1358751533 3
1358751973 2
1358751975 217
1358751985 3
1358752009 2
1358752012 201
1358752022 202
1358752024 278
1358752031 201
1358752034 278
1358752038 201
1358752040 216
1358752046 3
1358752559 2
1358752570 277
1358752580 3
1358752608 2
1358752626 212
1358752632 278
1358752637 202
1358752640 278
1358752644 201
1358752648 212
1358752661 212
1358752664 3
1358752666 2
1358752668 212
1358752672 3
1358752705 2
1358752707 212
1358752710 3
1358753869 2
1358753871 3
1358754000 2
1358754007 3
1358755355 2
1358755358 3
1358755442 2
1358755458 3
1358755486 2
1358755492 3
1358757405 2
1358757424 3
1358757602 2
1358757647 3
1358757712 2
1358757720 3
1358758519 2
1358758695 3
1358758717 2
1358758777 3
1358758892 2
1358758897 3
1358759149 2
1358759154 3
1358759546 2
1358763973 3
1358766168 2
1358766176 3
1358766507 2
1358766527 3
1358766571 2
1358766574 3
1358766846 2
1358766850 3
1358767003 2
1358767033 3
1358767040 2
1358767044 3
1358767277 2
1358767281 3
1358768063 2
1358768095 3
1358768123 2
1358768157 3
1358768195 2
1358768215 3
1358768375 2
1358768551 3
1358768637 2
1358768642 3
1358768783 2
1358768788 3
1358768833 2
1358768867 3
1358769238 2
1358769300 3
1358769462 2
1358769482 3
1358769641 2
1358769654 3
1358769791 2
1358769827 3
1358769907 2
1358769918 3
1358770323 2
1358775240 3
1358776132 2
1358776137 270
1358776144 272
1358776166 203
1358776169 204
1358776173 209
1358776175 207
1358776177 278
1358776178 235
1358776181 270
1358776183 268
1358776188 3
1358776358 2
1358776368 213
1358776374 3
1359032619 2
1359032622 233
1359032628 3
1359032729 2
1359032737 233
1359032745 233
1359032782 233
1359032786 217
1359032788 276
1359032799 233
1359032805 233
1359032825 233
1359032857 233
1359032861 233
1359033038 220
1359033088 272
1359033089 220
1359033091 216
1359033092 284
1359033093 247
1359033094 215
1359033096 214
1359033098 213
1359033102 231
1359033153 233
1359033157 233
1359033161 233
1359033215 212
1359033224 212
1359033225 213
1359033229 276
1359033231 284
1359033238 212
1359033247 220
1359033267 276
1359033273 236
1359033284 276
1359033287 276
1359033298 276
1359033305 233
1359033308 233
1359033315 276
1359033339 276
1359033342 233
1359033375 232
1359033377 232
1359033384 238
1359033391 233
1359033399 233
1359033416 276
1359033419 272
1359033421 277
1359033432 202
1359033449 232
1359033451 3
1359033454 2
1359033457 236
1359033458 232
1359033484 213
1359033491 214
1359033493 216
1359033497 233
1359033499 236
1359033510 220
1359033515 217
1359033521 215
1359033527 3
1359033531 2
1359033547 203
1359033563 220
1359033577 3
1359033702 2
1359033719 233
1359033723 3
1359033725 2
1359033729 201
1359033740 3
