1363154264 2
1363154269 3
1363154289 2
1363154291 217
1363154331 3
1363154517 2
1363154519 3
1363154556 2
1363154565 268
1363154574 3
1363587826 2
1363587841 3
1363656331 2
1363656378 230
1363656386 278
1363656407 268
1363656413 233
1363656428 268
1363656435 3
1363656847 2
1363656861 3
1363657634 2
1363657637 233
1363657645 217
1363657662 217
1363657672 233
1363657680 268
1363657691 3
1363657928 2
1363658141 3
1363658318 2
1363658335 217
1363658342 3
1363658507 2
1363658513 217
1363658521 3
1363658648 2
1363658651 217
1363658680 3
1363658738 2
1363658747 217
1363658757 3
1363659436 2
1363659444 269
1363659454 3
1363659672 2
1363659696 3
1363662546 2
1363662582 3
1363662706 2
1363662716 217
1363662726 203
1363662728 205
1363662730 204
1363662739 3
1363662778 2
1363662796 238
1363662799 251
1363662806 272
1363662816 215
1363662827 3
1363662844 2
1363662846 217
1363662850 3
1363663220 2
1363663260 3
1363663292 2
1363663305 213
1363663318 277
1363663327 3
1363663405 2
1363663418 217
1363663444 3
1363663490 2
1363663496 268
1363663508 233
1363663512 276
1363663518 268
1363663544 3
1363663590 2
1363663607 235
1363663623 217
1363663639 3
1363664820 2
1363664851 233
1363664853 232
1363664853 232
1363664865 3
1363665177 2
1363665193 248
1363665210 1024
1363665218 327
1363665283 3
1363667190 2
1363669540 3
1363670267 2
1363670277 233
1363670283 3
1363670294 2
1363670297 233
1363670302 3
1363670438 2
1363670457 233
1363670461 233
1363670464 233
1363670471 233
1363670476 3
1363670639 2
1363670653 276
1363670657 233
1363670659 233
1363670665 3
1363670678 2
1363670687 233
1363670691 3
1363672013 2
1363672019 277
1363672034 3
1363672133 2
1363672164 3
1363672296 2
1363672310 233
1363672314 277
1363672318 3
1363672345 2
1363672363 277
1363672375 233
1363672380 277
1363672395 3
1363672436 2
1363672442 212
1363672455 269
1363672458 235
1363672475 233
1363672483 3
1363672509 2
1363672528 220
1363672622 3
1363673105 2
1363673226 3
1363673309 2
1363673425 3
1363674065 2
1363674095 3
1363674557 2
1363674603 3
1363676454 2
1363676468 3
1363676544 2
1363676547 233
1363676568 3
1363676585 2
1363676605 3
1363676862 2
1363676866 220
1363676876 3
1363677213 2
1363677222 220
1363677228 202
1363677235 278
1363677252 220
1363677262 276
1363677264 220
1363677270 220
1363677273 3
1363677689 2
1363677700 220
1363677705 220
1363677711 220
1363677717 220
1363677722 3
1363677800 2
1363677845 220
1363677850 220
1363677867 220
1363677875 3
1363679558 2
1363679562 3
1363679615 2
1363679633 3
1363679650 2
1363679673 3
1363680079 2
1363680096 233
1363680103 3
1363680126 2
1363680148 3
1363680208 2
1363680225 3
1363680279 2
1363680525 2
1363680569 3
1363680575 2
1363680594 3
1363680731 2
1363680769 3
1363680861 2
1363680962 3
1363681125 2
1363681150 3
1363681230 2
1363681259 3
1363681274 2
1363681279 233
1363681290 3
1363681299 2
1363681307 233
1363681311 3
1363681326 2
1363681339 3
1363681461 2
1363681535 3
1363682809 2
1363682824 3
1363682866 2
1363682888 3
1363682933 2
1363682945 3
1363682970 2
1363683101 2
1363683125 3
1363683215 2
1363683259 3
1363683591 2
1363683611 3
1363683641 2
1363683678 3
1363683713 2
1363683812 2
1363683845 3
1363684402 2
1363684421 3
1363685006 2
1363685208 233
1363685213 3
1363685235 2
1363685289 233
1363685295 3
1363685318 2
1363685412 3
1363685683 2
1363685903 3
1363686927 2
1363686936 3
1363687587 2
1363687669 3
1363691898 2
1363691938 3
1363692571 2
1363692676 3
1363692688 2
1363692702 3
1363692735 2
1363692750 3
1363693348 2
1363693393 3
1363693429 2
1363693597 2
1363693690 2
1363693718 3
1363693819 2
1363693841 3
1363693881 2
1363693906 3
1363694046 2
1363694059 3
1363694143 2
1363694160 3
1363694230 2
1363694249 3
1363694284 2
1363694305 3
1363694333 2
1363694348 3
1363694639 2
1363694642 3
1363694661 2
1363694704 3
1363695033 2
1363695038 3
1363695058 2
1363695087 3
1363695506 2
1363695657 3
1363695732 2
1363695846 3
1363696394 2
1363696618 3
1363696635 2
1363696668 3
1363696741 2
1363696760 3
1363696834 2
1363696856 3
1363697408 2
1363697425 3
1363697548 2
1363697570 3
1363697670 2
1363697682 3
1363697751 2
1363697862 2
1363697876 3
1363697999 2
1363698016 3
1363741210 2
1363741233 3
1363741717 2
1363741799 277
1363741903 3
1363742671 2
1363742683 3
1363742711 2
1363742728 3
1363742751 2
1363742808 2
1363742820 3
1363742999 2
1363743023 3
1363743095 2
1363743108 3
1363743496 2
1363743536 3
1363743623 2
1363743637 3
1363743850 2
1363743889 2
1363743905 233
1363743910 3
1363743979 2
1363744008 233
1363744013 3
1363744026 2
1363744038 3
1363744066 2
1363744123 233
1363744128 3
1363744149 2
1363744198 233
1363744201 3
1363744294 2
1363744367 3
1363744402 2
1363744432 3
1363744574 2
1363744593 3
1363744952 2
1363744971 3
1363744992 2
1363745009 3
1363745045 2
1363745061 3
1363745140 2
1363745165 3
1363745190 2
1363745662 2
1363745808 3
1363745842 2
1363745875 3
1363745941 2
1363745993 3
1363746024 2
1363746072 3
1363746280 2
1363746317 3
1363746665 2
1363746698 3
1363747134 2
1363747224 3
1363747278 2
1363747335 3
1363747561 2
1363747610 3
1363747701 2
1363747722 3
1363747911 2
1363747969 3
1363748168 2
1363748182 3
1363748492 2
1363748583 3
1363748763 2
1363748782 3
1363749327 2
1363749398 2
1363749483 2
1363749498 233
1363749502 3
1363749509 2
1363749557 3
1363750013 2
1363750030 3
1363750059 2
1363750078 3
1363750916 2
1363750942 3
1363750950 2
1363750981 3
1363751206 2
1363751224 233
1363751228 3
1363751237 2
1363751278 3
1363751366 2
1363751388 3
1363752136 2
1363752250 3
1363752282 2
1363752291 3
1363752393 2
1363752446 3
1363752457 2
1363752476 3
1363752487 2
1363752544 2
1363752625 3
1363752690 2
1363752728 3
1363752915 2
1363752960 3
1363753023 2
1363753037 3
1363753065 2
1363753228 3
1363753270 2
1363753311 3
1363753343 2
1363753402 3
1363755910 2
1363756024 3
1363756311 2
1363756352 3
1363756362 2
1363756376 3
1363756386 2
1363756443 3
1363756477 2
1363756514 3
1363756530 2
1363756578 3
1363756600 2
1363756697 3
1363756870 2
1363757736 2
1363757868 3
1363757929 2
1363758477 2
1363758517 3
1363758540 2
1363758547 3
1363758604 2
1363758625 3
1363759221 2
1363759250 3
1363759301 2
1363759412 3
1363759486 2
1363759599 3
1363760034 2
1363760057 3
1363760118 2
1363760549 2
1363760677 3
1363760737 2
1363760766 3
1363760933 2
1363760995 3
1363761079 2
1363761107 3
1363761126 2
1363761174 3
1363761531 2
1363761582 3
1363761613 2
1363761781 3
1363761800 2
1363761911 3
1363761947 2
1363762061 3
1363762090 2
1363762123 3
1363762271 2
1363762342 3
1363763396 2
1363763403 3
1363763422 2
1363763459 3
1363763493 2
1363763585 2
1363763600 3
1363763689 2
1363763780 2
1363763789 3
1363763810 2
1363763976 2
1363764096 3
1363764119 2
1363764283 3
1363764398 2
1363764441 3
1363764526 2
1363764546 3
1363764579 2
1363764612 3
1363764649 2
1363764772 3
1363765468 2
1363765488 3
1363765560 2
1363765612 3
1363765641 2
1363765652 3
1363765681 2
1363765697 3
1363765722 2
1363765732 3
1363765754 2
1363765763 3
1363765787 2
1363765799 3
1363765824 2
1363765922 3
1363765944 2
1363765956 3
1363765972 2
1363765982 3
1363766096 2
1363766123 3
1363767765 2
1363767785 3
1363767919 2
1363767971 3
1363768194 2
1363768205 220
1363768284 3
1363768368 2
1363768388 3
1363768668 2
1363768728 3
1363768764 2
1363768784 3
1363769284 2
1363769306 3
1363769412 2
1363769459 3
1363770164 2
1363770253 3
1363770580 2
1363770628 3
1363777629 2
1363777649 3
1363938953 2
1363938982 278
1363939065 3
1363941077 2
1363941091 3
1363941117 2
1363941648 2
1363941681 3
1363941701 2
1363941737 3
1363941837 2
1363941860 3
1363941879 2
1363941922 3
1363941944 2
1363941998 3
1363942055 2
1363942071 3
1363942096 2
1363942127 3
1363942146 2
1363942220 3
1363942266 2
1363942298 3
1363942377 2
1363942404 3
1363944342 2
1363944358 3
1363944379 2
1363944494 3
1363945041 2
1363945105 3
1363945252 2
1363945272 3
1363949195 2
1363949225 3
1363949274 2
1363949346 233
1363949351 3
1363949358 2
1363949388 3
1363950388 2
1363950417 2
1363950510 3
1363950519 2
1363950560 3
1363950577 2
1363950866 2
1363951089 2
1363951121 3
1363951165 2
1363951330 3
1363951404 2
1363951633 3
1363951687 2
1363951813 3
1363952173 2
1363952256 3
1363952897 2
1363952902 3
1363953939 2
1363954031 3
1364183331 2
1364183357 3
1364184209 2
1364184527 3
1364188355 2
1364188379 3
1364188580 2
1364188626 3
1364188674 2
1364188685 277
1364188822 2
1364188865 3
1364189054 2
1364189094 3
1364189115 2
1364189167 3
1364189218 2
1364189261 3
1364189588 2
1364189621 3
1364189847 2
1364189875 3
1364189926 2
1364190218 2
1364190376 3
1364190855 2
1364190920 3
1364190946 2
1364190970 3
1364191048 2
1364191136 3
1364191149 2
1364191276 3
1364191362 2
1364191377 3
1364191599 2
1364191643 3
1364191705 2
1364191718 3
1364191793 2
1364191815 3
1364191853 2
1364191860 277
1364191870 3
1364191946 2
1364191955 3
1364191983 2
1364191995 3
1364192028 2
1364192130 3
1364192143 2
1364192190 3
1364192279 2
1364192324 3
1364192379 2
1364192403 3
1364192451 2
1364192465 3
1364192529 2
1364192552 3
1364192623 2
1364192640 3
1364192671 2
1364192684 3
1364192714 2
1364192728 3
1364192779 2
1364192803 3
1364192820 2
1364192836 3
1364192894 2
1364192910 3
1364192940 2
1364192960 3
1364192989 2
1364193007 3
1364193309 2
1364193331 3
1364193386 2
1364193430 3
1364193489 2
1364193513 3
1364193550 2
1364193567 3
1364193635 2
1364193657 3
1364193712 2
1364193744 248
1364193761 3
1364195125 2
1364195144 248
1364195152 3
1364195198 2
1364195453 269
1364195459 248
1364195473 233
1364195479 248
1364195487 3
1364196157 2
1364196398 3
1364196944 2
1364196957 269
1364196966 248
1364196969 3
1364198028 2
1364198031 3
1364198495 2
1364198520 248
1364198525 3
1364198715 2
1364198739 248
1364198750 233
1364198757 248
1364198772 248
1364198775 3
1364200185 2
1364200195 3
1364200356 2
1364200366 248
1364200382 248
1364200385 3
1364200418 2
1364200420 3
1364200667 2
1364200674 248
1364200688 248
1364200694 212
1364200706 212
1364200709 233
1364200714 248
1364200719 248
1364200723 233
1364200728 248
1364200776 3
1364201216 2
1364201225 212
1364201228 3
1364201629 2
1364201670 3
1364203126 2
1364203132 212
1364203138 212
1364203140 212
1364203173 212
1364203176 220
1364203180 212
1364203200 3
1364203236 2
1364203247 233
1364203255 212
1364203257 220
1364203263 212
1364203303 3
1364203560 2
1364203565 212
1364203579 220
1364203585 212
1364203681 220
1364203684 212
1364203696 212
1364203698 220
1364203702 212
1364203727 203
1364203728 203
1364203731 205
1364203732 204
1364203735 204
1364203739 235
1364203741 278
1364203744 3
1364204538 2
1364204544 203
1364204546 203
1364204547 205
1364204550 200
1364204557 272
1364204568 214
1364204573 213
1364204583 207
1364204586 207
1364204591 209
1364204598 284
1364204600 220
1364204603 272
1364204645 248
1364204648 212
1364204655 3
1364204739 2
1364204749 214
1364204771 214
1364204773 220
1364204777 214
1364204787 214
1364204789 220
1364204793 214
1364204795 247
1364204797 216
1364204798 284
1364204799 220
1364204801 272
1364204860 201
1364204903 200
1364204914 278
1364204915 207
1364204930 3
1364204939 2
1364204949 3
1364205301 2
1364205418 203
1364205421 3
1364267352 2
1364267392 3
1364267727 2
1364267754 200
1364267895 217
1364268008 235
1364268037 278
1364268066 212
1364269096 276
1364269102 233
1364269113 233
1364269468 233
1364269487 277
1364269491 233
1364269498 277
1364269501 233
1364269509 205
1364269517 3
1364269746 2
1364269751 212
1364270007 230
1364270015 217
1364270084 230
1364270206 3
1364270441 2
1364270458 268
1364270460 268
1364270933 3
1364369284 2
1364369497 3
1364370635 2
1364370640 3
1364370786 2
1364370838 3
1364373812 2
1364373818 217
1364373871 3
1364375247 2
1364375386 3
1364375454 2
1364375536 3
1364376329 2
1364376368 3
1364376906 2
1364376910 3
1364377028 2
1364377039 204
1364377043 3
1364377210 2
1364377222 3
1364445965 2
1364446143 284
1364446342 272
1364446823 3
1364447385 2
1364447574 3
1364447690 2
1364447803 3
1364448758 2
1364449279 3
1364456523 2
1364456665 233
1364456830 203
1364456836 203
1364457046 3
1364460714 2
1364460828 209
1364461628 3
1364541185 2
1364541700 200
1364541726 200
1364541734 3
1364554647 2
1364554659 3
1364559623 2
1364559668 200
1364559678 3
1364561431 2
1364561436 3
1364561837 2
1364561851 3
1364562720 2
1364562771 276
1364562780 277
1364562783 233
1364562795 277
1364562799 233
1364562809 277
1364562877 277
1364562955 204
1364562961 220
1364562976 3
