1372900271 2
1372900299 3
1372906437 2
1372906465 2
1372906622 2
1372906629 3
1372906680 2
1372906697 246
1372906700 246
1372906704 246
1372906710 3
1372906850 2
1372906874 251
1372906878 3
1372906883 2
1372906886 246
1372906893 246
1372906898 246
1372906902 246
1372906908 3
1372907663 2
1372907686 3
1372907724 2
1372907740 3
1372908485 2
1372908492 2
1372908591 2
1372908639 2
1372908681 2
1372908743 2
1372908750 3
1372908873 2
1372908892 2
1372908900 3
1372909101 2
1372909105 3
1372909352 2
1372909355 3
1372909718 2
1372909790 3
1372909827 2
1372909832 3
1372909843 2
1372909846 3
1372909987 2
1372909997 3
1372910168 2
1372910177 3
1372910483 2
1372910486 3
1372911030 2
1372911034 3
1372911167 2
1372911184 222
1372911194 3
1372911290 2
1372911293 3
1372912525 2
1372912533 303
1372912548 3
1372912554 2
1372912563 3
1372912634 2
1372912658 2
1372912697 2
1372912789 2
1372912799 2
1372912881 2
1372912923 2
1372912965 2
1372912985 2
1372913096 2
1372913142 2
1372913150 303
1372913235 2
1372913239 3
1372913297 2
1372913312 3
1372919309 2
1372919313 3
1375192935 2
1375192954 251
1375192964 241
1375192966 242
1375193001 303
1375193163 306
1375193172 240
1375193187 256
1375193354 3
1375195780 2
1375195809 240
1375195818 3
1375196536 2
1375196563 240
1375198412 3
1375198419 2
1375198437 240
1375198443 3
1375198722 2
1375198726 240
1375198742 3
1375198781 2
1375198784 240
1375198800 3
1375198819 2
1375198829 240
1375198909 2
1375198911 240
1375198916 3
1375199098 2
1375199104 240
1375199123 3
1375199156 2
1375199161 240
1375199171 3
1375199236 2
1375199242 240
1375199248 3
1375199308 2
1375199313 240
1375199322 3
1375199425 2
1375199427 240
1375199433 3
1375199514 2
1375199517 240
1375199524 3
1375199556 2
1375199567 240
1375199616 3
1375199649 2
1375199654 240
1375199661 3
1375199680 2
1375199682 240
1375199687 3
1375200216 2
1375200221 240
1375200257 2
1375200263 240
1375200325 2
1375200327 240
1375200332 3
1375200341 2
1375200343 240
1375200349 3
1375200359 2
1375200361 240
1375200370 3
