1367343097 2
1367343109 221
1367343115 220
1367343117 222
1367343118 223
1367343125 240
1367343132 242
1367343135 243
1367343141 250
1367343146 246
1367343163 255
1367343169 255
1367343172 245
1367343176 251
1367343214 3
1367343462 2
1367343467 3
1367343734 2
1367343736 3
1367343813 2
1367343819 3
1367343840 2
1367343849 3
1367344485 2
1367344508 3
1367344665 2
1367344677 3
1367345061 2
1367345064 247
1367345073 3
1367345107 2
1367345110 247
1367345114 247
1367345117 3
1367345137 2
1367345141 247
1367345144 3
1367345176 2
1367345178 247
1367345180 247
1367345186 3
1367345199 2
1367345207 256
1367345209 251
1367345211 240
1367345213 241
1367345215 244
1367345217 3
1367345435 2
1367345442 3
1367345808 2
1367345832 3
1367345853 2
1367345863 3
1367378891 2
1367379093 3
1367379427 2
1367379516 3
1367379787 2
1367379797 3
1367379881 2
1367379892 3
1367380691 2
1367380703 3
1367380717 2
1367380722 3
1367380814 2
1367380831 3
1367380971 2
1367381484 3
1367381516 2
1367381564 3
1367381623 2
1367381641 3
1367381670 2
1367381684 3
1367381738 2
1367381760 3
1367381771 2
1367381850 2
1367381865 3
1367381904 2
1367381940 2
1367381955 3
1367382014 2
1367382059 3
1367382106 2
1367382137 3
1367382661 2
1367382686 3
1367382699 2
1367382721 3
1367382789 2
1367382805 3
1367382882 2
1367382912 3
1367382953 2
1367382989 3
1367383076 2
1367383089 3
1367383166 2
1367383191 255
1367383196 3
1367383277 2
1367383369 1025
1367383376 435
1367383376 436
1367383388 1025
1367383393 435
1367383394 436
1367383396 202
1367383405 246
1367383409 201
1367383429 1025
1367383432 435
1367383433 436
1367383436 202
1367383504 3
1367383556 2
1367383565 3
1367389620 2
1367389623 3
1367389635 2
1367389638 240
1367389644 255
1367389648 255
1367389653 246
1367389657 255
1367389661 255
1367389663 255
1367389667 201
1367389671 255
1367389674 255
1367389677 255
1367389680 255
1367389682 255
1367389685 3
1367389791 2
1367389807 2
1367389903 2
1367389914 255
1367389929 3
1367389944 2
1367389961 3
1367390010 2
1367390025 240
1367390045 3
1367390064 2
1367390069 240
1367390112 3
1367390542 2
1367390547 240
1367390554 309
1367390566 3
1367390602 2
1367390604 255
1367390608 255
1367390610 255
1367390614 255
1367390615 255
1367390623 256
1367390626 3
1367391162 2
1367391167 283
1367391177 255
1367391188 3
1367391205 2
1367391209 242
1367391214 240
1367391222 242
1367391226 3
1367391902 2
1367391906 242
1367392011 3
1367392095 2
1367392098 242
1367392103 3
1367392263 2
1367392282 3
1367392330 2
1367392336 3
1367392357 2
1367392368 3
1367392602 2
1367392611 240
1367392615 242
1367392619 3
1367392726 2
1367392728 242
1367392739 3
1367392888 2
1367392896 242
1367392914 244
1367392918 240
1367392924 255
1367392927 251
1367392933 3
1367392984 2
1367392994 240
1367392997 242
1367393003 243
1367393005 246
1367393008 240
1367393011 3
1367393184 2
1367393189 240
1367393193 3
1367393214 2
1367393236 242
1367393241 240
1367393245 256
1367393248 3
1367393276 2
1367393278 256
1367393288 3
1367393567 2
1367393571 240
1367393594 3
1367393612 2
1367393615 242
1367393621 240
1367393629 3
1367393796 2
1367393799 240
1367393814 3
1367393895 2
1367393897 240
1367393902 3
1367393914 2
1367393917 240
1367393923 243
1367393926 250
1367393929 250
1367393934 3
1367394279 2
1367394286 250
1367394298 3
1367394507 2
1367394509 242
1367394512 255
1367394518 255
1367394523 241
1367394528 240
1367394531 250
1367394534 242
1367395492 255
1367395500 256
1367395502 243
1367395504 242
1367395506 241
1367395508 240
1367396152 3
1367397738 2
1367397746 3
1367397877 2
1367397880 3
1367398616 2
1367398623 255
1367398627 255
1367398630 3
1367398901 2
1367398904 3
1367398920 2
1367398922 3
1367399245 2
1367399307 3
1367399381 2
1367399421 3
1367399635 2
1367399663 3
1367399674 2
1367399698 3
1367399742 2
1367399745 3
1367399790 2
1367399798 3
1367399835 2
1367399837 3
1367399906 2
1367399908 3
1367399911 2
1367399917 251
1367399919 246
1367399991 3
1367400267 2
1367400274 3
1367400360 2
1367400364 3
1367400379 2
1367400616 2
1367400679 3
1367400918 2
1367400930 3
1367400958 2
1367400962 3
1367401023 2
1367401072 3
1367401088 2
1367401090 3
1367401360 2
1367401446 3
1367401465 2
1367401468 3
1367401484 2
1367401578 2
1367401583 3
1367401594 2
1367401672 3
1367402058 2
1367402067 3
1367402091 2
1367402096 202
1367404120 2
1367404123 3
1367404200 2
1367404203 3
1367404256 2
1367406260 221
1367406262 220
1367406264 222
1367406264 223
1367406266 255
1367406269 255
1367406281 3
1367415791 2
1367415806 221
1367415820 220
1367415824 222
1367415825 223
1367415830 240
1367415834 241
1367415838 242
1367415842 243
1367415843 250
1367415848 244
1367415851 256
1367415854 246
1367415857 251
1367415924 247
1367416071 3
1367416478 2
1367416497 308
1367416520 3
1367416639 2
1367416651 308
1367416671 3
1367416677 2
1367416685 3
1367417537 2
1367417592 3
1367418870 2
1367418934 3
1367421721 2
1367421731 240
1367422072 2
1367422087 242
1367422103 307
1367422657 246
1367422662 201
1367422739 1025
1367422745 435
1367422746 436
1367422751 202
1367422765 246
1367422775 255
1367422799 201
1367422811 1025
1367422814 433
1367422819 202
1367422833 201
1367422836 246
1367422841 201
1367422854 3
1367422900 2
1367422960 242
1367422966 242
1367422991 3
1367423958 2
1367424200 255
1367424205 255
1367424208 242
1367424210 256
1367424215 202
1367424222 3
1367459056 2
1367459062 255
1367459064 255
1367459098 3
1367459116 2
1367459177 3
1367459201 2
1367459222 3
1367459582 2
1367461611 3
1367461862 2
1367461867 255
1367461871 3
1367461924 2
1367461940 3
1367462719 2
1367462722 3
1367462929 2
1367462933 3
1367464074 2
1367464083 3
1367464158 2
1367464173 3
1367464401 2
1367464407 255
1367464409 255
1367464413 3
1367464523 2
1367464528 3
1367464545 2
1367464549 3
1367464720 2
1367464724 255
1367464726 255
1367464730 3
1367464830 2
1367464835 3
1367465481 2
1367465486 255
1367465491 255
1367465641 3
1367465679 2
1367465682 255
1367465685 255
1367465702 3
1367467115 2
1367467118 3
1367467491 2
1367467494 3
1367467831 2
1367467834 3
1367467839 2
1367467842 3
1367467866 2
1367467868 3
1367468236 2
1367468264 3
1367471657 2
1367471671 3
1367472824 2
1367472849 3
1367472896 2
1367473030 2
1367473033 3
1367473039 2
1367473086 2
1367473168 2
1367474581 2
1367474584 3
1367475381 2
1367475396 3
1367475401 2
1367475415 303
1367475454 303
1367475457 3
1367475459 2
1367475475 303
1367475478 3
1367475795 2
1367475799 303
1367475812 3
1367475849 2
1367475875 251
1367475877 246
1367475892 3
1367475914 2
1367475918 251
1367475920 244
1367475921 250
1367475926 3
1367475988 2
1367476020 3
1367476083 2
1367476092 3
1367476105 2
1367476119 3
1367476122 2
1367476130 3
1367476872 2
1367476880 3
1367479254 2
1367479257 245
1367479264 303
1367479272 245
1367479277 3
1367479285 2
1367479289 283
1367482478 2
1367482524 3
1367483133 2
1367483138 283
1367483143 3
1367483166 2
1367483169 245
1367483174 3
1367483182 2
1367483207 283
1367483215 3
1367483227 2
1367483230 283
1367483236 3
1367483243 2
1367483248 283
1367483255 3
1367483560 2
1367483563 245
1367483572 3
1367483615 2
1367483624 245
1367483631 3
1367483637 2
1367483642 283
1367483651 3
1367483683 2
1367483688 245
1367483697 3
1367483712 2
1367483716 245
1367483734 283
1367483740 3
1367483758 2
1367483769 283
1367483792 3
1367483833 2
1367483836 245
1367483844 3
1367483899 2
1367483903 245
1367483912 3
1367483956 2
1367483959 245
1367483965 3
1367484728 2
1367484751 245
1367484758 3
1367489418 2
1367489556 3
1367489663 2
1367489690 3
1367489692 2
1367489699 3
1367489991 2
1367490005 3
1367490067 2
1367490074 3
1367490131 2
1367490136 3
1367490187 2
1367490203 3
1367490257 2
1367490275 3
1367490784 2
1367490787 3
1367491115 2
1367491117 3
1367493263 2
1367493269 3
1367505404 2
1367505416 3
1367505583 2
1367505593 3
1367505770 2
1367505781 3
1367505785 2
1367505832 246
1367505836 246
1367505843 246
1367505848 246
1367505851 201
1367505854 202
1367505859 246
1367505867 246
1367505880 3
1367505883 2
1367505886 3
1367506101 2
1367506105 246
1367506116 3
1367506150 2
1367506162 246
1367506172 3
1367506192 2
1367506194 3
1367506237 2
1367506244 280
1367506249 3
1367506277 2
1367506355 3
1367506937 2
1367506942 3
1367507336 2
1367507374 3
1367507525 2
1367507530 254
1367507537 251
1367507540 3
1367508349 2
1367508356 3
1367508465 2
1367508479 3
1367508502 2
1367508511 3
1367508545 2
1367508559 3
1367508853 2
1367508873 3
1367509029 2
1367509036 3
1367509825 2
1367509850 255
1367509857 255
1367509865 3
1367510158 2
1367510160 255
1367510168 3
1367510224 2
1367510227 255
1367510230 255
1367510238 3
1367510301 2
1367510324 3
1367510524 2
1367510527 255
1367510547 3
1367510596 2
1367510604 255
1367510613 255
1367510618 255
1367510636 3
1367510666 2
1367510684 3
1367510906 2
1367510941 255
1367510943 255
1367510950 3
1367511095 2
1367511098 255
1367511112 3
1367511166 2
1367511180 255
1367511187 255
1367511198 3
1367511206 2
1367511241 255
1367511249 3
1367544410 2
1367544438 3
1367544549 2
1367544564 303
1367544571 3
1367557006 2
1367557446 3
1367557450 2
1367557456 3
1367558515 2
1367558518 3
1367564079 2
1367564104 3
1367564136 2
1367564140 254
1367564161 3
1367564533 2
1367564558 3
1367568710 2
1367568714 3
1367569061 2
1367569064 3
1367569118 2
1367569130 3
1367569160 2
1367569176 3
1367569234 2
1367569253 3
1367569282 2
1367569318 3
1367569737 2
1367569786 2
1367569841 2
1367569853 3
1367570023 2
1367570040 3
1367571170 2
1367571188 3
1367571213 2
1367571225 3
1367571284 2
1367571294 3
1367571304 2
1367571321 3
1367571335 2
1367571395 2
1367571446 3
1367572120 2
1367573969 3
1367576732 2
1367576738 283
1367576745 3
1367576795 2
1367576802 283
1367576816 3
1367576836 2
1367576857 283
1367576871 3
1367577128 2
1367577136 3
1367577140 2
1367577149 283
1367577156 3
1367577185 2
1367577191 283
1367577201 3
1367577394 2
1367577413 3
1367577610 2
1367577641 3
1367577668 2
1367577675 3
1367577683 2
1367577690 3
1367577709 2
1367577717 3
1367577732 2
1367577799 3
1367577908 2
1367577938 2
1367578026 2
1367578091 2
1367578105 3
1367578137 2
1367578153 3
1367578164 2
1367579161 303
1367579170 224
1367579199 254
1367579206 3
1367579236 2
1367579263 246
1367579280 246
1367579335 3
1367579719 2
1367579721 3
1367579751 2
1367579754 3
1367580563 2
1367580583 3
1367580734 2
1367580788 3
1367580838 2
1367580856 3
1367580863 2
1367580873 3
1367580884 2
1367580903 3
1367580991 2
1367581004 3
1367581507 2
1367581509 3
1367581588 2
1367581643 3
1367581695 2
1367581885 2
1367581907 3
1367581922 2
1367581938 3
1367581991 2
1367582001 3
1367582177 2
1367582179 254
1367582192 3
1367587357 2
1367587383 254
1367587554 3
1367588032 2
1367588050 3
1367588126 2
1367588146 3
1367589327 2
1367589344 3
1367589387 2
1367589406 3
1367589556 2
1367589571 3
1367589602 2
1367589621 3
1367592543 2
1367592566 3
1367592747 2
1367592760 254
1367592762 255
1367592822 3
1367592927 2
1367592947 3
1367592956 2
1367593172 2
1367593254 3
1367593258 2
1367593295 3
1367593304 2
1367593320 3
1367593385 2
1367593409 280
1367593411 282
1367593430 221
1367593459 3
1367593492 2
1367593512 3
1367593575 2
1367593591 3
1367594344 2
1367594375 244
1367594377 250
1367594378 243
1367594380 242
1367594385 3
1367595607 2
1367595615 3
1367595657 2
1367595661 3
1367595687 2
1367595690 3
1367595701 2
1367595709 3
1367595722 2
1367595731 3
1367595789 2
1367595796 3
1367595907 2
1367595911 3
1367595921 2
1367595924 3
1367595965 2
1367595968 3
1367596044 2
1367596064 255
1367596091 200
1367596095 202
1367596098 205
1367596104 220
1367596108 224
1367596110 224
1367596117 201
1367596122 242
1367596125 242
1367596133 250
1367596134 244
1367596136 256
1367596162 3
1367596288 2
1367596306 302
1367596309 302
1367596315 302
1367596316 302
1367596317 302
1367596324 3
1367596332 2
1367596355 255
1367596365 302
1367596392 221
1367596395 220
1367596399 221
1367596400 304
1367596406 3
1367596408 2
1367596410 304
1367596429 200
1367596436 203
1367596438 205
1367596439 204
1367596481 244
1367596483 256
1367596485 242
1367596486 241
1367596488 240
1367596498 3
1367642813 2
1367642820 251
1367642828 246
1367642835 202
1367642838 246
1367642850 3
1367642914 2
1367642927 3
1367642972 2
1367642990 3
1367643004 2
1367643015 3
1367650054 2
1367650058 303
1367650061 303
1367650065 3
1367650066 2
1367650069 303
1367650077 303
1367650081 3
1367650098 2
1367650100 303
1367650105 3
1367651441 2
1367651459 3
1367655429 2
1367655443 3
1367656370 2
1367656406 3
1367656471 2
1367656487 3
1367656516 2
1367656529 3
1367656558 2
1367656575 3
1367656617 2
1367656623 3
1367657087 2
1367657097 3
1367657108 2
1367657123 3
1367657756 2
1367657775 3
1367657822 2
1367657845 3
1367899314 2
1367899325 3
1367902315 2
1367902336 3
1367937230 2
1367937258 200
1367937275 3
1367939781 2
1367939882 1541
1367940061 2
1367940083 201
1367940090 1025
1367940100 435
1367940101 436
1367940105 202
1367940118 1537
1367940132 435
1367940133 432
1367940213 2
1367940216 205
1367940220 3
1367940260 2
1367940263 205
1367940271 3
1367940280 2
1367940878 3
1367940957 2
1367942009 1537
1367942039 435
1367942040 432
1367942164 2
1367942297 1537
1367942303 435
1367942303 432
1367942325 2
1367942607 3
1367942671 2
1367942819 3
1367943090 2
1367943093 3
1367943213 2
1367943276 3
1367943386 2
1367943393 3
1367943399 2
1367943428 221
1367943435 224
1367943456 3
1367943830 2
1367943834 220
1367943837 221
1367943842 3
1367943851 2
1367943959 3
1367943964 2
1367944011 3
1367944021 2
1367944143 3
1367944283 2
1367944294 201
1367944296 202
1367944332 224
1367944337 201
1367944364 255
1367944421 3
1367979278 2
1367979447 3
1367979467 2
1367979511 2
1367979810 2
1367979813 3
1367979985 2
1367980809 2
1367980964 254
1367980976 3
1367982321 2
1367982335 3
1367982346 2
1367982353 3
1367982598 2
1367982621 3
1367982643 2
1367982650 3
1367982749 2
1367982800 3
1367982802 2
1367982812 3
1367983148 2
1367983192 3
1367983245 2
1367983325 2
1367983379 3
1367983422 2
1367983475 3
1367999788 2
1367999792 3
1368000773 2
1368000877 3
1368000906 2
1368001131 3
1368010269 2
1368010364 3
1368010441 2
1368010498 254
1368014347 2
1368015290 242
1368015300 306
1368015306 307
1368015806 3
1368067979 2
1368068002 3
1368068043 2
1368068054 3
1368068085 2
1368068101 3
1368068128 2
1368068180 3
1368068183 2
1368068195 3
1368068232 2
1368068242 3
1368068244 2
1368068259 3
1368068263 2
1368068274 3
1368068278 2
1368068283 3
1368068373 2
1368068493 3
1368068497 2
1368068504 3
1368068575 2
1368068587 3
1368068601 2
1368068608 3
1368075275 2
1368075333 3
1368075715 2
1368075754 3
1368075801 2
1368075846 3
1368075976 2
1368076045 3
1368085486 2
1368085489 3
1368087134 2
1368087140 3
1368087143 2
1368087340 3
1368087954 2
1368087959 3
1368087967 2
1368088019 3
1368088179 2
1368088272 2
1368088337 2
1368088507 2
1368088591 2
1368088653 2
1368088868 224
1368088872 220
1368089256 3
1368094925 2
1368095319 2
1368095338 254
1368095342 3
1368095418 2
1368095450 3
1368095565 2
1368095620 3
1368098277 2
1368099831 3
1368251576 2
1368251636 246
1368251653 202
1368251688 224
1368251705 224
1368251709 3
1368251800 2
1368251834 224
1368251855 224
1368251867 224
1368251873 3
1368251976 2
1368252000 246
1368252015 221
1368252017 220
1368252028 3
1368257233 2
1368257287 3
1368257641 2
1368257650 3
1368257936 2
1368257968 201
1368257982 1283
1368257999 3
1368258010 2
1368258015 3
1368258106 2
1368258140 1283
1368258149 3
1368258417 2
1368258480 1025
1368258484 435
1368258485 436
1368258492 283
1368258515 3
1368259131 2
1368259134 3
1368260400 2
1368260405 3
1368260959 2
1368260962 3
1368261151 2
1368261202 1025
1368261205 435
1368261206 436
1368261210 3
1368261377 2
1368261413 3
1368261467 2
1368261500 3
1368261551 2
1368261638 2
1368261745 3
1368261770 2
1368261865 2
1368261917 3
1368262101 2
1368262144 1025
1368262147 435
1368262148 436
1368262175 3
1368262177 2
1368262209 3
1368262263 2
1368262309 1025
1368262314 435
1368262315 436
1368262327 3
1368262377 2
1368262415 3
1368262418 2
1368262450 3
1368262464 2
1368262528 3
1368262565 2
1368262619 1025
1368262621 435
1368262622 436
1368262658 1025
1368262661 435
1368262661 436
1368262711 1025
1368262713 435
1368262714 436
1368262717 3
1368262773 2
1368262837 2
1368263224 2
1368263276 3
1368263292 2
1368263481 2
1368263532 3
1368263561 2
1368263624 1025
1368263626 435
1368263626 436
1368263641 3
1368263696 2
1368263737 1025
1368263739 435
1368263739 436
1368263755 1025
1368263757 435
1368263757 436
1368263760 3
1368264574 2
1368264609 1025
1368264610 435
1368264611 436
1368264624 3
1368264647 2
1368264690 3
1368264724 2
1368264781 3
1368264887 2
1368264959 1025
1368264960 435
1368264961 436
1368264988 1025
1368264989 435
1368264990 436
1368265131 1025
1368265132 435
1368265133 436
1368265163 1025
1368265164 435
1368265164 436
1368265207 1025
1368265208 435
1368265209 436
1368265245 3
1368265308 2
1368265382 1025
1368265384 435
1368265385 436
1368265479 2
1368265534 1025
1368265535 435
1368265536 436
1368265560 3
1368265608 2
1368265652 1025
1368265657 435
1368265658 436
1368265679 1025
1368265681 435
1368265682 436
1368265717 3
1368265864 2
1368265933 2
1368266201 3
1368266220 2
1368266249 1025
1368266251 435
1368266251 436
1368266259 1025
1368266261 435
1368266261 436
1368266268 1025
1368266270 435
1368266271 436
1368266385 2
1368266574 2
1368266727 2
1368266758 1025
1368266760 435
1368266760 436
1368266766 1025
1368266768 435
1368266769 436
1368266780 1025
1368266782 435
1368266783 436
1368266790 1025
1368266791 435
1368266792 436
1368266799 1025
1368266800 435
1368266801 436
1368266810 1025
1368266811 435
1368266812 436
1368266819 1025
1368266821 435
1368266822 436
1368266828 1025
1368266830 435
1368266831 436
1368266839 1025
1368266840 435
1368266841 436
1368266850 1025
1368266851 435
1368266852 436
1368266877 1025
1368266878 435
1368266879 436
1368266885 1025
1368266887 435
1368266888 436
1368266898 1025
1368266899 435
1368266901 436
1368266908 1025
1368266909 435
1368266912 436
1368266959 1025
1368266961 435
1368266963 436
1368266978 1025
1368266980 435
1368266981 436
1368266994 1025
1368266996 435
1368266997 436
1368267010 1025
1368267011 435
1368267012 436
1368267037 1025
1368267038 435
1368267039 436
1368267046 1025
1368267047 435
1368267048 436
1368267069 1025
1368267070 435
1368267071 436
1368267118 1025
1368267120 435
1368267120 436
1368267165 1025
1368267167 435
1368267168 436
1368267190 1025
1368267192 435
1368267193 436
1368267196 3
1368267340 2
1368267449 1025
1368267451 435
1368267452 436
1368267469 1025
1368267470 435
1368267471 436
1368267487 1025
1368267488 435
1368267489 436
1368267503 1025
1368267504 435
1368267505 436
1368267554 3
1368267570 2
1368267637 1025
1368267639 435
1368267639 436
1368267682 1025
1368267683 435
1368267684 436
1368267744 3
1368267819 2
1368267887 3
1368267914 2
1368268008 3
1368268121 2
1368268156 1025
1368268158 435
1368268159 436
1368268195 1025
1368268197 435
1368268198 436
1368268242 1025
1368268243 435
1368268244 436
1368268269 1025
1368268270 435
1368268271 436
1368268272 202
1368268276 224
1368268280 201
1368268297 1025
1368268298 435
1368268299 436
1368268301 202
1368268305 224
1368268312 201
1368268329 1025
1368268330 435
1368268330 436
1368268373 1025
1368268376 435
1368268376 436
1368268384 1025
1368268385 435
1368268386 436
1368268391 3
1368370108 2
1368370144 1025
1368370148 435
1368370149 436
1368370157 3
1368370329 2
1368370360 1025
1368370362 435
1368370363 436
1368370406 1025
1368370408 435
1368370409 436
1368370455 1025
1368370457 435
1368370458 436
1368370552 1025
1368370553 435
1368370554 436
1368370609 1025
1368370611 435
1368370611 436
1368370686 3
1368370690 2
1368370735 1025
1368370739 435
1368370740 436
1368370743 3
1368370790 2
1368370864 3
1368370922 2
1368370995 1025
1368370997 435
1368370998 436
1368371000 3
1368372136 2
1368372234 1025
1368372238 435
1368372238 436
1368372244 202
1368372248 224
1368372257 201
1368372281 1025
1368372282 435
1368372283 436
1368372285 202
1368372289 224
1368372294 201
1368372339 1025
1368372340 435
1368372341 436
1368372348 3
1368373639 2
1368373873 3
1368374831 2
1368375027 3
1368375099 2
1368375205 3
1368375250 2
1368375363 3
1368375409 2
1368375499 3
1368376153 2
1368376324 3
1368376326 2
1368376374 1025
1368376376 436
1368376380 202
1368376384 250
1368376387 250
1368376396 224
1368376402 201
1368376409 1025
1368376410 436
1368376416 202
1368376420 224
1368376426 304
1368376429 304
1368376435 201
1368376483 304
1368376578 3
1368376651 2
1368376698 1025
1368376702 435
1368376703 436
1368376708 202
1368376712 246
1368376716 250
1368376719 201
1368376849 1025
1368376851 436
1368376857 3
1368442986 2
1368443102 3
1368443205 2
1368443212 254
1368443228 303
1368443236 224
1368443247 251
1368443280 3
1368445092 2
1368445124 203
1368445126 205
1368445247 3
1368445465 2
1368445468 246
1368445473 205
1368446681 3
1368495714 2
1368495732 3
1368495752 2
1368495792 3
1368495832 2
1368495835 303
1368495858 3
1368495884 2
1368495898 3
1368495904 2
1368495920 3
1368495941 2
1368495994 3
1368496924 2
1368496930 3
1368497357 2
1368497426 1025
1368497429 435
1368497429 436
1368497432 3
1368497537 2
1368497541 224
1368497588 3
1368497589 2
1368497594 246
1368497601 202
1368497608 246
1368497644 246
1368497650 246
1368497660 246
1368497670 246
1368497708 3
1368497711 2
1368497718 246
1368497721 246
1368497729 3
1368497734 2
1368497743 3
1368497851 2
1368497854 3
1368497866 2
1368497872 3
1368498584 2
1368498587 303
1368498596 303
1368498612 3
1368498688 2
1368498691 303
1368498699 3
1368498712 2
1368498715 303
1368498722 303
1368498728 3
1368498746 2
1368498751 303
1368498770 3
1368498797 2
1368498799 303
1368498806 3
1368498809 2
1368498813 3
1368498869 2
1368498883 3
1368503087 2
1368503097 3
1368503112 2
1368507312 2
1368507327 303
1368507474 3
1368507961 2
1368507984 3
1368508052 2
1368508362 3
1368508418 2
1368508423 224
1368508426 3
1368509521 2
1368509524 3
1368546904 2
1368547073 3
1368547079 2
1368547083 303
1368547190 3
1368547231 2
1368547349 2
1368547402 304
1368547406 201
1368547421 1025
1368547427 435
1368547428 436
1368547439 202
1368547453 246
1368547495 3
1368549427 2
1368549462 3
1368549500 2
1368549537 201
1368549544 202
1368549549 304
1368549554 201
1368549557 246
1368549562 304
1368549566 201
1368549637 702
1368549641 435
1368549644 432
1368549650 3
1368549786 2
1368549809 202
1368549813 304
1368549816 224
1368549819 304
1368549825 201
1368549877 702
1368549880 435
1368549880 432
1368549901 304
1368550024 1025
1368550028 436
1368550033 3
1368550037 2
1368550063 1025
1368550064 435
1368550065 436
1368550071 202
1368550074 224
1368550078 304
1368550082 201
1368550100 3
1368550104 2
1368550107 202
1368550112 221
1368550114 224
1368550118 304
1368550121 201
1368550892 2
1368550898 200
1368550922 202
1368550925 304
1368550931 246
1368550937 304
1368550940 201
1368550950 200
1368551006 702
1368551007 435
1368551008 432
1368551015 304
1368551026 200
1368551037 3
1368551060 2
1368551078 2
1368551083 202
1368551089 224
1368551094 201
1368551100 202
1368551106 246
1368551110 250
1368551113 201
1368551183 304
1368551253 1025
1368551255 435
1368551256 436
1368551267 304
1368551319 304
1368551371 702
1368551422 435
1368551423 432
1368551432 1025
1368551436 436
1368551439 202
1368551455 220
1368551465 244
1368551477 3
1368589808 2
1368589834 3
1368668189 2
1368668217 224
1368668246 3
1368669131 2
1368669135 3
1368669141 2
1368669214 2
1368669324 2
1368669844 3
1368669849 2
1368669889 3
1368670070 2
1368670126 224
1368670150 224
1368670191 3
1368670243 2
1368670274 224
1368670285 224
1368670294 224
1368670310 224
1368670334 224
1368670351 3
1368670368 2
1368670410 224
1368670498 2
1368670644 224
1368670694 224
1368670704 224
1368670751 224
1368670761 224
1368670776 224
1368670786 3
1368673512 2
1368673523 3
1368673639 2
1368673646 244
1368673654 3
1368681267 2
1368681297 201
1368681302 3
1368681372 2
1368681401 201
1368681419 1025
1368681422 435
1368681422 436
1368681439 202
1368681445 246
1368681463 201
1368681467 202
1368681471 246
1368681474 250
1368681482 201
1368681517 250
1368681580 250
1368681614 3
1368681666 2
1368681692 202
1368681701 224
1368681707 250
1368681711 201
1368681731 250
1368681893 2
1368681942 2
1368681965 202
1368681970 224
1368681974 304
1368681978 201
1368681991 304
1368682037 3
1368682379 2
1368682384 202
1368682409 224
1368682413 201
1368682417 202
1368682421 224
1368682424 304
1368682427 201
1368682513 1025
1368682530 436
1368682534 3
1368682570 2
1368682576 202
1368682582 224
1368682587 201
1368682591 202
1368682596 224
1368682600 304
1368682603 201
1368682685 2
1368682689 202
1368682714 224
1368682720 304
1368682724 201
1368682730 702
1368682737 432
1368682786 3
1368682791 2
1368682814 202
1368682821 224
1368682824 304
1368682830 201
1368682838 701
1368682842 432
1368682848 304
1368682863 3
1368683413 2
1368683420 202
1368683424 224
1368683436 304
1368683464 201
1368683476 202
1368683481 224
1368683487 304
1368683492 220
1368683498 244
1368683504 201
1368683522 200
1368683527 304
1368683561 1025
1368683563 436
1368683590 200
1368683629 3
1368684540 2
1368684608 3
1368730254 2
1368730257 221
1368730260 220
1368730287 3
1368764156 2
1368764220 3
1368765201 2
1368765380 3
1368765440 2
1368765471 3
1368765575 2
1368765586 3
1368765675 2
1368765711 3
1368765755 2
1368765761 3
1368765920 2
1368765943 3
1368765964 2
1368765969 3
1368774904 2
1368774912 3
1368775135 2
1368778040 2
1368778109 3
1368778461 2
1368778524 3
1368778549 2
1368778626 3
1368779307 2
1368779328 3
1368779507 2
1368779519 3
1368779530 2
1368779533 3
1368779557 2
1368779562 3
1368779575 2
1368779579 3
1368779673 2
1368779678 3
1368779753 2
1368779756 3
1368779804 2
1368779807 3
1368779848 2
1368779851 3
1368780009 2
1368780012 3
1368780269 2
1368780274 3
1368780486 2
1368780504 3
1368780731 2
1368780736 3
1368781160 2
1368781162 3
1368781175 2
1368781178 3
1368781330 2
1368781333 3
1368781376 2
1368781379 3
1368781605 2
1368781608 3
1368781708 2
1368781717 3
1368781813 2
1368781816 3
1368781825 2
1368781833 3
1368781848 2
1368781859 3
1368781887 2
1368781890 3
1368782694 2
1368782700 3
1368782802 2
1368782806 3
1368783495 2
1368783509 3
1368783556 2
1368783559 3
1368783590 2
1368783593 3
1368783652 2
1368783655 3
1368783879 2
1368784013 2
1368784032 3
1368784074 2
1368784089 3
1368784635 2
1368784682 3
1368785443 2
1368785459 3
1368785547 2
1368785661 2
1368785664 246
1368785698 303
1368785748 246
1368785756 202
1368785760 246
1368785817 3
1368785819 2
1368785824 3
1368785837 2
1368785841 246
1368785868 3
1368785877 2
1368785883 3
1368785896 2
1368785899 3
1368786407 2
1368786410 3
1368786413 2
1368786420 3
1368786437 2
1368786494 3
1368786647 2
1368786697 246
1368786701 3
1368786899 2
1368786912 251
1368786928 246
1368786954 3
1368786961 2
1368786964 3
1368787021 2
1368787025 246
1368787030 3
1368787040 2
1368787048 246
1368787058 3
1368787065 2
1368787072 246
1368787075 3
1368787082 2
1368787086 3
1368787101 2
1368787108 246
1368787119 246
1368787130 246
1368787199 3
1368787226 2
1368787273 2
1368787278 3
1368787285 2
1368787316 3
1368787666 2
1368787678 3
1368787708 2
1368787776 3
1368787821 2
1368788011 2
1368788647 2
1368840536 2
1368840615 3
1368843262 2
1368843276 3
1368843288 2
1368843308 3
1368843379 2
1368843445 3
1368843492 2
1368843517 3
1368843528 2
1368843553 3
1368843669 2
1368843722 3
1368843745 2
1368843758 280
1368843760 283
1368843766 2
1368843778 283
1368843786 2
1368843789 283
1368843823 2
1368843839 283
1368843842 3
1368845822 2
1368845827 3
1368848410 2
1368848448 3
1368848476 2
1368848655 2
1368849056 2
1368849078 3
1368849085 2
1368849296 2
1368849360 3
1368849726 2
1368849801 3
1368849813 2
1368849826 3
1368850224 2
1368850253 2
1368850257 3
1368850264 2
1368850359 2
1368850368 3
1368850407 2
1368850425 3
1368850830 2
1368850851 3
1368850889 2
1368850904 3
1368850918 2
1368850922 3
1368850929 2
1368850932 3
1368850944 2
1368850956 3
1368851021 2
1368851026 3
1368851038 2
1368851047 3
1368851120 2
1368851126 3
1368851139 2
1368851151 3
1368851280 2
1368851287 3
1368851377 2
1368851383 3
1368851468 2
1368851502 2
1368851505 3
1368851533 2
1368851555 3
1368851638 2
1368851796 2
1368851879 2
1368851923 3
1368851949 2
1368851994 2
1368852023 3
1368852105 2
1368852120 3
1368852148 2
1368852166 3
1368852383 2
1368852404 3
1368852454 2
1368852464 3
1368852500 2
1368852523 3
1368852855 2
1368852899 3
1368852913 2
1368852932 2
1368853009 3
1368853015 2
1368853145 2
1368853230 2
1368853415 2
1368853465 2
1368853517 3
1368898768 2
1368898927 2
1368898954 3
1368898960 2
1368899028 3
1368899127 2
1368899309 2
1368899502 2
1368899538 2
1368899658 2
1368899689 3
1368899888 2
1368899892 3
1368899898 2
1368899965 3
1368900001 2
1368900016 3
1368900146 2
1368900175 2
1368900301 2
1368900334 2
1368900364 2
1368900491 2
1368900703 2
1368900718 3
1368900738 2
1368900747 3
1368902547 2
1368902577 2
1368902675 2
1368902683 3
1368903073 2
1368903080 3
1368904814 2
1368904897 2
1368904925 3
1368904955 2
1368904964 255
1368904976 3
1368905254 2
1368905257 3
1368905649 2
1368905652 3
1368905690 2
1368905699 3
1368905705 2
1368905715 3
1368905769 2
1368905798 3
1368905908 2
1368905918 3
1369016022 2
1369016026 3
1369016161 2
1369016215 201
1369016247 1025
1369016249 435
1369016249 436
1369016252 202
1369016254 202
1369016258 224
1369016270 201
1369016308 3
1369016327 2
1369016363 3
1369016384 2
1369016593 3
1369016757 2
1369017325 3
1369017330 2
1369017414 3
1369022886 2
1369022891 3
1369023053 2
1369023107 3
1369024439 2
1369024517 3
1369024552 2
1369024555 3
1369024825 2
1369024879 2
1369025024 2
1369025049 3
1369025067 2
1369025145 3
1369025185 2
1369025187 3
1369154465 2
1369154480 3
1369154482 2
1369154488 303
1369154494 3
1369154498 2
1369154504 303
1369154508 3
1369154513 2
1369154515 303
1369154522 3
1369154557 2
1369154561 303
1369154566 3
1369154570 2
1369154572 303
1369154590 3
1369154661 2
1369154663 303
1369154668 3
1369154672 2
1369154681 303
1369154684 3
1369154690 2
1369154721 3
1369155344 2
1369155367 3
1369155398 2
1369155429 3
1369155645 2
1369155804 3
1369155912 2
1369156069 3
1369156286 2
1369156302 3
1369156427 2
1369156480 3
1369156498 2
1369156634 3
1369156661 2
1369156858 3
1369156948 2
1369156978 303
1369156981 3
1369156984 2
1369157064 3
1369157142 2
1369157221 3
1369187411 2
1369187431 3
1369187488 2
1369187503 3
1369187708 2
1369187717 3
1369187949 2
1369187951 3
1369188021 2
1369188025 3
1369188051 2
1369188133 3
1369188940 2
1369188943 3
1369189572 2
1369189574 3
1369189647 2
1369189649 3
1369189901 2
1369189904 3
1369189931 2
1369189933 3
1369189952 2
1369189954 3
1369191014 2
1369191016 3
1369237018 2
1369238783 3
1369238824 2
1369238893 2
1369238993 2
1369239042 2
1369239550 2
1369239681 3
1369239729 2
1369239732 303
1369239900 2
1369239982 2
1369240041 2
1369240045 3
1369240168 2
1369240347 2
1369240431 2
1369240675 2
1369240692 3
1369240697 2
1369240769 2
1369240846 2
1369240849 3
1369240908 2
1369241146 3
1369241154 2
1369241471 2
1369241488 2
1369241569 2
1369241710 3
1369272235 2
1369272240 303
1369273381 3
1369302525 2
1369303024 303
1369303034 3
1369303038 2
1369303277 500
1369303309 435
1369303310 433
1369303331 500
1369303337 435
1369303338 433
1369303474 3
1369303731 2
1369303749 500
1369303755 435
1369303756 433
1369303844 500
1369303847 433
1369303890 3
1369303896 2
1369303904 500
1369303909 435
1369303910 433
1369304236 2
1369304246 500
1369304250 435
1369304251 433
1369304296 500
1369304303 433
1369304310 3
1369319025 2
1369320455 3
1369321222 2
1369321259 303
1369321270 3
1369321279 2
1369321297 3
1369728657 2
1369728660 3
1369728705 2
1369728708 3
1369728735 2
1369728739 3
1369729680 2
1369729683 3
1369730743 2
1369730745 303
1369730750 3
1369731230 2
1369731235 283
1369731237 303
1369731245 283
1369731249 3
1369731313 2
1369731359 3
1369731370 2
1369731373 251
1369731375 246
1369731384 3
1369731407 2
1369731457 3
1369731490 2
1369731495 250
1369731509 250
1369731515 202
1369731518 246
1369731531 250
1369731566 3
1369731650 2
1369731682 304
1369731685 201
1369731694 701
1369731696 432
1369731701 304
1369731712 304
1369731714 3
1369731776 2
1369731779 250
1369731785 202
1369731789 246
1369731793 250
1369731809 3
1369731834 2
1369731836 304
1369731850 3
1369731897 2
1369731899 250
1369731906 201
1369731909 202
1369731912 250
1369731946 3
1369731966 2
1369731972 250
1369731977 3
1369731984 2
1369731987 250
1369732008 246
1369732012 250
1369732083 2
1369732089 250
1369732099 224
1369732102 201
1369732107 244
1369732109 250
1369732116 202
1369732120 250
1369732123 246
1369732128 250
1369732133 201
1369732136 250
1369732143 202
1369732147 246
1369732155 250
1369732159 201
1369732163 244
1369732165 250
1369732173 3
1369732220 2
1369732333 3
1369733511 2
1369733514 3
1369733534 2
1369733552 3
1369733664 2
1369733670 3
1369733672 2
1369733681 3
1369733684 2
1369734021 3
1369796657 2
1369796825 3
1369796916 2
1369796936 3
1369797023 2
1369797041 3
1369797081 2
1369797095 250
1369797109 3
1369797113 2
1369797124 224
1369797130 202
1369797133 246
1369797138 246
1369797148 246
1369797153 255
1369797156 246
1369797161 246
1369797169 3
1369797362 2
1369797419 3
1369797444 2
1369797453 3
1369797751 2
1369797755 3
1369797928 2
1369797940 255
1369797946 246
1369797961 246
1369797970 3
1369798151 2
1369798177 3
1369798226 2
1369798235 3
1369798513 2
1369798516 246
1369798524 246
1369798538 246
1369804046 3
1369804051 2
1369804053 3
1369804713 2
1369804759 201
1369804779 1025
1369804784 436
1369804789 202
1369804793 224
1369804811 201
1369804874 3
1369804931 2
1369805021 3
1369805043 2
1369805147 3
1369805697 2
1369805764 3
1369806066 2
1369806119 3
1369806184 2
1369806242 1025
1369806244 436
1369806255 246
1369806265 202
1369806269 224
1369806302 201
1369806318 3
1369806443 2
1369806511 1025
1369806512 436
1369806513 202
1369806518 224
1369806530 201
1369806680 3
1369806685 2
1369806755 1025
1369806757 436
1369806759 202
1369806764 224
1369806780 201
1369806797 3
1369806843 2
1369806882 1025
1369806883 436
1369806914 1025
1369806915 436
1369806916 202
1369806920 255
1369806923 246
1369806931 201
1369806956 1025
1369806957 436
1369806964 202
1369806968 224
1369806976 201
1369807008 1025
1369807015 436
1369807022 246
1369807026 202
1369807029 246
1369807049 3
1369809287 2
1369809322 3
1369809353 2
1369809367 3
1369809740 2
1369809757 246
1369809762 255
1369809764 255
1369809768 255
1369810079 3
1369810964 2
1369811082 3
1369811303 2
1369811312 3
1369811337 2
1369811339 3
1369811541 2
1369811549 3
1369811816 2
1369811823 3
1369811839 2
1369811843 3
1369811852 2
1369811861 3
1369811902 2
1369811918 3
1369812537 2
1369812542 3
1369812623 2
1369812628 3
1369812637 2
1369812673 3
1369812860 2
1369812866 3
1369812985 2
1369812990 3
1369812998 2
1369813002 3
1369813048 2
1369813056 3
1369813076 2
1369813082 3
1369813219 2
1369813228 3
1369813238 2
1369813246 3
1369814621 2
1369814627 3
1369814672 2
1369814680 3
1369814885 2
1369814890 201
1369814894 224
1369814904 3
1369814936 2
1369814941 3
1369814961 2
1369814969 3
1369814980 2
1369815029 2
1369815040 201
1369815099 2
1369815105 3
1369815161 2
1369815172 3
1369815336 2
1369815343 3
1369815836 2
1369815839 3
1369816159 2
1369816201 1025
1369816203 435
1369816203 436
1369816205 202
1369816209 224
1369816226 201
1369816239 200
1369816286 1025
1369816287 436
1369816293 3
1369816415 2
1369816435 202
1369816440 3
1369816480 2
1369816532 3
1369817258 2
1369817264 201
1369817281 246
1369817286 201
1369817297 3
1369817309 2
1369817318 3
1369817618 2
1369817670 3
1369817758 2
1369817798 200
1369817827 3
1369817866 2
1369817893 202
1369817897 304
1369817899 224
1369817902 304
1369817918 201
1369817954 304
1369817991 1025
1369817996 436
1369817999 202
1369818005 3
1369818111 2
1369818142 3
1369818406 2
1369818436 201
1369818438 224
1369818446 201
1369818451 202
1369818455 224
1369818458 304
1369818460 201
1369818648 3
1369819957 2
1369819963 3
1369820650 2
1369820653 202
1369820662 303
1369820672 201
1369820675 246
1369820682 201
1369820690 3
1369820847 2
1369820858 3
1369820861 2
1369820866 224
1369820869 201
1369820872 202
1369820875 246
1369820885 304
1369820889 201
1369820944 250
1369821137 3
1369821249 2
1369821305 202
1369821322 250
1369821327 224
1369821332 201
1369821335 250
1369821337 201
1369821361 250
1369821437 3
1369821471 2
1369821478 255
1369821490 3
1369821582 2
1369821613 202
1369821616 224
1369821623 304
1369821626 201
1369821688 304
1369821737 1025
1369821738 436
1369821743 3
1369822014 2
1369822522 3
1369822975 2
1369822994 3
1369823205 2
1369823216 3
1369823331 2
1369823345 221
1369823347 224
1369823350 220
1369823354 3
1369823406 2
1369823419 202
1369823428 201
1369823443 3
1369823449 2
1369823451 200
1369823485 3
1369823590 2
1369823610 246
1369823649 303
1369823708 3
1369828069 2
1369828093 246
1369828102 251
1369828341 246
1369828420 240
1369828444 240
1369828495 3
1369828525 2
1369828531 3
1369828537 2
1369828541 3
1369828544 2
1369828546 3
1369828573 2
1369829402 201
1369829416 3
1369829508 2
1369829512 3
1369829555 2
1369829559 200
1369829560 202
1369829562 206
1369829568 202
1369829585 3
1369829617 2
1369829624 3
1369830056 2
1369830068 201
1369830070 224
1369830075 255
1369830077 256
1369830081 254
1369830085 201
1369830092 202
1369830108 3
1369830164 2
1369830166 3
1369830306 2
1369830310 3
1369830734 2
1369830738 3
1369830763 2
1369830792 3
1369830840 2
1369830843 3
1369831193 2
1369831195 3
1369832087 2
1369832089 3
1369832165 2
1369832168 3
1369832473 2
1369832477 201
1369832480 246
1369832484 201
1369832487 250
1369832490 201
1369832568 304
1369832662 240
1369832665 304
1369832715 1025
1369832717 436
1369832732 3
1369832737 2
1369832743 3
1369832849 2
1369832855 3
1369833041 2
1369833046 3
1369833129 2
1369833134 3
1369833211 2
1369833227 3
1369833285 2
1369833390 3
1369833632 2
1369833637 202
1369833643 224
1369833649 304
1369833652 201
1369833656 201
1369833662 224
1369833688 224
1369833701 246
1369833715 201
1369833724 200
1369833733 202
1369833738 224
1369833752 251
1369833759 304
1369833762 201
1369833810 701
1369833813 432
1369833820 220
1369833825 244
1369833854 1025
1369833856 436
1369833859 202
1369833865 224
1369833869 201
1369833872 202
1369833881 224
1369833888 304
1369833893 304
1369833897 201
1369833921 304
1369833955 3
1369843424 2
1369843429 3
1369843974 2
1369843989 2
1369844052 2
1369844064 2
1369844294 2
1369844316 3
1369844580 2
1369844598 3
1369844691 2
1369844697 3
1369844719 2
1369844726 3
1369844766 2
1369844775 3
1369844791 2
1369844805 202
1369844811 224
1369844849 246
1369844859 201
1369844871 3
1369844894 2
1369844921 3
1369845020 2
1369845038 2
1369845068 2
1369845101 3
1369845230 2
1369845262 2
1369845303 2
1369845307 3
1369845331 2
1369845336 3
1369845352 2
1369845386 2
1369845443 2
1369845496 2
1369845578 2
1369845609 2
1369845677 3
1369845742 2
1369845749 202
1369845769 3
1369845825 2
1369845829 201
1369845831 246
1369845836 201
1369845842 3
1369845856 2
1369845864 3
1369845928 2
1369845954 3
1369846585 2
1369846622 304
1369846691 3
1369846709 2
1369846798 2
1369846807 3
1369846815 2
1369847011 2
1369847014 202
1369847019 304
1369847020 224
1369847023 304
1369847028 201
1369847109 304
1369847159 1025
1369847160 436
1369847164 3
1369847195 2
1369847224 202
1369847231 224
1369847234 304
1369847238 201
1369847265 304
1369847293 3
1369847307 2
1369847313 202
1369847317 224
1369847320 304
1369847324 201
1369847327 224
1369847350 200
1369847357 251
1369847366 200
1369847368 201
1369847371 200
1369847373 251
1369847378 202
1369847382 224
1369847401 200
1369847407 244
1369847409 250
1369847412 201
1369847428 3
1369847444 2
1369847456 202
1369847463 224
1369847467 304
1369847470 201
1369847534 304
1369847614 200
1369847822 304
1369847827 304
1369851633 1025
1369851635 436
1369851637 202
1369851675 3
1369881449 2
1369881471 309
1369881477 304
1369881478 221
1369881479 224
1369881500 280
1369881504 283
1369881507 282
1369881552 200
1369881566 3
1369881729 2
1369881769 3
1369881871 2
1369881878 303
1369881893 3
1369881902 2
1369881904 200
1369881907 3
1369881994 2
1369882002 200
1369882006 3
1369883158 2
1369898282 3
1369899627 2
1369899649 303
1369899817 2
1369899838 3
1369931644 2
1369931657 303
1369931997 255
1369932001 255
1369932012 200
1369932016 3
1369932798 2
1369932799 200
1369932811 200
1369932822 3
1369933400 2
1369933404 200
1369933407 3
1369933704 2
1369933898 3
1369934154 2
1369934299 304
1369934305 201
1369934307 224
1369934311 304
1369934314 201
1369934331 200
1369934344 200
1369934355 3
1369934602 2
1369934605 3
1369934661 2
1369934669 3
1369934768 2
1369934782 3
1369934784 2
1369934847 3
1369934853 2
1369934924 3
1369935216 2
1369935268 3
1369935620 2
1369935637 3
1369936628 2
1369936649 3
1369936696 2
1369936707 3
1369936858 2
1369936879 3
1369936891 2
1369936936 3
1369937212 2
1369937219 3
1369937279 2
1369937296 3
1369937757 2
1369937783 3
1369937824 2
1369937920 3
1369938641 2
1369938645 3
1369938886 2
1369938900 3
1369938930 2
1369938944 3
1369938960 2
1369938974 3
1369938979 2
1369938996 3
1369939087 2
1369939098 3
1369939099 2
1369939105 3
1369939195 2
1369939211 3
1369939226 2
1369939233 3
1369939260 2
1369939268 3
1369992760 2
1369992777 3
1369992779 2
1369992788 3
1369992886 2
1369992896 3
1369992901 2
1369992912 3
1369992939 2
1369992955 3
1369992957 2
1369992966 3
1370009480 2
1370009504 3
1370009508 2
1370009520 3
1370009586 2
1370009638 3
1370009643 2
1370009696 202
1370009701 251
1370009712 246
1370009720 304
1370009726 201
1370010044 200
1370010049 200
1370010345 3
1370010431 2
1370010480 3
1370011218 2
1370011873 200
1370011877 3
1370012267 2
1370012544 3
1370012655 2
1370012689 3
1370012783 2
