1383536771 2
1383536848 241
1383536849 250
1383536851 256
1383536854 3
1383537517 2
1383537916 3
1383538969 2
1383538985 309
1383538990 240
1383538993 241
1383538994 242
1383539011 3
1383621279 2
1383621305 242
1383621323 241
1383621325 241
1383621338 306
1383621350 3
1383621878 2
1383621969 3
1383716096 2
1383716113 240
1383716116 256
1383716118 241
1383716122 3
1383716290 2
1383716300 3
1383717535 2
1383717540 3
1383717562 2
1383717610 3
1383718613 2
1383718632 3
1383718670 2
1383718682 3
1383718690 2
1383718711 3
1383889790 2
1383889801 3
1383891746 2
1383891750 303
1383891755 3
1383891760 2
1383891784 2
1383891801 3
1383891812 2
1383891827 3
1383891832 2
1383891853 3
1383891880 2
1383891889 3
1383891920 2
1383891930 3
1383892151 2
1383892160 3
1383892247 2
1383892255 3
1383892299 2
1383892307 3
1383892352 2
1383892361 3
1383892370 2
1383892375 303
1383892379 3
1383892386 2
1383892391 3
1383918937 2
1383918965 246
1383918979 303
1383918984 3
1383918989 2
1383919007 3
1384147796 2
1384147853 224
1384147893 3
1384147939 2
1384147948 246
1384148002 303
1384148014 3
1384148162 2
1384148174 3
1384151664 2
1384151676 240
1384151783 3
1384152037 2
1384152045 201
1384152079 202
1384152094 303
1384152102 201
1384153195 2
1384153203 3
1384153230 2
1384153236 202
1384153251 201
1384153299 3
1384153330 2
1384153333 202
1384153344 201
1384153429 3
1384153955 2
1384153977 307
1384154001 3
1384154043 2
1384154100 1025
1384154102 436
1384154104 202
1384154131 3
1384154257 2
1384154266 201
1384154270 201
1384154312 3
1384154770 2
1384154778 3
1384154785 2
1384154790 3
1384154828 2
1384154836 3
1384154853 2
1384154859 3
1384154909 2
1384154917 202
1384154923 3
1384155304 2
1384155317 3
1384155851 2
1384155870 3
1384156390 2
1384156575 3
1384156581 2
1384156588 3
1384156652 2
1384156695 201
1384156710 201
1384156730 3
1384156982 2
1384157049 3
1384157832 2
1384157835 202
1384157861 201
1384157864 201
1384157926 1025
1384157928 435
1384157928 436
1384157934 200
1384157949 202
1384157955 3
1384158148 2
1384158155 201
1384158159 201
1384158223 1025
1384158224 436
1384158235 202
1384158240 202
1384158247 3
1384158551 2
1384158561 201
1384158570 201
1384158684 1025
1384158686 436
1384158690 202
1384158696 201
1384158705 201
1384158723 1025
1384158728 436
1384158734 202
1384158742 3
1384159142 2
1384159148 3
1384159205 2
1384159212 201
1384159214 201
1384159410 2
1384159412 202
1384159414 202
1384159423 201
1384159427 202
1384159438 201
1384159617 2
1384159699 2
1384159753 3
1384159855 2
1384159916 3
1384159966 2
1384160024 1025
1384160025 436
1384160108 200
1384160128 1025
1384160129 435
1384160130 436
1384160150 202
1384160155 3
1384161432 2
1384161470 3
1384161476 2
1384161487 201
1384161543 3
1384161593 2
1384161600 202
1384161612 201
1384161614 202
1384161623 3
1384224850 2
1384224895 3
1384225498 2
1384225515 3
1384309325 2
1384309361 3
1384321890 2
1384321904 201
1384321908 202
1384321915 3
1384322121 2
1384322205 201
1384322263 1025
1384322265 436
1384322268 202
1384322280 201
1384322295 201
1384322298 201
1384322358 304
1384322380 1025
1384322381 436
1384322382 202
1384322388 3
1384322685 2
1384322723 201
1384322790 1025
1384322794 436
1384322798 202
1384322824 3
1384322948 2
1384322976 3
1384324142 2
1384324164 3
1384324177 2
1384324186 3
1384324347 2
1384324367 3
1384324525 2
1384324543 3
1384324548 2
1384324557 3
1384324945 2
1384325073 3
1384325115 2
1384325177 3
1384325195 2
1384325280 201
1384325287 3
1384325495 2
1384325499 202
1384325515 201
1384325534 3
1384325798 2
1384325823 303
1384325830 303
1384325844 307
1384325848 3
1384325905 2
1384325909 3
1384338421 2
1384338435 3
1384338735 2
1384338762 202
1384338771 3
1384338954 2
1384338969 3
1384339747 2
1384339778 201
1384339785 3
1384340147 2
1384340155 3
1384340242 2
1384340250 3
1384340564 2
1384340572 202
1384340578 3
1384340757 2
1384340784 3
1384340846 2
1384340855 3
1384655003 2
1384655027 3
1384655035 2
1384655081 303
1384655093 3
1384655097 2
1384655123 3
1384655574 2
1384655590 3
1384656779 2
1384656800 3
1384656852 2
1384656862 3
1384656914 2
1384656927 3
1384657735 2
1384657761 3
1384657774 2
1384657789 303
1384657811 3
1384658126 2
1384658152 3
1384658349 2
1384658425 3
1384658478 2
1384658489 3
1384658539 2
1384658549 3
1384659033 2
1384659048 303
1384659052 3
1384659680 2
1384659829 2
1384659873 2
1384659890 3
1384659919 2
1384659929 3
1384660295 2
1384660305 3
1384660618 2
1384660627 3
1384660653 2
1384660668 3
1384660736 2
1384660750 3
1384661301 2
1384661326 2
1384661342 3
1384661354 2
1384661363 3
1384661506 2
1384661562 2
1384661570 3
1384661703 2
1384661751 2
1384661762 3
1384661810 2
1384661820 3
1384661886 2
1384661895 3
1384666177 2
1384666192 3
1384666226 2
1384666239 3
1384666318 2
1384666327 3
1384666444 2
1384666452 3
1384666487 2
1384666495 3
1384666538 2
1384666546 3
1384666600 2
1384666613 3
1384666638 2
1384666647 3
1384666935 2
1384666949 2
1384666963 2
1384666972 2
1384666980 3
1384666985 2
1384667002 3
1384667055 2
1384667064 3
1384667068 2
1384667079 3
1384667103 2
1384667114 3
1384667121 2
1384667131 3
1384667937 2
1384667952 3
1384668026 2
1384668034 3
1384668042 2
1384668053 3
1384668223 2
1384668233 201
1384668238 201
1384668240 202
1384668247 282
1384668254 282
1384668257 3
1384668361 2
1384668368 202
1384668396 3
1384668486 2
1384668499 201
1384668502 201
1384668504 202
1384668509 3
1384668536 2
1384668546 282
1384668560 3
1384668734 2
1384668746 201
1384668789 240
1384668798 3
1384668851 2
1384668859 202
1384668864 3
1384669030 2
1384669038 3
1384676520 2
1384676532 3
1384676629 2
1384676633 3
1384676653 2
1384676658 3
1384676711 2
1384676717 3
1384676730 2
1384676744 2
1384676756 201
1384676771 3
1384677044 2
1384677049 202
1384677061 303
1384677081 3
1384677103 2
1384677112 201
1384677144 240
1384677158 304
1384677161 221
1384677163 224
1384677166 220
1384677229 500
1384677231 433
1384677316 3
1384677382 2
1384677395 243
1384677401 202
1384677465 3
1384677527 2
1384677544 3
1384677586 2
1384677603 3
1384677713 2
1384677725 3
1384677779 2
1384677809 3
1384677912 2
1384677924 201
1384677930 202
1384677941 201
1384677943 201
1384678026 3
1384678210 2
1384678213 202
1384678222 201
1384678260 303
1384678320 1025
1384678322 436
1384678330 500
1384678332 432
1384678337 1025
1384678338 436
1384678350 202
1384678380 3
1384678487 2
1384678537 201
1384678541 202
1384678549 201
1384678584 1025
1384678593 436
1384678596 202
1384678622 3
1384678681 2
1384678689 201
1384678743 500
1384678745 433
1384678749 1025
1384678750 436
1384678759 202
1384678779 3
1384678791 2
1384678805 3
1384678813 2
1384678823 3
1384678841 2
1384678850 201
1384678857 201
1384678865 201
1384678911 500
1384678913 433
1384678920 1025
1384678921 436
1384678923 202
1384678969 201
1384678974 3
1384679272 2
1384679589 2
1384679597 3
1384679618 2
1384679622 303
1384679630 303
1384679635 3
1384679646 2
1384679657 254
1384679662 202
1384679717 3
1384680405 2
1384680444 2
1384680470 2
1384680516 2
1384680538 2
1384680553 3
1384680564 2
1384680567 3
1384680571 2
1384680590 3
1384684204 2
1384684220 3
1384684371 2
1384684393 3
1384684421 2
1384684450 3
1384684502 2
1384684522 303
1384684594 3
1384684628 2
1384684918 2
1384684999 2
1384685105 2
1384685141 3
1384685391 2
1384685435 2
1384685457 2
1384685556 2
1384753410 2
1384753492 2
1384754121 2
1384754230 2
1384754257 2
1384755363 3
1384755386 2
1384755413 2
1384755536 2
1384755556 3
1384755575 2
1384755610 3
1384755617 2
1384755660 3
1384825204 2
1384825229 3
1384825238 2
1384825241 3
1384825247 2
1384825259 3
1384825267 2
1384825418 3
1384826191 2
1384826368 240
1384826386 241
1384826396 283
1384826406 305
1384826409 301
1384826425 3
1384826538 2
1384826550 3
1384826795 2
1384826878 2
1384827149 2
1384827299 2
1384827754 2
1384827775 3
1384828021 2
1384828049 3
1384839955 2
1384839977 3
1384839985 2
1384840006 3
1385011962 2
1385011993 3
1385012066 2
1385012073 3
1385012118 2
1385012122 3
1385012194 2
1385012197 303
1385012201 3
1385012209 2
1385012213 3
1385012342 2
1385012347 303
1385012351 3
1385012357 2
1385012361 3
1385012425 2
1385012429 3
1385012460 2
1385012479 3
1385013391 2
1385013397 3
1385013403 2
1385013408 3
1385029003 2
1385029010 3
1385029218 2
1385029247 3
1385029326 2
1385029690 2
1385029744 3
1385260915 2
1385260929 303
1385271741 2
1385271856 3
1385271974 2
1385272004 3
1385272077 2
1385272352 3
1385272773 2
1385272968 2
1385273021 246
1385273345 2
1385273382 3
1385273464 2
1385273792 2
1385273960 2
1385274103 2
1385274210 2
1385274566 2
1385274940 2
1385542519 2
1385542594 3
1385543128 2
1385543366 3
1385544828 2
1385544844 3
1385544972 2
1385544999 3
1385545051 2
1385545100 282
1385545121 201
1385545124 202
1385545135 3
1385545142 2
1385545176 242
1385545195 204
1385545259 3
1385545489 2
1385546058 2
1385546177 2
1385547067 2
1385547253 3
1385547263 2
1385547326 3
1385547342 2
1385547411 3
1385547533 2
1385547632 3
1385547655 2
1385547736 3
1385547745 2
1385547772 200
1385547777 303
1385547794 303
1385547819 3
1385547980 2
1385548006 3
1385548103 2
1385548243 3
1385548283 2
1385548627 3
1385602299 2
1385602371 3
1385602478 2
1385602487 3
1385621604 2
1385621642 3
1385621704 2
1385621827 2
1385621836 3
1385623151 2
1385623243 2
1385623280 3
1385623297 2
1385623477 2
1385624030 2
1385624070 3
1385624192 2
1385624613 2
1385624634 3
1385624651 2
1385624678 3
1385625419 2
1385625439 3
1385626134 2
1385626149 3
1385626183 2
1385626407 2
1385626417 3
1385626444 2
1385626559 2
1385626773 2
1385626921 2
1385626931 3
1385626988 2
1385627150 2
1385627424 3
1385627462 2
1385627997 2
1385633211 2
1385633405 3
1385633447 2
1385633523 2
1385633672 2
1385633715 2
1385633800 2
1385633827 3
1385634262 2
1385634338 2
1385634432 2
1385634637 2
1385634735 2
1385635834 2
1385636005 2
1385636014 3
1385636050 2
1385636163 2
1385636250 2
1385636309 2
1385636666 2
1385637234 2
1385637874 2
