1366031711 243
1366031767 250
1366031814 244
1366032003 244
1366032005 256
1366032129 250
1366032131 244
1366032132 256
1366032140 256
1366032374 250
1366032375 243
1366032377 242
1366032378 241
1366032380 240
1366032394 285
1366032418 201
1366032422 250
1366032424 244
1366032427 256
1366032429 246
1366032449 246
1366032478 244
1366032480 3
1366032881 2
1366032893 251
1366032912 202
1366032917 246
1366032919 251
1366033367 303
1366033374 3
1366083052 2
1366083082 251
1366083090 3
1366083210 2
1366083220 251
1366083231 3
1366083297 2
1366083493 303
1366083498 3
1366083526 2
1366083556 251
1366083565 303
1366083572 3
1366083623 2
1366083688 303
1366083694 251
1366083697 303
1366083707 251
1366083712 251
1366083716 251
1366083718 251
1366083721 303
1366083730 251
1366083988 251
1366084581 3
1366084729 2
1366084736 251
1366085157 3
1366085274 2
1366085285 246
1366086113 3
1366089431 2
1366089869 3
1366090196 2
1366090302 3
1366090400 2
1366090442 3
1366090492 2
1366090582 3
1366090627 2
1366090822 3
1366091267 2
1366091313 3
1366091406 2
1366091547 201
1366091604 3
1366091812 2
1366092740 2
1366093122 3
1366093208 2
1366093742 2
1366094024 2
1366094403 2
1366094410 254
1366094455 500
1366094568 433
1366094577 3
1366095724 2
1366095795 500
1366095819 432
1366095868 3
1366095922 2
1366095959 500
1366095986 433
1366096039 500
1366096043 433
1366096109 3
1366096273 2
1366096285 255
1366096309 255
1366096545 282
1366096551 3
1366096703 2
1366096753 254
1366096964 254
1366096997 3
1366097017 2
1366097024 282
1366097030 282
1366097036 3
1366097055 2
1366097062 282
1366097282 284
1366097287 3
1366097441 2
1366097447 283
1366097500 285
1366097847 284
1366097852 3
1366097892 2
1366097900 245
1366100013 3
1366100886 2
1366100932 3
1366103864 2
1366103870 283
1366103969 3
1366104486 2
1366104493 204
1366104692 3
1366105730 2
1366105738 204
1366105979 204
1366105982 3
1366106076 2
1366106084 204
1366106094 3
1366108218 2
1366108225 202
1366108254 224
1366108330 246
1366108366 3
1366108802 2
1366109150 254
1366109270 303
1366109281 254
1366109352 3
1366177032 2
1366177053 245
1366177056 254
1366177082 242
1366177083 250
1366177085 244
1366177090 256
1366177095 3
1366180708 2
1366180751 303
1366180756 3
1366183069 2
1366183182 3
1366185180 2
1366185227 240
1366185260 3
1366186422 2
1366186630 3
1366199340 2
1366199349 3
1366199419 2
1366199429 3
1366199479 2
1366199484 3
1366257950 2
1366257999 2
1366258290 2
1366258353 2
1366258783 2
1366258791 250
1366258888 2
1366258989 2
1366259026 2
1366262520 2
1366262528 221
1366262536 221
1366262538 222
1366262539 223
1366262547 3
1366262627 2
1366262636 221
1366262640 3
1366262718 2
1366262726 3
1366262864 2
1366262867 221
1366262870 224
1366262876 3
1366262899 2
1366262901 303
1366263004 2
1366263148 2
1366263175 3
1366263239 2
1366263245 220
1366263250 224
1366263251 221
1366263260 3
1366263670 2
1366263679 3
1366263713 2
1366263723 3
1366263826 2
1366263832 304
1366263834 221
1366263836 224
1366263838 220
1366263844 3
1366263889 2
1366263910 3
1366264229 2
1366264239 304
1366264240 221
1366264244 240
1366264254 3
1366264314 2
1366264322 3
1366264344 2
1366264382 3
1366266000 2
1366266016 240
1366266018 3
1366266041 2
1366266051 221
1366266053 220
1366266055 222
1366266055 223
1366266077 3
1366266212 2
1366266220 240
1366266225 3
1366266391 2
1366266429 3
1366266804 2
1366266817 3
1366266852 2
1366266871 251
1366266885 3
1366267079 2
1366267104 3
1366267503 2
1366267517 245
1366267520 254
1366267528 3
1366267556 2
1366267566 255
1366267591 3
1366267987 2
1366268687 245
1366268704 3
1366269335 2
1366269343 3
1366269455 2
1366269469 3
1366269555 2
1366269579 3
1366269681 2
1366269711 3
1366269751 2
1366269776 3
1366269794 2
1366269806 3
1366269814 2
1366269818 303
1366269826 3
1366269914 2
1366270035 2
1366270048 3
1366270588 2
1366270609 3
1366270758 2
1366270826 3
1366271787 2
1366271838 3
1366272256 2
1366272285 285
1366272292 3
1366272341 2
1366272348 280
1366272349 284
1366272351 283
1366272360 3
1366273127 2
1366273157 221
1366273162 221
1366273169 220
1366273171 222
1366273171 223
1366273177 240
1366273181 241
1366273186 242
1366273191 3
1366273245 2
1366273260 309
1366273267 3
1366273908 2
1366273925 3
1366273952 2
1366273972 3
1366274089 2
1366274114 222
1366274117 223
1366274122 3
1366274148 2
1366274156 3
1366274183 2
1366274194 3
1366274271 2
1366274281 3
1366274366 2
1366274393 3
1366275157 2
1366275387 3
1366275490 2
1366275521 3
1366275590 2
1366275598 254
1366275600 247
1366275601 247
1366275601 247
1366275602 247
1366275602 247
1366275603 247
1366275603 247
1366275603 247
1366275603 247
1366275603 247
1366275604 247
1366275604 247
1366275604 247
1366275604 245
1366275619 3
1366275668 2
1366275684 254
1366275686 3
1366275732 2
1366275744 254
1366275759 303
1366275767 303
1366275783 303
1366275803 3
1366276229 2
1366276241 246
1366276253 246
1366276260 246
1366276270 3
1366276314 2
1366276318 246
1366276325 246
1366276350 246
1366276375 200
1366276382 3
1366277004 2
1366277244 3
1366277610 2
1366277624 3
1366277810 2
1366277815 246
1366277819 255
1366277821 247
1366277822 247
1366277822 247
1366277832 204
1366277838 247
1366277847 244
1366277850 256
1366277851 246
1366277857 251
1366277881 242
1366277885 241
1366277890 240
1366277893 250
1366277899 3
1366278225 2
1366278433 246
1366278440 3
1366278483 2
1366278502 3
1366278524 2
1366278531 251
1366278543 246
1366278551 245
1366278555 3
1366279023 2
1366279030 246
1366279042 3
1366354756 2
1366354763 3
1366434032 2
1366434224 302
1366434225 302
1366434229 221
1366434237 3
1366434313 2
1366434317 3
1366434930 2
1366435018 200
1366435028 244
1366435030 256
1366435032 242
1366435039 3
1366435403 2
1366435441 3
1366436656 2
1366436688 3
1366436740 2
1366436754 222
1366436755 223
1366436776 3
1366436795 2
1366436845 222
1366436845 223
1366436869 3
1366437213 2
1366437226 3
1366437461 2
1366437476 3
1366437577 2
1366437586 3
1366437635 2
1366437642 3
1366437669 2
1366437847 3
1366437964 2
1366437975 3
1366438197 2
1366438217 3
1366438252 2
1366438306 3
1366438465 2
1366438673 3
1366438689 2
1366438698 3
1366438802 2
1366438809 3
1366438824 2
1366438830 3
1366438905 2
1366438917 3
1366439055 2
1366439063 3
1366439212 2
1366439216 251
1366439225 280
1366439228 255
1366439245 246
1366439262 3
1366439530 2
1366439547 3
1366439762 2
1366439773 3
1366439859 2
1366439877 3
1366439896 2
1366439918 3
1366439952 2
1366439966 3
1366440439 2
1366440450 3
1366440622 2
1366440775 3
1366440799 2
1366440823 3
1366440835 2
1366440864 3
1366441055 2
1366441095 3
1366441346 2
1366441370 3
1366441593 2
1366441625 3
1366441648 2
1366441925 3
1366441941 2
1366442005 3
1366442067 2
1366442091 3
1366442236 2
1366442319 3
1366442458 2
1366442491 3
1366442937 2
1366442984 240
1366443033 301
1366443206 221
1366443325 243
1366443331 220
1366443334 201
1366443342 202
1366443346 303
1366443356 3
1366443802 2
1366443926 3
1366444694 2
1366444704 3
1366444793 2
1366444807 3
1366445160 2
1366445163 3
1366445424 2
1366445444 246
1366445448 201
1366445450 202
1366445468 221
1366445471 246
1366445476 201
1366445488 202
1366445496 221
1366445528 3
1366445646 2
1366445679 303
1366445687 3
1366445928 2
1366445937 221
1366445942 246
1366445946 201
1366445948 202
1366445955 3
1366447022 2
1366447055 202
1366447067 3
1366447414 2
1366447418 201
1366447422 221
1366447425 246
1366447435 201
1366447454 202
1366447523 2
1366447527 3
1366447660 2
1366447670 201
1366447674 246
1366447695 221
1366447700 201
1366447703 202
1366447783 3
1366447843 2
1366447859 246
1366447863 201
1366447920 202
1366447989 3
1366448030 2
1366448107 246
1366448111 201
1366448114 202
1366448186 280
1366448194 256
1366448197 251
1366448198 250
1366448227 201
1366448243 246
1366448253 204
1366448277 3
1366545005 2
1366545018 246
1366545045 3
1366545921 2
1366545941 3
1366545990 2
1366546002 3
1366546014 2
1366546023 3
1366546087 2
1366546117 3
1366546226 2
1366546239 3
1366546285 2
1366546314 3
1366546493 2
1366546528 3
1366546557 2
1366546620 3
1366546665 2
1366546689 3
1366548207 2
1366548223 3
1366548373 2
1366548398 3
1366548411 2
1366548471 3
1366548518 2
1366548581 3
1366548655 2
1366548693 3
1366548873 2
1366548914 3
1366549059 2
1366549851 3
1366549919 2
1366549964 3
1366550126 2
1366550156 3
1366550177 2
1366550229 3
1366550273 2
1366550356 3
1366552220 2
1366552749 3
1366553231 2
1366553253 3
1366553451 2
1366553468 3
1366553645 2
1366553659 3
1366553792 2
1366553830 3
1366553923 2
1366553927 3
1366553942 2
1366554158 3
1366554391 2
1366554439 3
1366554911 2
1366554942 240
1366554944 246
1366554952 201
1366554955 202
1366554964 3
1366555007 2
1366555013 246
1366555018 201
1366555021 202
1366555088 246
1366555092 201
1366555095 202
1366555167 245
1366555169 256
1366555170 250
1366555190 3
1366608405 2
1366608415 3
1366609131 2
1366609262 3
1366609305 2
1366609309 3
1366610078 2
1366610106 282
1366610470 303
1366610480 283
1366610490 246
1366610495 246
1366610508 3
1366719165 2
1366719175 283
1366719188 3
1366726449 2
1366726462 283
1366726480 3
1366726517 2
1366726521 245
1366726524 3
1366726575 2
1366726590 283
1366726606 283
1366726800 282
1366726804 3
1366727888 2
1366727916 3
1366731963 2
1366731979 282
1366731984 3
1366732148 2
1366732153 282
1366732166 3
1366732300 2
1366732304 251
1366732308 282
1366732325 3
1366732461 2
1366732468 282
1366732480 282
1366732484 282
1366732492 282
1366732501 3
1366732786 2
1366732791 282
1366732810 3
1366733616 2
1366733631 282
1366733640 3
1366733662 2
1366733683 282
1366733726 2
1366733753 282
1366733762 3
1366733997 2
1366734003 282
1366734024 3
1366734422 2
1366734439 282
1366734456 3
1366734472 2
1366734476 282
1366734483 3
1366734539 2
1366734544 282
1366734601 2
1366734605 282
1366734612 3
1366734896 2
1366734902 282
1366735017 2
1366735029 282
1366735081 2
1366735085 282
1366735114 2
1366735117 282
1366735162 2
1366735165 3
1366735221 2
1366735232 282
1366735241 282
1366735271 2
1366735275 282
1366735317 2
1366735321 282
1366735661 2
1366735667 282
1366735679 3
1366736347 2
1366736353 3
1366736367 2
1366736388 282
1366736415 3
1366737364 2
1366737391 306
1366737396 3
1366737455 2
1366737475 247
1366737476 247
1366737503 220
1366737508 282
1366737511 280
1366737514 280
1366737519 3
1366767570 2
1366767581 3
1366783735 2
1366783745 245
1366783753 3
1366783778 2
1366783782 245
1366783868 2
1366783872 283
1366783882 3
1366783949 2
1366783956 282
1366783964 283
1366783970 3
1366784092 2
1366784097 283
1366784104 3
1366784133 2
1366784138 283
1366784318 2
1366784325 283
1366788045 2
1366788097 3
1366793903 2
1366793953 3
1366793970 2
1366793991 3
1366795252 2
1366795258 283
1366795293 2
1366795302 283
1366795328 3
1366802496 2
1366802823 303
1366802827 303
1366802829 303
1366802832 3
1366802857 2
1366802861 3
1366802880 2
1366802883 3
1366869415 2
1366869427 3
1366869953 2
1366869975 251
1366869984 3
1366873204 2
1366873252 307
1366873258 307
1366873261 3
1366873512 2
1366873517 244
1366873523 3
1366873541 2
1366873551 220
1366873555 244
1366873567 244
1366875636 2
1366875645 303
1366875693 307
1366875700 307
1366875703 307
1366875707 3
1366875969 2
1366875971 303
1366875989 307
1366876010 307
1366876012 3
1366876246 2
1366876260 3
1366876603 2
1366876634 3
1366877263 2
1366877265 3
1366878758 2
1366878840 3
1366878856 2
1366878863 308
1366879183 2
1366879188 283
1366879195 308
1366879198 3
1366879214 2
1366879219 283
1366879225 308
1366879253 2
1366879274 308
1366879278 3
1366879306 2
1366879311 283
1366879317 308
1366879350 3
1366879379 2
1366879389 283
1366879391 284
1366879467 3
1366879936 2
1366879945 308
1366879953 3
1366879985 2
1366880000 308
1366880005 3
1366880328 2
1366880351 250
1366880353 243
1366880369 305
1366880371 305
1366880374 302
1366880375 302
1366880379 3
1366880827 2
1366880852 3
1366881879 2
1366881895 308
1366881916 308
1366881979 3
1366882013 2
1366882342 2
1366882357 3
1366883828 2
1366883840 3
1366884420 2
1366884433 3
1366884563 2
1366884610 284
1366884616 308
1366884645 3
1366884991 2
1366885001 3
1366886424 2
1366886427 3
1366886622 2
1366886624 3
1366899813 2
1366899816 240
1366899817 241
1366899819 242
1366899820 243
1366899822 250
1366899823 244
1366899825 256
1366899833 3
1366899846 2
1366899867 3
1366900484 2
1366900523 3
1366900994 2
1366900996 3
1366901716 2
1366901731 3
1366901796 2
1366901805 3
1366901893 2
1366901915 241
1366901917 243
1366901919 250
1366901920 244
1366901922 256
1366901923 242
1366901942 240
1366901953 201
1366901955 202
1366901960 283
1366901972 3
1366949813 2
1366949851 3
1366949873 2
1366949883 3
1366949931 2
1366949936 3
1366949979 2
1366949981 3
1366953325 2
1366953328 240
1366953488 2
1366953492 3
1366953501 2
1366953524 201
1366953527 246
1366953531 201
1366953567 240
1366954532 2
1366954538 303
1366954541 3
1366955040 2
1366955064 3
1366955091 2
1366955098 3
1366955541 2
1366955548 3
1366955783 2
1366955791 3
1366961968 2
1366961976 3
1366962657 2
1366962659 3
1366963307 2
1366963320 3
1366963382 2
1366963485 2
1366963499 3
1366963587 2
1366963600 283
1366963658 2
1366963673 3
1366969345 2
1366969487 2
1366969492 3
1366969504 2
1366969509 3
1366969526 2
1366969531 3
1366969558 2
1366969563 3
1366969574 2
1366969579 3
1366969591 2
1366969602 3
1366969667 2
1366969676 3
1366969894 2
1366969900 3
1366969979 2
1366969986 3
1366969999 2
1366970006 3
1366970017 2
1366970022 3
1366970064 2
1366970078 3
1366970106 2
1366970111 3
1366970145 2
1366970151 3
1366974740 2
1366974745 3
1366975237 2
1366975288 2
1366975339 2
1366975403 2
1366975430 2
1366975457 2
1366975486 2
1366975619 3
1366976403 2
1366976434 2
1366976469 2
1366976648 2
1366976734 2
1366976738 3
1366976797 2
1366976834 2
1366976865 2
1366976885 2
1366976948 2
1366976966 2
1366977581 2
1366977644 2
1366977658 2
1366977700 2
1366977716 2
1366977783 2
1366977806 2
1366977854 2
1366977942 2
1366977945 3
1366977955 2
1366978039 2
1366978071 2
1366978106 2
1366978183 2
1366978192 3
1366978271 2
1366978292 2
1366978354 2
1366978376 2
1366978409 2
1366978432 2
1366978488 2
1366978494 3
1366979694 2
1366979705 3
1367002387 2
1367002396 3
1367002927 2
1367002934 3
1367003478 2
1367003491 3
1367038200 2
1367038214 3
1367038808 2
1367038816 3
1367038828 2
1367038834 3
1367038890 2
1367038895 3
1367039117 2
1367039120 3
1367039375 2
1367039387 3
1367039419 2
1367039432 3
1367039786 2
1367039794 3
1367039822 2
1367039826 303
1367039848 3
1367039891 2
1367039912 3
1367042086 2
1367042099 3
1367042127 2
1367042173 2
1367042181 3
1367042197 2
1367042204 3
1367042230 2
1367042282 2
1367042407 2
1367042640 2
1367042681 2
1367042823 2
1367042958 2
1367042964 255
1367042970 282
1367042972 283
1367042978 3
1367043007 2
1367043016 3
1367043035 2
1367043047 3
1367043802 2
1367043804 3
1367044246 2
1367044265 221
1367044268 220
1367044269 222
1367044270 223
1367044274 301
1367044279 3
1367044566 2
1367044569 245
1367044600 3
1367044620 2
1367044624 3
1367044874 2
1367044886 3
1367044905 2
1367044921 3
1367044943 2
1367044949 3
1367044979 2
1367044999 3
1367049175 2
1367049199 3
1367200299 2
1367200308 3
1367208459 2
1367208494 3
1367213515 2
1367213518 245
1367213642 283
1367213691 283
1367213766 3
1367214616 2
1367214623 3
1367214959 2
1367214970 3
1367216029 2
1367216047 3
1367216211 2
1367216220 3
1367216245 2
1367216252 3
1367216292 2
1367216326 3
1367223344 2
1367223348 3
1367223445 2
1367223447 3
1367223577 2
1367223580 3
1367223669 2
1367223681 3
1367223701 2
1367223734 2
1367223771 3
1367224106 2
1367224135 2
1367224155 2
1367224158 3
1367224175 2
1367224196 2
1367224244 2
1367224545 2
1367224555 3
1367224567 2
1367224664 2
1367224669 3
1367226021 2
1367226047 3
1367229230 2
1367229278 3
1367230049 2
1367230063 3
1367231560 2
1367231563 3
1367231697 2
1367231787 3
1367231805 2
1367232034 2
1367232170 2
1367232195 2
1367232267 2
1367232334 2
1367232457 2
1367232464 3
1367232500 2
1367232513 3
1367232557 2
1367232568 3
1367232636 2
1367232705 2
1367232712 3
1367232746 2
1367233983 2
1367234191 3
1367234342 2
1367234345 3
1367234536 2
1367234545 3
1367234568 2
1367234578 3
1367247735 2
1367247768 303
1367247771 307
1367247790 303
1367247797 200
1367247828 244
1367247830 256
1367247842 3
1367248009 2
1367248028 3
1367248040 2
1367248059 3
1367248422 2
1367248436 3
1367248657 2
1367248668 303
1367248685 3
1367248761 2
1367248770 3
1367249301 2
1367249324 303
1367249341 3
1367249380 2
1367249385 3
1367249905 2
1367249921 500
1367250505 2
1367250583 500
1367250589 435
1367250590 433
1367250609 500
1367250619 432
1367250622 3
1367250645 2
1367250656 500
1367250661 435
1367250662 433
1367250665 303
1367250673 500
1367250678 435
1367250678 433
1367250692 500
1367250716 435
1367250717 433
1367250719 3
1367250837 2
1367250843 500
1367250871 435
1367250876 433
1367250878 3
1367251064 2
1367251071 500
1367251091 433
1367251095 3
1367251142 2
1367251145 3
1367251170 2
1367251183 3
1367251854 2
1367251912 3
1367252036 2
1367252052 3
1367252336 2
1367252353 3
1367252374 2
1367252393 256
1367252395 256
1367252400 307
1367252404 3
1367252718 2
1367252751 307
1367252800 220
1367252833 280
1367252877 3
1367252909 2
1367252917 256
1367252931 245
1367252947 3
1367253408 2
1367253414 256
1367253419 3
1367253436 2
1367253445 256
1367253451 3
1367253518 2
1367253532 256
1367253538 3
1367253587 2
1367253592 256
1367253597 3
1367253612 2
1367253615 256
1367253625 243
1367253630 251
1367253633 245
1367253635 255
1367253640 3
1367331226 2
1367331243 221
1367331255 251
1367331258 255
1367331269 3
1367331728 2
1367331799 3
1367333645 2
1367333660 3
1367334225 2
1367334229 251
1367334232 303
1367334239 3
1367334606 2
1367334611 255
1367334615 255
1367334623 255
1367334628 3
1367334648 2
1367334652 255
1367334659 255
1367334662 3
1367334735 2
1367334738 255
1367334746 3
1367334987 2
1367335239 255
1367335254 303
1367335274 255
1367335290 202
1367335337 220
1367335349 246
1367335412 3
1367335486 2
1367335494 255
1367335505 221
1367335508 220
1367335510 222
1367335510 223
1367335514 256
1367335518 255
1367335520 251
1367335523 246
1367335533 220
1367335535 221
1367335552 256
1367335553 250
1367335555 242
1367335558 243
1367335561 220
1367335563 222
1367335564 223
1367335567 204
1367335573 220
1367335580 255
1367335593 3
1367335606 2
1367335609 303
1367335614 251
1367335627 303
1367335631 303
1367335637 3
1367335693 2
1367335700 255
1367335703 255
1367335709 3
