1359959801 2
1359959815 3
1359962111 2
1359963020 3
1359963614 2
1359963631 233
1359963643 220
1359963650 3
1359963670 2
1359963692 3
1359965445 2
1359965448 233
1359965457 3
1359965462 2
1359965475 3
1359965482 2
1359965485 233
1359965488 3
1359966348 2
1359966350 233
1359966355 3
1359966370 2
1359966375 3
1359966576 2
1359966694 3
1359974327 2
1359974342 3
1359974487 2
1359974506 3
1359974539 2
1359974549 3
1359974708 2
1359974713 3
1359974730 2
1359974733 277
1359974736 277
1359974746 3
1359974860 2
1359974870 3
1359975516 2
1359975531 2
1359975561 2
1359975569 3
1360033639 2
1360033668 3
1360034738 2
1360034751 3
1360035140 2
1360035152 3
1360035169 2
1360035240 3
1360035967 2
1360035982 3
1360036056 2
1360036065 3
1360036153 2
1360036168 3
1360036192 2
1360036269 2
1360036279 3
1360036297 2
1360036508 2
1360036574 2
1360036585 3
1360036677 2
1360036700 3
1360038178 2
1360038193 3
1360038288 2
1360038363 3
1360041696 2
1360041719 3
1360041773 2
1360041792 3
1360041816 2
1360041823 3
1360041850 2
1360041865 3
1360042299 2
1360042308 3
1360042376 2
1360042386 3
1360042560 2
1360042598 3
1360042613 2
1360042652 3
1360043592 2
1360043597 3
1360043888 2
1360043893 3
1360044072 2
1360044116 3
1360044139 2
1360044143 3
1360044503 2
1360044521 3
1360044824 2
1360044925 3
1360044966 2
1360045007 3
1360045699 2
1360045922 3
1360046173 2
1360046195 3
1360046502 2
1360046524 3
1360047577 2
1360047597 3
1360047609 2
1360047630 3
1360047658 2
1360047676 3
1360047964 2
1360047977 3
1360048519 2
1360048524 3
1360048785 2
1360048807 3
1360048843 2
1360048854 3
1360049450 2
1360049464 3
1360049492 2
1360049510 3
1360049542 2
1360049618 2
1360049640 3
1360049821 2
1360049830 3
1360049871 2
1360049890 3
1360049920 2
1360049934 3
1360049949 2
1360049969 3
1360049988 2
1360049992 3
1360050014 2
1360050040 3
1360050100 2
1360050111 3
1360050152 2
1360050211 3
1360050257 2
1360050275 3
1360050364 2
1360050397 3
1360050509 2
1360050522 3
1360050541 2
1360050551 3
1360050639 2
1360050653 3
1360050690 2
1360050778 3
1360050801 2
1360050831 3
1360050843 2
1360050882 3
1360050899 2
1360050924 3
1360050936 2
1360051109 3
1360051116 2
1360051137 3
1360051167 2
1360051181 3
1360051219 2
1360051234 3
1360051418 2
1360051432 3
1360051534 2
1360051549 3
1360051911 2
1360051923 3
1360051951 2
1360051991 3
1360052078 2
1360052133 3
1360052451 2
1360052486 3
1360052506 2
1360052523 3
1360052602 2
1360052671 3
1360052714 2
1360052743 3
1360052774 2
1360052789 3
1360052835 2
1360052903 3
1360052915 2
1360052948 3
1360053072 2
1360053095 3
1360053197 2
1360053348 3
1360053400 2
1360053649 3
1360053678 2
1360053849 2
1360053932 2
1360054017 3
1360054549 2
1360055022 3
1360055211 2
1360055254 3
1360055891 2
1360056114 3
1360056277 2
1360056294 3
1360056376 2
1360056378 3
1360056826 2
1360056858 3
1360056946 2
1360056954 3
1360057026 2
1360057052 3
1360057099 2
1360057116 3
1360057124 2
1360057137 3
1360057146 2
1360057160 3
1360057169 2
1360057176 3
1360113943 2
1360113952 3
1360117009 2
1360117029 3
1360119434 2
1360119452 3
1360119677 2
1360119692 3
1360120992 2
1360121001 233
1360121018 3
1360121055 2
1360121080 3
1360121441 2
1360121462 3
1360121500 2
1360121583 3
1360122359 2
1360122381 3
1360122408 2
1360122410 3
1360122428 2
1360122436 3
1360122765 2
1360122849 2
1360123053 2
1360123087 3
1360126147 2
1360126250 3
1360126553 2
1360126565 3
1360127955 2
1360128054 3
1360128887 2
1360128899 3
1360128939 2
1360128985 3
1360129111 2
1360129125 3
1360129140 2
1360129148 3
1360129186 2
1360129200 3
1360129218 2
1360130014 2
1360130026 3
1360130052 2
1360130166 2
1360130244 2
1360130257 3
1360130283 2
1360130299 3
1360130340 2
1360130349 3
1360130380 2
1360130444 2
1360130608 2
1360131211 2
1360131225 3
1360131231 2
1360131243 3
1360131272 2
1360131344 3
1360131389 2
1360131427 2
1360131451 3
1360131474 2
1360131477 3
1360131490 2
1360131535 2
1360131594 3
1360131627 2
1360131673 3
1360132184 2
1360132205 3
1360132280 2
1360132287 3
1360132305 2
1360132307 3
1360132365 2
1360132514 2
1360132613 3
1360132637 2
1360132670 3
1360132682 2
1360132729 3
1360132792 2
1360132808 3
1360133148 2
1360133784 3
1360133893 2
1360133899 3
1360135327 2
1360135342 3
1360135393 2
1360135419 3
1360135440 2
1360135443 3
1360135570 2
1360135617 3
1360135632 2
1360135650 3
1360135680 2
1360135701 3
1360136011 2
1360136142 3
1360136149 2
1360136166 3
1360136395 2
1360136421 3
1360136516 2
1360136541 3
1360137167 2
1360137171 3
1360137371 2
1360137384 3
1360137395 2
1360137406 230
1360137412 3
1360137763 2
1360137888 3
1360138059 2
1360138072 3
1360138881 2
1360138905 3
1360139923 2
1360139965 3
1360140499 2
1360140517 3
1360140567 2
1360140583 3
1360140789 2
1360140796 3
1360140839 2
1360140856 3
1360140969 2
1360140974 3
1360141265 2
1360141289 3
1360141585 2
1360141588 3
1360141927 2
1360141931 3
1360142025 2
1360142049 3
1360142063 2
1360142109 3
1360142194 2
1360142216 3
1360142600 2
1360142649 3
1360142678 2
1360142706 3
1360142750 2
1360142833 3
1360142877 2
1360142918 3
1360143003 2
1360143011 3
1360143120 2
1360143145 3
1360143779 2
1360143782 3
1360143912 2
1360143938 3
1360144183 2
1360144238 2
1360144261 3
1361600476 2
1361600511 3
1361604582 2
1361604592 3
