1385878311 2
1385878379 303
1385878388 246
1385892307 2
1385892407 2
1385892748 2
1385892759 303
1385892951 2
1386008404 2
1386008450 303
1386008459 201
1386008496 1025
1386008497 436
1386008499 202
1386008730 3
1386008735 2
1386008905 224
1386009422 3
1386009450 2
1386009469 3
1386009486 2
1386009638 3
1386009644 2
1386009679 3
1386009745 2
1386009748 201
1386009786 1025
1386009787 436
1386009789 202
1386009800 201
1386009816 3
1386009829 2
1386009920 303
1386009927 1025
1386009929 436
1386009930 202
1386009947 201
1386009964 3
1386010016 2
1386010294 3
1386010309 2
1386010769 2
1386010783 3
1386010793 2
1386011076 3
1386011759 2
1386011869 2
1386012029 3
1386012043 2
1386012098 246
1386012104 202
1386012236 224
1386013950 2
1386014311 251
1386014472 251
1386015153 251
1386015247 251
1386015575 283
1386015714 251
1386015809 3
1386015870 2
1386015874 251
1386016041 251
1386016093 3
1386016573 2
1386016700 3
1386025616 2
1386025913 3
1386027192 2
1386027224 305
1386027238 3
1386027244 2
1386027265 3
1386027712 2
1386027738 3
1386027809 2
1386027851 3
1386028426 2
1386028444 222
1386028445 223
1386028448 3
1386028650 2
1386028660 3
1386028689 2
1386028698 3
1386029027 2
1386029041 3
1386029130 2
1386029143 3
1386029164 2
1386029180 3
1386029214 2
1386029222 222
1386029222 223
1386029237 3
1386029268 2
1386029279 3
1386029287 2
1386029295 3
1386029340 2
1386029356 3
1386029361 2
1386029367 3
1386029447 2
1386029459 3
1386029471 2
1386029479 3
1386029524 2
1386029594 3
1386029600 2
1386029606 3
1386029797 2
1386029800 3
1386029808 2
1386029825 3
1386029847 2
1386029857 3
1386029862 2
1386029872 3
1386029882 2
1386029892 3
1386029898 2
1386029911 3
1386029917 2
1386029925 3
1386029976 2
1386030017 3
1386030033 2
1386030078 3
1386030083 2
1386030090 3
1386030102 2
1386030136 3
1386030442 2
1386030609 3
1386031229 2
1386031238 3
1386031287 2
1386031311 201
1386031353 3
1386031424 2
1386031434 202
1386031442 201
1386031524 3
1386031672 2
1386031676 202
1386031685 201
1386031730 3
1386031736 2
1386031763 3
1386032031 2
1386032209 202
1386032219 3
1386041185 2
1386041207 242
1386041299 3
1386041309 2
1386041364 3
1386041374 2
1386041425 201
1386041429 202
1386041445 3
1386041461 2
1386041483 3
1386041556 2
1386041716 2
1386041831 303
1386041910 2
1386042023 2
1386042118 2
1386042300 2
1386044303 2
1386044845 2
1386045061 2
1386045160 2
1386045281 2
1386045498 2
1386045508 303
1386046018 2
1386046063 303
1386046116 2
1386046147 222
1386046169 3
1386046264 2
1386046285 303
1386046295 201
1386046298 202
1386046305 3
1386046362 2
1386046373 3
1386046689 2
1386046709 303
1386046736 256
1386046810 2
1386046823 256
1386046832 3
1386046967 2
1386046995 3
1386047825 2
1386047900 3
1386048038 2
1386048062 3
1386049981 2
1386050123 201
1386050129 201
1386050356 2
1386050378 202
1386050390 201
1386050738 2
1386050809 202
1386050824 201
1386051018 2
1386051030 202
1386051038 201
1386051041 201
1386051138 1025
1386051145 436
1386051147 202
1386051152 3
1386051437 2
1386051454 201
1386052325 1025
1386057428 436
1386057440 3
1386057674 2
1386058131 3
1386059757 2
1386059791 3
1386059889 2
1386059904 3
1386059981 2
1386060065 3
1386060114 2
1386060188 2
1386060587 2
1386060743 2
1386060927 3
1386061025 2
1386061272 3
1386061551 2
1386062378 2
1386062474 2
1386062597 2
1386062635 3
1386062680 2
1386062980 2
1386063013 3
1386063176 2
1386063199 3
1386063257 2
1386063280 3
1386079860 2
1386080128 2
1386080308 2
1386080372 3
1386080446 2
1386080505 3
1386080628 2
1386080665 3
1386080735 2
1386080857 3
1386080910 2
1386080961 3
1386081594 2
1386081685 3
1386081757 2
1386081790 202
1386081798 3
1386081985 2
1386082070 3
1386082740 2
1386082841 3
1386083068 2
1386083156 3
1386083255 2
1386083285 3
1386108356 2
1386108443 201
1386108448 202
1386108455 3
1386109099 2
1386109111 251
1386109120 3
1386109216 2
1386109246 251
1386109258 3
1386109487 2
1386109497 251
1386109504 3
1386109591 2
1386109607 251
1386109629 303
1386109633 309
1386109639 246
1386109664 3
1386109857 2
1386109901 251
1386109912 303
1386109916 3
1386109958 2
1386109966 224
1386109981 3
1386110050 2
1386110060 251
1386110066 3
1386110079 2
1386110088 251
1386110098 3
1386110147 2
1386110159 251
1386110172 3
1386110205 2
1386110214 224
1386110225 3
1386110378 2
1386110392 3
1386110466 2
1386110478 251
1386110491 201
1386110503 202
1386110521 201
1386110529 3
1386110553 2
1386110622 3
1386130619 2
1386130632 3
1386131134 2
1386131152 3
1386131243 2
1386131252 3
1386131292 2
1386131295 3
1386131582 2
1386131601 3
1386131924 2
1386132019 3
1386133005 2
1386133028 3
1386186059 2
1386186084 3
1386186242 2
1386186440 3
1386186627 2
1386186934 2
1386187188 2
1386188122 2
1386188132 3
1386188159 2
1386188167 202
1386188176 201
1386188455 3
1386188771 2
1386188933 202
1386189005 201
1386189028 202
1386189037 201
1386189054 224
1386189073 3
1386189255 2
1386189270 202
1386189278 3
1386194199 2
1386194211 201
1386194218 3
1386194282 2
1386194298 202
1386194323 201
1386194349 3
1386194394 2
1386194412 202
1386194423 201
1386194432 201
1386194540 3
1386194561 2
1386194777 3
1386194818 2
1386194842 3
1386194998 2
1386195029 3
1386195857 2
1386195872 3
1386217257 2
1386217280 223
1386217284 3
1386217289 2
1386217301 222
1386217304 3
1386217309 2
1386218948 2
1386218960 3
1386220264 2
1386220374 3
1386220763 2
1386220782 3
1386221052 2
1386221203 2
1386221233 3
1386221297 2
1386221339 3
1386222011 2
1386222067 3
1386222149 2
1386222163 3
1386266045 2
1386266058 3
1386298104 2
1386298107 202
1386298179 2
1386298193 201
1386298199 201
1386298201 202
1386298285 2
1386298294 201
1386298297 3
1386298773 2
1386298784 201
1386298792 201
1386298799 3
1386298863 2
1386298873 201
1386298898 201
1386298911 3
1386299088 2
1386299135 201
1386299200 201
1386299202 202
1386299229 201
1386299245 3
1386300602 2
1386300616 224
1386300645 3
1386302445 2
1386302453 201
1386302455 202
1386302464 201
1386302467 202
1386303067 2
1386303078 201
1386303081 202
1386303092 3
1386303151 2
1386303165 201
1386303170 202
1386303188 201
1386303197 202
1386303206 201
1386303209 202
1386303226 201
1386303232 202
1386303242 201
1386303250 202
1386303263 201
1386303265 202
1386303275 201
1386303287 201
1386303289 202
1386303324 201
1386303327 202
1386303355 201
1386303358 202
1386303369 201
1386303372 202
1386303392 201
1386303394 202
1386303407 3
1386353381 2
1386353412 201
1386353419 201
1386353422 202
1386353430 201
1386353432 202
1386353440 201
1386353442 202
1386353457 201
1386353459 202
1386353470 201
1386353472 202
1386353480 201
1386353482 202
1386353490 201
1386353492 202
1386353500 201
1386353502 202
1386353510 201
1386353512 202
1386353519 201
1386353521 202
1386353528 201
1386353530 202
1386353535 201
1386353540 201
1386353542 202
1386353549 201
1386353552 202
1386353559 201
1386353560 202
1386353569 201
1386353572 202
1386353580 201
1386353581 202
1386353588 201
1386353590 202
1386353602 201
1386353604 202
1386353613 201
1386353614 202
1386353629 201
1386353631 202
1386353639 201
1386353641 202
1386353651 201
1386353653 202
1386353661 201
1386353663 202
1386353672 201
1386353674 202
1386353685 201
1386353687 202
1386353695 201
1386353697 202
1386353709 201
1386353711 202
1386353720 201
1386353722 202
1386353731 201
1386353733 202
1386353745 201
1386353747 202
1386353756 201
1386353758 202
1386353766 201
1386353768 202
1386353776 201
1386353778 202
1386353786 223
1386353786 222
1386353800 201
1386353815 201
1386353826 3
1386353905 2
1386353928 246
1386353947 223
1386353948 222
1386353963 221
1386353968 201
1386353974 201
1386353976 202
1386353982 201
1386353985 3
1386356173 2
1386356191 201
1386356194 202
1386356206 201
1386356280 201
1386356348 202
1386356361 3
1386356445 2
1386356458 201
1386356461 202
1386356568 201
1386356569 202
1386356587 201
1386356590 202
1386356601 201
1386356621 3
1386356641 2
1386356655 3
1386356687 2
1386356699 201
1386356701 202
1386356709 201
1386356719 3
1386356962 2
1386356970 201
1386356972 202
1386357008 2
1386357018 201
1386357020 202
1386357036 201
1386357038 202
1386357050 201
1386357054 202
1386357060 201
1386357064 201
1386357066 202
1386357071 201
1386357074 202
1386357081 201
1386357084 202
1386357089 201
1386357092 202
1386357097 201
1386357103 202
1386357112 201
1386357118 202
1386357128 201
1386357130 202
1386357140 201
1386357150 201
1386357155 202
1386357164 201
1386357167 202
1386357174 201
1386357177 202
1386357186 201
1386357193 202
1386357203 201
1386357206 202
1386357220 201
1386357288 202
1386357304 224
1386357337 201
1386357342 201
1386357344 202
1386357442 2
1386357455 201
1386357458 202
1386357463 201
1386357466 202
1386357471 201
1386357473 202
1386357524 2
1386357532 3
1386357653 2
1386357663 202
1386357672 201
1386357674 202
1386357683 201
1386357685 202
1386357690 201
1386357692 202
1386357697 201
1386357699 202
1386357704 201
1386357707 202
1386357712 201
1386357714 202
1386357739 201
1386357741 202
1386357747 201
1386357758 201
1386357760 202
1386357779 201
1386357781 202
1386357791 201
1386357798 201
1386357800 202
1386357810 201
1386357812 202
1386357817 201
1386357820 202
1386357834 201
1386357846 202
1386357853 201
1386357859 3
1386357880 2
1386357888 201
1386357891 202
1386357897 201
1386357902 3
1386358612 2
1386358622 201
1386358625 202
1386358635 201
1386358641 202
1386358648 201
1386358657 3
1386359120 2
1386359129 202
1386359137 201
1386359151 202
1386359226 201
1386359278 202
1386359283 201
1386359286 202
1386359293 201
1386359302 202
1386359308 201
1386359315 202
1386359321 3
1386359409 2
1386359777 201
1386359781 202
1386359788 201
1386359804 3
1386361477 2
1386361485 223
1386361485 222
1386361486 223
1386361486 222
1386361486 203
1386361488 205
1386361490 204
1386361492 223
1386361493 222
1386361493 223
1386361494 222
1386361497 223
1386361502 222
1386361504 223
1386361512 222
1386361512 223
1386361516 3
1386361715 2
1386361726 222
1386361728 223
1386361730 222
1386361733 223
1386361736 222
1386361741 223
1386361743 222
1386361747 223
1386361750 222
1386361754 3
1386362447 2
1386362470 303
1386362487 202
1386362491 201
1386362499 201
1386362511 3
1386363030 2
1386363049 201
1386363056 201
1386363058 202
1386363064 201
1386363067 202
1386363073 201
1386363079 202
1386363084 201
1386363088 201
1386363092 202
1386363097 201
1386363101 202
1386363106 201
1386363117 202
1386363155 201
1386363162 202
1386363172 201
1386363177 202
1386363182 201
1386363188 202
1386363196 201
1386363202 202
1386363212 3
1386363221 2
1386363224 223
1386363225 222
1386363225 223
1386363226 222
1386363250 201
1386363253 3
1386363756 2
1386363805 223
1386363807 222
1386363858 3
1386366576 2
1386366585 201
1386366591 202
1386366597 3
1386366937 2
1386366946 223
1386366946 222
1386366952 224
1386366955 201
1386366962 202
1386366972 3
1386367038 2
1386367049 201
1386367057 202
1386367064 3
1386367092 2
1386367100 201
1386367107 3
1386367119 2
1386367127 201
1386367133 3
1386367156 2
1386367163 201
1386367173 3
1386367477 2
1386367552 2
1386367599 201
1386367602 202
1386367609 254
1386367614 251
1386367622 303
1386367628 303
1386367643 201
1386367881 202
1386367886 201
1386367890 202
1386367905 201
1386367978 202
1386367985 3
1386368069 2
1386368081 223
1386368081 222
1386368085 221
1386368092 202
1386368097 3
1386368146 2
1386368153 201
1386368155 202
1386368180 223
1386368181 222
1386368423 240
1386368428 241
1386368448 221
1386368452 240
1386368549 201
1386368551 202
1386368562 3
1386368567 2
1386368581 201
1386368594 202
1386368602 201
1386368605 202
1386368610 201
1386368615 201
1386368620 201
1386368625 202
1386368641 201
1386368643 202
1386369102 2
1386369109 202
1386369126 201
1386369131 202
1386369142 201
1386369146 202
1386369163 3
1386369174 2
1386369188 201
1386369190 202
1386369196 3
1386369205 2
1386369220 201
1386369224 201
1386369229 202
1386369233 201
1386369236 201
1386369239 202
1386369244 201
1386369249 202
1386369253 201
1386369262 202
1386369267 201
1386369272 202
1386369277 201
1386369282 202
1386369288 201
1386369290 202
1386369318 241
1386369350 241
1386369368 201
1386369374 241
1386369382 241
1386369401 241
1386369412 202
1386369419 241
1386369429 201
1386369431 201
1386369435 241
1386369438 202
1386369442 201
1386369447 241
1386369461 241
1386369473 202
1386369481 201
1386369488 241
1386369492 202
1386369497 201
1386369504 241
1386369508 202
1386369515 201
1386369523 241
1386369526 202
1386369531 201
1386369539 241
1386369543 202
1386369553 201
1386369558 241
1386369577 202
1386369582 201
1386369592 220
1386369600 303
1386369622 244
1386369675 202
1386369680 201
1386369689 244
1386369727 202
1386369732 201
1386369740 244
1386369775 244
1386369823 244
1386369834 202
1386369842 201
1386369849 244
1386369855 202
1386369860 201
1386369867 244
1386369876 202
1386369880 201
1386369885 244
1386369894 202
1386369901 201
1386369907 244
1386369916 202
1386369953 242
1386369958 201
1386369961 242
1386369973 202
1386369979 201
1386369984 242
1386369998 202
1386370016 201
1386370021 242
1386370051 202
1386370059 201
1386370063 242
1386370067 202
1386370072 224
1386370077 201
1386370082 242
1386370088 202
1386370094 201
1386370101 242
1386370107 202
1386370145 201
1386370151 240
1386370217 202
1386370221 201
1386370228 240
1386370239 240
1386370256 240
1386370277 240
1386370284 202
1386370288 201
1386370296 240
1386370327 240
1386370342 240
1386370349 202
1386370354 201
1386370359 240
1386370377 202
1386370381 201
1386370386 240
1386370397 202
1386370402 201
1386370407 240
1386370420 202
1386370426 201
1386370436 240
1386370455 202
1386370459 201
1386370464 240
1386370467 202
1386370474 201
1386370478 240
1386370481 202
1386370509 201
1386370620 202
1386370624 201
1386370698 202
1386370705 201
1386370729 202
1386370738 201
1386370798 202
1386370804 201
1386370885 202
1386370890 201
1386370933 202
1386370937 201
1386370959 202
1386370966 201
1386370991 202
1386371026 201
1386371049 202
1386371056 201
1386371058 201
1386371068 202
1386371073 3
1386371086 2
1386371096 201
1386371107 202
1386371111 201
1386371127 202
1386371133 201
1386371150 202
1386371179 201
1386371190 201
1386371192 201
1386371209 202
1386371251 201
1386371278 202
1386371283 201
1386371298 202
1386371340 2
1386371415 201
1386371448 202
1386371452 201
1386371462 202
1386371469 201
1386371482 202
1386371487 201
1386371493 201
1386371507 202
1386371512 201
1386371522 202
1386371528 201
1386371540 202
1386371551 201
1386371560 3
1386371565 2
1386371586 202
1386371596 201
1386371605 254
1386371623 202
1386371629 201
1386371637 254
1386371643 202
1386371661 201
1386371665 254
1386371680 254
1386371696 254
1386371712 201
1386371717 202
1386371726 254
1386371730 201
1386371738 254
1386371741 202
1386371746 201
1386371754 254
1386371804 240
1386371819 240
1386371849 202
1386371854 201
1386371859 254
1386371863 202
1386371874 201
1386371881 202
1386371885 201
1386371932 202
1386371946 254
1386371956 201
1386371959 254
1386371971 254
1386371983 202
1386371987 201
1386371990 201
1386371998 202
1386372013 201
1386372045 201
1386372064 241
1386372072 202
1386372077 201
1386372093 241
1386372099 202
1386372103 201
1386372107 241
1386372121 202
1386372196 254
1386372203 3
1386372291 2
1386372305 241
1386372669 251
1386372674 246
1386372680 246
1386372851 282
1386372926 282
1386373038 282
1386373040 283
1386373081 304
1386373233 220
1386373237 223
1386373238 222
1386373242 221
1386373251 220
1386373258 244
1386373316 251
1386373426 254
1386373432 254
1386373683 2
1386373715 3
1386373800 2
1386373808 240
1386373965 240
1386374131 3
1386374361 2
1386375994 3
1386383463 2
1386383486 3
1386427618 2
1386427636 3
1386449782 2
1386449802 201
1386449806 202
1386449817 201
1386449821 202
1386449829 3
1386449872 2
1386449882 201
1386449887 202
1386449905 201
1386449909 3
1386449920 2
1386449949 202
1386449955 201
1386449958 3
1386450018 2
1386450026 202
1386450070 2
1386450086 201
1386450104 202
1386450129 201
1386450133 3
1386450155 2
1386450164 303
1386450174 201
1386450266 3
1386450347 2
1386450522 224
1386450527 304
1386450540 242
1386450557 242
1386451218 1025
1386453903 436
1386453912 202
1386453932 201
1386531600 2
1386532024 3
1386533787 2
1386534101 202
1386534106 201
1386534252 201
1386534255 202
1386534270 3
1386534940 2
1386534978 3
1386535248 2
1386535260 201
1386538557 1025
1386538559 436
1386538561 202
1386538567 3
1386606537 2
1386606564 201
1386606566 202
1386606570 3
1386606743 2
1386614044 3
1386701206 2
1386701220 201
1386701222 202
1386701276 3
1386701473 2
1386701522 240
1386701583 242
1386701590 240
1386701607 256
1386701610 240
1386701736 3
1386701920 2
1386702265 240
1386702290 3
1386702887 2
1386702986 3
1386703499 2
1386703539 240
1386703970 500
1386703994 433
1386704005 500
1386704024 433
1386704215 3
1386704354 2
1386704373 240
1386704390 3
1386704574 2
1386704702 309
1386704709 251
1386704721 246
1386704743 244
1386704748 201
1386704751 244
1386704754 244
1386704970 223
1386704970 222
1386704971 223
1386704972 222
1386705003 202
1386705016 3
1386705137 2
1386705266 2
1386705662 2
1386705781 201
1386705783 202
1386705810 201
1386705828 246
1386705947 201
1386705952 202
1386705957 201
1386705962 202
1386706069 3
1386706436 2
1386707244 2
1386707715 3
1386708072 2
1386709417 3
1386723508 2
1386724240 3
1386724324 2
1386724362 3
1386724419 2
1386724456 3
1386724610 2
1386782905 2
1386783632 2
1386784563 3
1386785560 2
1386785777 3
1386785868 2
1386786511 2
1386786599 3
1386786729 2
1386786752 3
1386786844 2
1386787146 2
1386787244 3
1386787377 2
1386787558 3
1386787846 2
1386787911 3
1386789264 2
1386789346 201
1386789348 202
1386789354 3
1386789471 2
1386789560 201
1386789577 3
1386789776 2
1386789806 3
1386789930 2
1386789991 3
1386790113 2
1386790691 2
1386790741 2
1386792462 2
1386792713 3
1386792820 2
1386792860 3
1386792934 2
1386793052 3
1386793176 2
1386793191 202
1386793305 3
1386794081 2
1386794198 240
1386794207 240
1386794212 3
1386794263 2
1386794327 240
1386794337 3
1386794437 2
1386794465 240
1386794474 303
1386794481 240
1386794493 3
1386794569 2
1386794582 240
1386794619 3
1386795101 2
1386795125 240
1386795136 3
1386795238 2
1386795246 240
1386795259 3
1386795333 2
1386795647 3
1386795947 2
1386796011 240
1386796033 3
1386796331 2
1386796381 240
1386796395 3
1386796619 2
1386796625 240
1386796641 3
1386796777 2
1386796865 240
1386796878 3
1386798742 2
1386798751 246
1386798757 303
1386798761 254
1386798770 254
1386798775 3
1386798900 2
1386798903 254
1386798916 254
1386798923 3
1386799084 2
1386799102 254
1386799110 3
1386799171 2
1386799187 254
1386799198 3
1386799261 2
1386799275 254
1386799285 254
1386799582 2
1386799593 254
1386799611 3
1386799785 2
1386799797 254
1386799802 254
1386799805 254
1386799809 303
1386799815 254
1386799821 303
1386799825 254
1386799833 3
1386799891 2
1386799897 254
1386799901 303
1386799909 3
1386800013 2
1386800024 254
1386800031 303
1386800035 254
1386800080 254
1386800084 201
1386800088 254
1386800305 254
1386800310 202
1386800379 223
1386800379 222
1386800419 3
1386801076 2
1386801087 303
1386801092 254
1386801099 254
1386801124 254
1386801126 254
1386801129 254
1386801136 254
1386801139 254
1386801149 254
1386801152 254
1386801154 254
1386801157 254
1386801160 303
1386801164 254
1386801175 254
1386801183 254
1386801194 3
1386802115 2
1386802125 201
1386802139 3
1386804420 2
1386804436 304
1386804440 221
1386804442 304
1386804492 220
1386804775 3
1386805130 2
1386805154 202
1386805159 3
1386806681 2
1386806685 3
1386806834 2
1386806850 256
1386806861 3
1386806932 2
1386806953 256
1386806957 3
1386807267 2
1386807276 256
1386807280 3
1386807332 2
1386807340 256
1386807351 3
1386807429 2
1386807537 256
1386807551 3
1386807962 2
1386807998 282
1386808008 308
1386808032 3
1386808356 2
1386808368 304
1386808377 220
1386808386 240
1386808399 241
1386808405 242
1386808439 3
1386809349 2
1386809362 3
1386809789 2
1386809795 201
1386809798 3
1386815184 2
1386815336 3
1386815782 2
1386815787 3
1386830912 2
1386833597 3
1386873151 2
1386873178 3
1386873305 2
1386873347 3
1386874459 2
1386874478 606
1386874478 433
1386874483 606
1386874483 433
1386874506 3
1386874559 2
1386874577 500
1386874579 433
1386874583 606
1386874583 433
1386874586 3
1386874660 2
1386874684 606
1386874729 433
1386874802 2
1386874951 606
1386874951 433
1386874961 606
1386874961 433
1386962930 2
1386963067 3
1386969937 2
1386969957 202
1386970370 3
1386971503 2
1386971540 3
1386971844 2
1386972136 3
1386972273 2
1386972330 3
1386973022 2
1386973055 3
1386973155 2
1386973211 3
1386973497 2
1386974335 201
1386974339 202
1386974352 201
1386974356 202
1386974369 3
1386974891 2
1386974897 201
1386974899 202
1386974957 201
1386974959 202
1386974963 3
1386975730 2
1386975770 3
1386977288 2
1386977829 3
1386977876 2
1386978177 3
1386978307 2
1386978424 3
1386982466 2
1386982652 3
1386987917 2
1386987936 3
1387150765 2
1387150833 3
1387223765 2
1387223839 3
1387316358 2
1387316361 201
1387316541 2
1387316733 2
1387329746 2
1387329770 3
1387329799 2
1387329824 3
1387405873 2
1387405886 254
1387405887 254
1387405891 246
1387405936 3
1387406070 2
1387406768 2
1387407185 2
1387407202 3
1387407330 2
1387407350 3
1387407422 2
1387407664 2
1387407724 3
1387410885 2
1387410921 242
1387410923 244
1387410926 3
1387411734 2
1387411750 202
1387411755 201
1387412002 3
1387412222 2
1387412226 202
1387412232 201
1387412384 2
1387425825 2
1387425896 3
1387425971 2
1387425994 303
1387426083 3
1387426863 2
1387426989 3
1387427100 2
1387427113 202
1387427118 201
1387427126 202
1387427139 201
1387427291 3
1387480305 2
1387480364 202
1387480375 201
1387480377 202
1387480380 201
1387480419 3
1387481748 2
1387481762 251
1387482388 246
1387482395 202
1387482399 246
1387482407 246
1387485356 3
1387493585 2
1387494298 2
1387494340 3
1387494384 2
1387494389 3
1387494439 2
1387494448 3
1387494608 2
1387494614 3
1387495971 2
1387495991 3
1387496747 2
1387496751 3
1387503848 2
1387504305 3
1387504877 2
1387504911 3
1387505816 2
1387505855 202
1387505862 3
1387506245 2
1387506295 201
1387506396 2
1387506472 1025
1387506473 436
1387506479 3
1387506486 2
1387506490 3
1387507481 2
1387507501 3
1387507731 2
1387507766 223
1387507766 222
1387507769 223
1387507770 222
1387507771 223
1387507772 222
1387507964 3
1387508495 2
1387508519 3
1387508802 2
1387508819 3
1387508926 2
1387508929 3
1387509717 2
1387509796 3
1387509981 2
1387510063 3
1387510206 2
1387510223 3
1387510255 2
1387510314 3
1387510645 2
1387510654 3
1387512283 2
1387512324 3
1387512526 2
1387512529 3
1387513262 2
1387514385 2
1387514396 3
1387514942 2
1387514945 3
1387514950 2
1387514969 3
1387566291 2
1387566294 3
1387566328 2
1387566340 3
1387566370 2
1387566582 2
1387566606 3
1387566681 2
1387566734 3
1387566891 2
1387566917 3
1387566942 2
1387566948 3
1387566989 2
1387567004 3
1387567022 2
1387567036 3
1387735426 2
1387735588 3
1387735895 2
1387735927 3
1387736416 2
1387736478 3
1387736582 2
1387736656 3
1387737990 2
1387737997 3
1387738005 2
1387738012 202
1387738035 3
1387738556 2
1387738571 3
1387738614 2
1387738634 3
1387738941 2
1387738966 3
1387739395 2
1387739413 3
1387739707 2
1387739731 3
1387739734 2
1387739739 3
1387739754 2
1387739765 3
1387739823 2
1387739904 2
1387739918 3
1387740234 2
1387740247 2
1387740316 3
1387740329 2
1387740341 3
1387740367 2
1387740379 3
1387740544 2
1387740567 3
1387740589 2
1387740623 3
1387740715 2
1387740733 3
1387740740 2
1387740755 3
1387740823 2
1387740856 3
1387741361 2
1387741364 3
1387743254 2
1387743275 3
1387743303 2
1387743317 3
1387743330 2
1387743363 3
1387743469 2
1387743491 3
1387743516 2
1387743534 3
1387743588 2
1387743609 3
1387744224 2
1387744422 2
1387744468 2
1387744536 2
1387744597 2
1387744636 2
1387744667 3
1387744694 2
1387744758 2
1387744773 3
1387744789 2
1387744803 3
1387744835 2
1387744848 3
1387744854 2
1387744897 2
1387744922 2
1387744943 3
1387748668 2
1387748694 3
1387748710 2
1387748734 3
1387748742 2
1387748749 3
1387749022 2
1387749025 3
1387755316 2
1387755348 3
1387755406 2
1387755440 3
1387755484 2
1387755512 3
1387756120 2
1387756153 3
1387756256 2
1387756731 2
1387756752 3
1387756871 2
1387756915 3
1387758120 2
1387758131 3
1387758174 2
1387758186 3
1387758217 2
1387758366 2
1387758406 3
1387758546 2
1387758555 3
1387758630 2
1387758650 3
1387758995 2
1387759008 3
1387759391 2
1387759398 3
1387759631 2
1387759692 3
1387826757 2
1387826787 3
1387826963 2
1387826967 3
1387827178 2
1387827183 3
1387827220 2
1387827669 3
1387829076 2
1387829100 3
1387829274 2
1387829280 3
1387829303 2
1387829327 3
1387829382 2
1387829433 2
1387829450 3
1387829490 2
1387829518 3
1387829691 2
1387829760 3
1387829967 2
1387830026 3
1387830081 2
1387830237 3
1387830242 2
1387830374 2
1387830388 3
1387830419 2
1387830432 3
1387830744 2
1387831051 3
1387831057 2
1387831071 3
1387831129 2
1387831146 3
1387831155 2
1387831268 2
1387831283 3
1387831687 2
1387831714 3
1387831821 2
1387831844 3
1387831949 2
1387831960 3
1387832058 2
1387832067 3
1387832096 2
1387832105 3
1387832206 2
1387832217 3
1387832242 2
1387832276 2
1387832283 3
1387833012 2
1387833014 3
1387833049 2
1387833062 3
1387833333 2
1387833379 3
1387833600 2
1387833748 2
1387833788 3
1387833930 2
1387833950 3
1387833985 2
1387833998 3
1387834513 2
1387834532 3
1387834547 2
1387834555 3
1387834807 2
1387834823 3
1387835064 2
1387835108 3
1387835184 2
1387835206 3
1387835297 2
1387835480 3
1387835486 2
1387835534 2
1387835544 3
1387835610 2
1387835622 3
1387835760 2
1387835771 3
1387836457 2
1387836483 3
1387836525 2
1387836532 3
1387836735 2
1387836742 3
1387838195 2
1387839945 3
1387842920 2
1387842957 3
1387842968 2
1387842971 3
1387842995 2
1387843021 3
1387843108 2
1387843184 3
1387843269 2
1387843300 3
1387843380 2
1387843412 3
1387843547 2
1387843575 3
1387843804 2
1387843807 3
1387843829 2
1387843842 3
1387844344 2
1387844523 2
1387845558 2
1387845641 3
1387846325 2
1387846332 3
1387846441 2
1387846556 2
1387846561 3
1387846569 2
1387846642 3
1387846671 2
1387846698 2
1387846706 3
1387846873 2
1387847037 2
1387847041 3
1387847059 2
1387847149 2
1387847154 3
1387847236 2
1387847240 3
1387847320 2
1387847343 3
1387847412 2
1387847420 3
1387847470 2
1387847724 2
1387847731 3
1387847744 2
1387847800 3
1387847879 2
1387847889 3
1387847940 2
1387847943 3
1387847977 2
1387848034 3
1387848102 2
1387848108 3
1387848126 2
1387848152 3
1387848160 2
1387848195 3
1387848238 2
1387848256 3
1387848261 2
1387848308 2
1387848342 2
1387848382 3
1387848388 2
1387848434 2
1387848523 3
1387848595 2
1387848797 3
1387848820 2
1387848879 3
1387849654 2
1387849658 3
1387849995 2
1387850000 3
1387850347 2
1387850391 3
1387850398 2
1387850421 3
1387850473 2
1387850497 3
1387850609 2
1387850622 3
1387850644 2
1387850748 3
1387850784 2
1387850822 3
1387850839 2
1387850888 3
1387850921 2
1387850936 3
1387875516 2
1387875549 3
1387875953 2
1387875956 303
1387875980 307
1387875986 3
1387877744 2
1387877769 2
1387877901 2
1387877940 2
1387877967 3
1387878019 2
1387878037 3
1387878052 2
1387878061 3
1387878157 2
1387878169 3
1387878182 2
1387878191 3
1387878213 2
1387878221 3
1387878232 2
1387878240 3
1387958362 2
1387958392 3
1387959478 2
1387959496 3
1387959525 2
1387959536 3
1387959812 2
1387961299 3
1387993659 2
1387993662 3
1387995104 2
1387995151 3
1387995612 2
1387995656 304
1387995667 220
1387995677 500
1387995679 432
1387995684 3
1387995897 2
1387995910 3
1387996226 2
1387996261 203
1387996276 205
1387996310 3
1387996334 2
1387996342 205
1387996399 2
1387996446 500
1387996447 432
1387996459 3
1387996970 2
1387996991 500
1387996992 432
1387996995 3
1387997031 2
1387997037 500
1387997038 432
1387997041 3
1387997857 2
1387997871 3
1387998139 2
1387998171 3
1387998375 2
1387998384 3
1387999051 2
1387999122 3
1387999134 2
1387999142 3
1387999303 2
1387999306 3
1387999316 2
1387999331 3
1387999403 2
1387999685 2
1387999722 3
1387999759 2
1387999832 3
1387999992 2
1388000040 3
1388000115 2
1388000159 3
1388000182 2
1388000247 3
1388000318 2
1388000466 2
1388000553 3
1388000772 2
1388000792 3
1388001049 2
1388001052 3
1388001469 2
1388001473 3
1388002873 2
1388002910 2
1388003705 2
1388003709 3
1388003737 2
1388003752 3
1388003770 2
1388003788 3
1388003822 2
1388003836 246
1388003859 3
1388004451 2
1388004456 201
1388004458 202
1388004478 3
1388004897 2
1388012674 2
1388012797 240
1388012807 242
1388013608 2
1388013726 2
1388013780 2
1388013951 2
1388014010 2
1388014028 2
1388014096 2
1388014163 2
1388014178 3
1388015169 2
1388015240 3
1388015263 2
1388015274 3
1388015287 2
1388015294 3
1388015395 2
1388015405 3
1388015422 2
1388015434 3
1388015624 2
1388015633 3
1388015938 2
1388016208 2
1388016249 224
1388016276 3
1388016297 2
1388016335 3
1388016398 2
1388016406 224
1388016436 251
1388016442 251
1388016448 251
1388016491 251
1388016513 309
1388016522 251
1388016547 251
1388016566 309
1388016576 309
1388016608 224
1388016658 224
1388016687 224
1388016712 224
1388016738 3
1388016865 2
1388016868 3
1388016907 2
1388016911 251
1388016916 3
1388017149 2
1388017313 2
1388017430 2
1388017445 3
1388019663 2
1388019727 3
1388019810 2
1388019824 3
1388019849 2
1388019868 3
1388019933 2
1388019953 3
1388020451 2
1388020463 3
1388020504 2
1388020561 3
1388020577 2
1388020605 3
1388020799 2
1388020813 3
1388020936 2
1388020940 3
1388021499 2
1388021564 201
1388021584 1025
1388021594 436
1388021911 1025
1388021913 436
1388021928 202
1388021935 3
1388024536 2
1388024565 201
1388024577 1025
1388024580 436
1388024586 202
1388024598 201
1388024685 3
1388025407 2
1388025470 3
1388025550 2
1388025581 3
1388025993 2
1388026016 3
1388027538 2
1388027813 2
1388027841 3
1388027880 2
1388027913 3
1388028080 2
1388028140 3
1388028149 2
1388028208 3
1388030013 2
1388030034 3
1388031061 2
1388031064 3
1388033268 2
1388033909 3
1388039536 2
1388039571 202
1388039574 201
1388039608 1025
1388039609 436
1388039633 202
1388039645 3
1388039954 2
1388040226 201
1388040250 3
1388040275 2
1388040293 202
1388040303 201
1388040598 2
1388041203 2
1388041233 202
1388041240 201
1388041271 304
1388041297 1025
1388041299 436
1388041303 200
1388041317 202
1388041350 3
1388042182 2
1388042189 201
1388042191 202
1388042202 201
1388042208 280
1388042223 202
1388042229 3
1388042305 2
1388042318 201
1388042365 1025
1388042366 436
1388042367 202
1388042381 3
1388047314 2
1388047502 3
1388047662 2
1388047719 224
1388047734 246
1388047742 201
1388047754 1025
1388047754 436
1388047763 3
1388048972 2
1388049017 1025
1388049018 436
1388049032 240
1388049036 256
1388049039 244
1388049041 242
1388049080 1025
1388049082 436
1388049098 202
1388049109 201
1388049118 1025
1388049119 436
1388049124 3
1388049147 2
1388049151 202
1388049159 201
1388049548 202
1388049562 201
1388049608 1025
1388049610 436
1388049618 3
1388079359 2
1388079393 1025
1388079404 436
1388079408 3
1388080133 2
1388080154 3
1388080315 2
1388080334 3
1388080628 2
1388080668 1025
1388080672 436
1388080679 3
1388080995 2
1388081165 1025
1388081166 436
1388081171 3
1388086055 2
1388086066 3
1388086424 2
1388086748 2
1388086798 3
1388087154 2
1388087175 3
1388087412 2
1388087429 3
1388087650 2
1388087655 202
1388087686 3
1388087792 2
1388087821 3
1388088263 2
1388088288 201
1388088301 3
1388089627 2
1388089684 3
1388089925 2
1388089976 1025
1388089977 436
1388089978 202
1388089991 3
1388094644 2
1388094648 201
1388094689 201
1388097587 2
1388097673 2
1388097742 3
1388097794 2
1388098158 2
1388098160 3
1388098251 2
1388098311 3
1388099605 2
1388099709 3
1388100798 2
1388101095 2
1388101123 3
1388101568 2
1388101612 1025
1388101613 436
1388101630 3
1388102029 2
1388102358 3
1388103453 2
1388103513 1025
1388103514 436
1388103520 3
1388103695 2
1388103725 202
1388103875 201
1388103888 1025
1388103889 436
1388103890 202
1388103896 3
1388105429 2
1388105451 201
1388105526 3
1388105667 2
1388105743 3
1388105778 2
1388105836 3
1388109233 2
1388109237 3
1388109378 2
1388109549 2
1388109588 3
1388109878 2
1388109933 3
1388110286 2
1388110308 3
1388111118 2
1388111157 3
1388111892 2
1388112048 3
1388112102 2
1388112138 3
1388112151 2
1388112165 3
1388112221 2
1388112305 3
1388112389 2
1388113245 3
1388113287 2
1388113318 3
1388113355 2
1388113399 3
1388113569 2
1388113626 3
1388113858 2
1388113900 3
1388113962 2
1388114052 3
1388114205 2
1388114234 3
1388114309 2
1388114473 3
1388115006 2
1388115016 1025
1388115018 436
1388115040 1025
1388115042 436
1388115053 1025
1388115054 436
1388115061 1025
1388115063 436
1388115066 1025
1388115068 436
1388115076 202
1388168021 2
1388168195 3
1388168429 2
1388168566 2
1388170102 2
1388170173 2
1388170188 3
1388170240 2
1388170369 2
1388170432 2
1388170625 2
1388170901 2
1388170941 3
1388170950 2
1388170983 3
1388171072 2
1388171112 3
1388171158 2
1388171340 2
1388171530 3
1388171815 2
1388171838 3
1388172036 2
1388172819 2
1388173046 2
1388173804 3
1388177580 2
1388177600 3
1388177650 2
1388177669 3
1388177855 2
1388177960 2
1388178017 2
1388178061 3
1388178208 2
1388178300 2
1388178362 2
1388178556 2
1388178908 2
1388180477 2
1388180632 3
1388181540 2
1388181563 3
1388181615 2
1388181625 3
1388181632 2
1388181647 3
1388181666 2
1388181669 3
1388181677 2
1388181688 3
1388181699 2
1388181704 3
1388181715 2
1388181724 3
1388181802 2
1388181811 3
1388181896 2
1388181904 3
1388181917 2
1388181930 3
1388181969 2
1388181976 3
1388182030 2
1388182038 3
1388182051 2
1388182063 3
1388182099 2
1388182111 3
1388182134 2
1388182152 3
1388182181 2
1388182192 3
1388182207 2
1388182217 3
1388182237 2
1388182252 3
1388182266 2
1388182277 3
1388182335 2
1388182347 3
1388182556 2
1388182638 3
1388182659 2
1388182714 3
1388182727 2
1388182738 3
1388183238 2
1388183633 200
1388183652 1025
1388183653 436
1388183911 2
1388184913 3
1388191207 2
1388191272 1025
1388191274 436
1388191301 202
1388191320 3
1388191381 2
1388191384 240
1388191393 3
1388191448 2
1388191451 3
1388194674 2
1388194708 201
1388194734 202
1388194739 201
1388194743 3
1388196698 2
1388196710 1025
1388196713 436
1388196755 1025
1388196760 436
1388196765 3
1388198080 2
1388198150 3
1388198234 2
1388198271 2
1388198331 3
1388198543 2
1388198606 3
1388199401 2
1388199571 1025
1388199573 436
1388199580 3
1388200397 2
1388200500 202
1388200580 2
1388200598 202
1388200609 201
1388200617 3
1388200765 2
1388200784 1025
1388200785 436
1388200787 202
1388200796 3
1388201158 2
1388201162 201
1388201434 2
1388201613 2
1388201790 202
1388201795 3
1388202287 2
1388202291 3
1388202514 2
1388202518 201
1388203216 2
1388204731 3
1388204813 2
1388204815 202
1388204820 201
1388204873 3
1388204881 2
1388204884 202
1388204891 201
1388204952 202
1388204958 3
1388205000 2
1388205051 201
1388205088 3
1388205209 2
1388205319 2
1388260391 2
1388261032 3
1388261251 2
1388261303 3
1388261793 2
1388261838 3
1388262699 2
1388262702 3
1388262709 2
1388262735 3
1388265963 2
1388267200 3
1388267413 2
1388270750 2
1388270763 3
1388341392 2
1388341621 202
1388341712 2
1388341721 201
1388341722 202
1388341728 201
1388341748 202
1388341753 201
1388341769 202
1388341783 201
1388341838 202
1388341843 3
1388342466 2
1388342497 201
1388342547 3
1388342835 2
1388342919 3
1388343020 2
1388343066 3
1388343297 2
1388345399 1025
1388345403 436
1388345732 1025
1388345734 436
1388345761 202
1388345780 201
1388345829 3
1388345840 2
1388345869 3
1388346854 2
1388346926 303
1388346967 3
1388347177 2
1388347196 3
1388347257 2
1388347267 500
1388347269 432
1388347275 500
1388347277 432
1388347280 500
1388347281 433
1388347297 500
1388347299 432
1388347301 500
1388347303 432
1388347304 500
1388347307 432
1388347311 500
1388347316 433
1388347364 1025
1388347366 436
1388347388 2
1388347404 1025
1388347406 436
1388347421 3
1388347467 2
1388347470 202
1388347476 201
1388349172 1025
1388349173 436
1388349343 1025
1388349344 436
1388349703 500
1388349715 432
1388349727 500
1388349745 435
1388349747 432
1388349750 500
1388349752 432
1388349798 500
1388349801 432
1388349803 500
1388349805 432
1388349806 500
1388349809 432
1388349816 500
1388349818 432
1388349836 500
1388349838 433
1388349870 500
1388349874 433
1388349972 303
1388349984 515
1388350004 432
1388350012 515
1388350029 432
1388350036 515
1388350038 432
1388350048 515
1388350049 432
1388350079 515
1388350092 435
1388350095 432
1388350096 515
1388350099 433
1388350103 515
1388350110 433
1388350114 515
1388350118 433
1388350143 515
1388350154 433
1388350189 515
1388350192 433
1388350299 515
1388350301 433
1388350314 515
1388350316 433
1388350378 515
1388350380 433
1388350442 515
1388350445 433
1388350451 515
1388350452 433
1388350461 515
1388350463 433
1388350482 303
1388350523 3
1388350634 2
1388350672 303
1388350680 515
1388350683 432
1388350687 515
1388350688 432
1388350691 515
1388350700 433
1388350702 515
1388350715 433
1388350742 515
1388350744 433
1388350745 515
1388350747 433
1388350840 515
1388350842 433
1388350931 605
1388350931 433
1388350979 605
1388350979 433
1388350982 605
1388350982 433
1388350988 3
1388351020 2
1388351089 515
1388351093 433
1388351101 515
1388351103 433
1388351145 605
1388351145 433
1388351275 515
1388351278 433
1388351285 515
1388351290 433
1388351366 515
1388351368 433
1388351431 515
1388351433 433
1388351469 3
1388351553 2
1388351622 515
1388351624 433
1388351640 515
1388351643 433
1388351745 515
1388351761 433
1388351918 2
1388351944 1025
1388351945 436
1388351968 3
1388353045 2
1388353104 515
1388353106 432
1388353119 515
1388353124 432
1388353183 515
1388353185 432
1388353188 515
1388353190 432
1388353194 515
1388353197 432
1388353249 515
1388353252 433
1388353336 515
1388353341 433
1388353411 515
1388353413 433
1388353458 515
1388353462 433
1388353475 515
1388353477 433
1388353566 3
1388353576 2
1388353619 515
1388353621 432
1388353626 515
1388353628 433
1388353678 515
1388353680 433
1388353698 515
1388353700 433
1388353736 3
1388354510 2
1388355174 3
1388355339 2
1388355564 1025
1388355566 436
1388355600 515
1388355602 432
1388355611 515
1388355618 433
1388355652 515
1388355655 433
1388355705 1025
1388355707 436
1388355817 515
1388355820 433
1388355840 515
1388355841 433
1388355845 515
1388355847 433
1388355906 1025
1388355907 436
1388355926 202
1388355932 3
1388361752 2
1388361757 3
1388361764 2
1388361770 201
1388361774 201
1388361790 3
1388362803 2
1388362809 201
1388362867 1025
1388362868 436
1388362874 202
1388362879 3
1388362885 2
1388362902 201
1388362927 303
1388363353 2
1388363368 3
1388365042 2
1388365400 202
1388365407 3
1388366387 2
1388366408 201
1388366477 303
1388366483 515
1388366486 432
1388366497 515
1388366501 433
1388366519 515
1388366522 433
1388366574 515
1388366576 432
1388366578 515
1388366581 432
1388366601 515
1388366603 432
1388366609 515
1388366612 433
1388366627 515
1388366630 433
1388366683 515
1388366686 433
1388366730 303
1388366775 515
1388366777 433
1388366902 515
1388366905 433
1388367055 515
1388367057 433
1388367264 515
1388367266 433
1388367342 1025
1388367343 436
1388367354 3
1388367611 2
1388367616 202
1388367632 3
1388368278 2
1388368282 201
1388368329 3
1388368338 2
1388368734 515
1388368737 433
1388368919 515
1388368921 433
1388368949 515
1388368953 433
1388369123 515
1388369125 433
1388369145 515
1388369148 433
1388369264 515
1388369266 433
1388369340 3
1388374514 2
1388379154 1025
1388379156 436
1388388949 202
1388393753 2
1388393774 3
1388393786 2
1388393789 201
1388393798 201
1388393801 202
1388393806 201
1388393884 1025
1388393886 436
1388393887 202
1388393893 3
1388433670 2
1388433682 244
1388433735 3
1388433745 2
1388433754 3
1388433820 2
1388433826 3
