1399189712 2
1399189736 3
1399189900 2
1399189911 3
1399189968 2
1399189982 3
1399190320 2
1399190327 3
1399254913 2
1399254923 3
1399255028 2
1399255093 3
1399354617 2
1399354625 3
1399354950 2
1399354977 3
1399354983 2
1399354988 3
1399355468 2
1399355484 200
1399355490 3
1399355772 2
1399355818 202
1399355824 3
1399355859 2
1399355863 240
1399355869 3
1399356002 2
1399356015 3
1399356024 2
1399356026 304
1399356032 221
1399356054 3
1399356521 2
1399356545 3
1399357120 2
1399357131 200
1399357134 3
1399357382 2
1399357442 3
1399357524 2
1399357532 3
1399357748 2
1399357773 3
1399357972 2
1399357998 3
1399358485 2
1399358550 247
1399358607 3
1399362528 2
1399362544 3
1399363106 2
1399363116 3
1399363154 2
1399363167 3
1399363215 2
1399363233 3
1399363246 2
1399363259 3
1399363321 2
1399363341 3
1399363412 2
1399363416 3
1399363425 2
1399363445 3
1399363789 2
1399363791 3
1399363814 2
1399363822 3
1399363884 2
1399363892 3
1399364197 2
1399364226 3
1399364756 2
1399364766 3
1399365137 2
1399365143 3
1399365174 2
1399365177 3
1399365362 2
1399365365 3
1399365581 2
1399365586 3
1399365591 2
1399365612 3
1399365720 2
1399365762 3
1399365780 2
1399365799 3
1399365890 2
1399365925 3
1399366018 2
1399366044 3
1399366062 2
1399366097 3
1399366602 2
1399367154 3
1399367185 2
1399367358 3
1399367392 2
1399367421 3
1399367468 2
1399367491 3
1399373102 2
1399374084 3
1399375544 2
1399375562 3
1399375575 2
1399375587 3
1399375598 2
1399375636 201
1399375640 3
1399375931 2
1399375972 3
1399376013 2
1399376039 3
1399376058 2
1399376074 3
1399434764 2
1399434794 3
1399443354 2
1399443380 3
1399444188 2
1399444225 3
1399444291 2
1399444301 3
1399444322 2
1399444416 3
1399444432 2
1399444474 3
1399444997 2
1399445050 3
1399445147 2
1399445166 3
1399445265 2
1399445373 3
1399446343 2
1399446360 3
1399446788 2
1399446805 3
1399446975 2
1399446984 3
1399447390 2
1399447428 3
1399447435 2
1399447488 200
1399447520 240
1399447537 303
1399447542 306
1399447554 3
1399447948 2
1399447962 3
1399447971 2
1399447977 3
1399447988 2
1399447997 3
1399448004 2
1399448018 3
1399448093 2
1399448109 3
1399448309 2
1399448319 3
1399450099 2
1399450102 3
1399450132 2
1399451204 2
1399451214 3
1399451354 2
1399451386 3
1399451700 2
1399451737 3
1399451779 2
1399451818 2
1399451898 2
1399451923 2
1399451991 2
1399452217 2
1399452284 3
1399452392 2
1399452429 3
1399452457 2
1399452491 3
1399453100 2
1399453194 3
1399453256 2
1399453277 3
1399453621 2
1399453628 3
1399453904 2
1399453975 3
1399454108 2
1399454113 3
1399454361 2
1399454383 3
1399454458 2
1399454481 3
1399455355 2
1399455404 3
1399455517 2
1399455550 3
1399455633 2
1399455641 3
1399455735 2
1399455862 3
1399456881 2
1399457112 3
1399457166 2
1399457277 3
1399457284 2
1399457351 3
1399457378 2
1399457392 3
1399457466 2
1399457478 3
1399457640 2
1399457726 3
1399457981 2
1399458012 3
1399458084 2
1399458087 3
1399458187 2
1399458213 3
1399458531 2
1399458727 3
1399458787 2
1399458843 3
1399458947 2
1399458989 3
1399459015 2
1399459104 3
1399459126 2
1399459230 3
1399459902 2
1399459933 3
1399460012 2
1399460020 3
1399460026 2
1399460034 3
1399460045 2
1399460054 3
1399460072 2
1399460088 3
1399460102 2
1399460126 3
1399460131 2
1399460141 3
1399460146 2
1399460156 3
1399460754 2
1399460777 2
1399460807 3
1399460829 2
1399460881 3
1399461198 2
1399461226 3
1399461261 2
1399461311 2
1399461320 3
1399461327 2
1399461330 202
1399461359 3
1399461999 2
1399462121 3
1399462146 2
1399462149 3
1399462204 2
1399462227 3
1399462269 2
1399462319 3
1399464603 2
1399464671 3
1399519029 2
1399519044 3
1399522108 2
1399522256 3
1399522984 2
1399523088 3
1399527094 2
1399527100 3
1399528377 2
1399528386 3
1399534582 2
1399534639 3
1399534647 2
1399534671 3
1399536677 2
1399536683 3
1399536689 2
1399536853 3
1399540759 2
1399540762 3
1399540791 2
1399540827 204
1399540829 3
1399542774 2
1399542777 3
1399551887 2
1399551938 3
1400553296 2
1400553308 3
1400557838 2
1400557845 201
1400557860 3
1400557873 2
1400557913 3
1400558175 2
1400558178 3
1400558791 2
1400558806 3
1400559325 2
1400559338 3
1400566304 2
1400566308 3
1400588483 2
1400588501 3
1400588515 2
1400588554 3
1400745858 2
1400745888 3
1400745913 2
1400745928 3
1400822661 2
1400822674 202
1400822679 3
