1395008944 2
1395008969 3
1395009034 2
1395009072 3
1395009192 2
1395009213 2
1395009257 2
1395009265 3
1395009285 2
1395009307 3
1395009358 2
1395009368 3
1395009388 2
1395009960 2
1395010085 2
1395010673 2
1395010970 2
1395011140 2
1395011224 2
1395011397 2
1395011412 3
1395011419 2
1395011431 3
1395011471 2
1395011584 2
1395011894 2
1395012025 3
1395012195 2
1395012454 2
1395012637 3
1395012662 2
1395012715 2
1395012827 2
1395013183 2
1395013274 2
1395013294 3
1395013806 2
1395013830 3
1395014122 2
1395014200 3
1395014496 2
1395014513 3
1395014554 2
1395014579 3
1395014821 2
1395014870 2
1395014894 3
1395015559 2
1395015574 3
1395015594 2
1395015636 2
1395015706 2
1395015748 2
1395015778 2
1395015807 3
1395015852 2
1395015869 3
1395016639 2
1395016660 3
1395016702 2
1395016717 3
1395016730 2
1395016735 3
1395016793 2
1395016908 3
1395016943 2
1395016954 3
1395017289 2
1395017311 3
1395017544 2
1395018559 3
1395018957 2
1395018974 3
1395019200 2
1395019223 3
1395019258 2
1395019312 3
1395019390 2
1395019593 3
1395019624 2
1395019635 3
1395020003 2
1395020014 3
1395020469 2
1395020508 3
1395021118 2
1395021131 3
1395021180 2
1395021209 3
1395021354 2
1395021383 3
1395021431 2
1395021553 3
1395022031 2
1395022044 2
1395022088 3
1395022151 2
1395022188 3
1395022864 2
1395023507 3
1395075612 2
1395075985 3
1395076001 2
1395076035 2
1395076196 2
1395076302 2
1395076322 3
1395076507 2
1395076520 3
1395076584 2
1395076607 3
1395076616 2
1395076642 3
1395076715 2
1395076763 3
1395077161 2
1395077180 3
1395077204 2
1395077216 3
1395077277 2
1395077299 3
1395077313 2
1395077324 3
1395077375 2
1395077384 3
1395077449 2
1395077565 2
1395077578 3
1395077599 2
1395077609 3
1395077628 2
1395077642 3
1395077723 2
1395077736 3
1395077766 2
1395077780 3
1395077897 2
1395077907 3
1395077924 2
1395077938 3
1395078324 2
1395078339 3
1395078370 2
1395078379 3
1395078393 2
1395078429 3
1395078533 2
1395078997 2
1395079055 2
1395079072 3
1395079116 2
1395079153 3
1395079454 2
1395079470 3
1395079541 2
1395079552 3
1395079570 2
1395079587 3
1395079606 2
1395079625 3
1395079636 2
1395079645 3
1395079655 2
1395079663 3
1395079681 2
1395079712 3
1395079742 2
1395079777 3
1395079900 2
1395079920 3
1395081208 2
1395081309 3
1395086514 2
1395086563 2
1395087113 2
1395087286 2
1395087350 2
1395087399 2
1395087493 2
1395087650 2
1395087701 3
1395087791 2
1395087902 3
1395088065 2
1395088144 3
1395088534 2
1395088570 3
1395088661 2
1395088895 2
1395090517 2
1395090588 3
1395091757 2
1395091978 3
1395091983 2
1395092029 3
1395092206 2
1395092232 241
1395092233 242
1395092297 2
1395092337 2
1395092428 2
1395092978 2
1395093073 3
1395093132 2
1395093147 3
1395093159 2
1395093186 3
1395093296 2
1395093438 2
1395093450 3
1395093480 2
1395093551 3
1395093595 2
1395093600 3
1395099793 2
1395099811 3
1395099944 2
1395099967 3
1395102626 2
1395102810 3
1395103137 2
1395103180 3
1395103188 2
1395103261 2
1395103312 2
1395103349 3
1395103358 2
1395103376 3
1395109754 2
1395109855 2
1395109980 2
1395169259 2
1395169296 3
1395170038 2
1395170063 2
1395170688 2
1395170741 3
1395181380 2
1395181395 3
1395181421 2
1395181447 3
1395181473 2
1395181504 2
1395181514 3
1395182140 2
1395182163 3
1395182765 2
1395182777 3
1395182995 2
1395183009 3
1395184356 2
1395184370 3
1395184418 2
1395184424 3
1395184457 2
1395184834 2
1395184838 3
1395184856 2
1395184869 3
1395184874 2
1395184890 3
1395187461 2
1395187502 3
1395248607 2
1395248646 2
1395248660 202
1395248672 246
1395248684 246
1395248690 3
1395249167 2
1395249173 201
1395249182 202
1395249190 224
1395249198 3
1395250308 2
1395250310 201
1395250316 202
1395250321 201
1395250325 202
1395250353 201
1395250358 3
1395278447 2
1395278524 201
1395278580 3
1395284952 2
1395284966 3
1395284991 2
1395285002 3
1395285233 2
1395285246 3
1395285311 2
1395285362 3
1395285387 2
1395285489 2
1395285580 3
1395285815 2
1395285886 2
1395285906 3
1395286237 2
1395286315 2
1395286370 3
1395594136 2
1395594140 3
1395594161 2
1395594163 3
1395791541 2
1395791560 3
1395791693 2
1395791715 3
1395791800 2
1395791813 3
1395791930 2
1395791952 3
1395792678 2
1395792702 3
1395793930 2
1395793965 3
1395794761 2
1395795835 3
1395796121 2
1395796249 3
1395796414 2
1395796418 3
1395796537 2
1395796559 3
1395798130 2
1395798132 202
1395798161 201
1395798176 3
1395798187 2
1395798207 3
1395798225 2
1395798266 3
1395798428 2
1395798488 3
1395798989 2
1395799065 3
1395799206 2
1395799215 3
1395799255 2
1395799257 202
1395799262 201
1395799271 3
1395799353 2
1395799357 3
1395799513 2
1395799524 3
1395799940 2
1395799952 201
1395799987 3
1395800395 2
1395800417 3
1395800650 2
1395800653 202
1395800661 201
1395800672 1025
1395800676 436
1395800679 202
1395800684 3
1395800861 2
1395800862 201
1395800864 202
1395800873 3
1396042986 2
1396043036 3
1396043074 2
1396043138 3
1396043248 2
1396043331 201
1396043487 3
1396044544 2
1396044752 3
1396044795 2
1396044815 3
1396044840 2
1396044933 2
1396044950 3
1396045021 2
1396045042 3
1396045057 2
1396045080 3
1396045099 2
1396045121 3
1396045170 2
1396045202 3
1396045251 2
1396045267 3
1396045445 2
1396045455 3
1396045656 2
1396045672 3
1396047607 2
1396047620 3
1396047634 2
1396047682 2
1396051872 2
1396051891 3
1396052037 2
1396052081 201
1396052140 3
1396052204 2
1396052211 202
1396052219 201
1396052246 202
1396052256 3
1396052335 2
1396052338 201
1396052343 202
1396052351 304
1396052355 304
1396052374 201
1396052380 202
1396052389 201
1396052391 202
1396052399 304
1396052402 3
1396052491 2
1396052493 201
1396052495 202
1396052504 201
1396052513 202
1396052521 201
1396052526 201
1396052530 3
1396052989 2
1396052994 201
1396052996 202
1396053003 201
1396053018 201
1396053042 3
1396053112 2
1396053128 3
1396053133 2
1396053147 3
1396053158 2
1396053217 2
1396053220 201
1396053282 202
1396053377 202
1396053634 201
1396053638 202
1396053643 3
1396054534 2
1396054536 201
1396054543 206
1396054545 202
1396054557 3
1396055267 2
1396055306 3
1396055493 2
1396055497 3
1396057037 2
1396057044 201
1396057059 201
1396057077 3
1396057422 2
1396057428 201
1396057439 201
1396057449 200
1396057450 201
1396057456 201
1396057459 201
1396057465 201
1396057471 201
1396057475 201
1396057480 3
1396057500 2
1396057507 201
1396057510 201
1396057514 201
1396057528 202
1396057533 202
1396057536 202
1396057540 202
1396057544 202
1396057547 202
1396057552 202
1396057588 2
1396057590 202
1396057599 202
1396057609 3
1396057752 2
1396057755 202
1396057765 202
1396057768 202
1396057773 201
1396057777 202
1396057782 201
1396057785 201
1396057791 201
1396057813 201
1396057830 201
1396057849 224
1396057855 202
1396057869 201
1396057871 202
1396057884 3
1396057920 2
1396057925 201
1396057930 3
1396200009 2
1396200012 3
