1401869173 2
1401869232 3
1401869937 2
1401869940 3
1401870047 2
1401870056 3
1401871139 2
1401871184 3
1401871228 2
1401871236 3
1401871253 2
1401871941 2
1401871980 3
1401874172 2
1401874177 254
1401874189 3
1402524292 2
1402524326 201
1402524330 201
1402524338 3
1402524868 2
1402524891 3
1402524986 2
1402525016 3
1402525358 2
1402525764 2
1402525782 202
1402525789 201
1402525799 200
1402525827 3
1402525899 2
1402525969 2
1402526014 1025
1402526016 436
1402526017 202
1402526022 201
1402526048 304
1402526129 3
1402526429 2
1402526442 3
1402526614 2
1402526656 304
1402526689 1025
1402526690 436
1402526694 3
1402526884 2
1402526891 202
1402526898 201
1402526921 304
1402527083 1025
1402527085 436
1402527216 200
1402527455 303
1402527478 200
1402527496 200
1402527531 3
1402527868 2
1402527992 3
1402528051 2
1402528057 3
1402528125 2
1402528130 200
1402528158 200
1402528188 3
1402528217 2
1402528221 200
1402528233 3
1402528249 2
1402528264 3
1402529217 2
1402529229 3
1402530247 2
1402530254 3
1402531122 2
1402531145 3
1402531163 2
1402531189 3
1402531252 2
1402531260 3
1402532247 2
1402532253 3
1402532370 2
1402532511 3
1402532615 2
1402532730 3
1402533430 2
1402533434 3
1402533458 2
1402533492 3
1402534922 2
1402534991 3
1402535003 2
1402535048 1025
1402535059 436
1402535079 202
1402535169 3
1402535267 2
1402535298 3
1403224565 2
1403224575 201
1403224744 1025
1403224746 435
1403224747 436
1403224749 202
1403224798 3
1403224897 2
1403225383 3
1403400695 2
1403400713 201
1403400748 304
1403400846 3
1403406238 2
1403406241 3
1403406271 2
1403406290 3
1403427882 2
1403427888 202
1403427899 201
1403427950 3
1403428170 2
1403428178 202
1403428206 201
1403428236 202
1403428303 3
1403428595 2
1403428612 3
1403756816 2
1403756843 256
1403756851 201
1403756894 283
1403756903 285
1403756912 247
1403756932 244
1403756935 246
1403756944 201
1403756956 200
1403756975 3
1403756977 2
1403756979 200
1403756985 3
1403756988 2
1403756995 200
1403757025 1025
1403757026 436
1403757035 242
1403757044 202
1403757051 220
1403757060 200
1403760608 3
1404095671 2
1404095836 2
1404095842 303
1404095847 302
1404095847 302
1404095874 306
1404095877 307
1404095980 283
1404095983 285
1404095993 280
1404095997 283
1404096009 240
1404096011 241
1404096013 246
1404097962 3
1404111498 2
1404111799 2
1404111930 2
1404111964 2
1404112083 2
1404112267 2
1404112287 2
1404112483 2
1404112501 2
1404112858 2
1404113013 2
1404113365 2
1404113896 2
1404114102 2
1404114441 2
1404114670 2
1404114845 2
1404114927 2
1404115221 2
1404117719 2
1404117858 2
1404117968 2
1404118265 2
1404118640 2
1404118902 2
1404120887 2
