1392685790 2
1392685818 3
1392685930 2
1392685932 251
1392685963 306
1392685993 303
1392686007 3
1392687248 2
1392687254 251
1392687267 202
1392687294 3
1392687425 2
1392687438 3
1392687633 2
1392687647 3
1392688329 2
1392688336 3
1392688486 2
1392688489 3
1392688618 2
1392688622 3
1392688676 2
1392688679 3
1392688686 2
1392688711 3
1392688721 2
1392688724 3
1392688781 2
1392688786 3
1392689163 2
1392689652 3
1392760389 2
1392760416 3
1392767414 2
1392767422 3
1392767758 2
1392767834 201
1392767864 500
1392767868 432
1392767926 3
1392962702 2
1392962705 3
