1404182345 2
1404182455 2
1404182781 2
1404182795 2
1404183082 2
1404183086 283
1404183109 245
1404183155 245
1404193644 2
1404193662 303
1404195654 280
1404195659 303
1404195691 305
1404202849 3
1404208719 2
1404208966 3
1404208988 2
1404209046 2
1404209120 2
1404209186 2
1404209220 2
1404209260 2
1404209269 3
1404209791 2
1404209837 2
1404225124 2
1404269398 2
1404269823 201
1404270167 2
1404272205 500
1404272215 433
1404272235 500
1404272295 433
1404272304 500
1404272310 433
1404272311 500
1404272312 433
1404272312 500
1404272322 433
1404273082 500
1404273751 433
1404273801 500
1404273807 433
1404273858 500
1404273875 433
1404273900 500
1404274007 433
1404274038 500
1404274044 433
1404274065 2
1404274302 500
1404274369 433
1404274372 500
1404274657 433
1404281663 2
1404281736 500
1404281849 433
1404282592 500
1404282808 2
1404283157 500
1404283281 433
1404283288 500
1404283302 433
1404283307 500
1404283356 2
1404283364 500
1404283402 433
1404283417 500
1404283445 433
1404284212 1025
1404284252 433
1404284253 1025
1404284253 436
1404284950 2
1404285194 246
1404287802 2
1404287864 222
1404287865 223
1404289162 2
1404289358 222
1404289971 251
1404289972 245
1404290936 2
1404290956 2
1404292781 2
1404293560 1025
1404293564 433
1404294019 2
1404294138 304
1404294167 221
1404294293 2
1404294361 2
1404294394 2
1404294419 221
1404294433 224
1404294648 220
1404294900 304
1404295222 2
1404295243 2
