1396457154 2
1396457320 523
1396457324 432
1396457335 523
1396457338 432
1396457342 3
1396457389 2
1396457391 202
1396457400 201
1396457404 201
1396457504 1025
1396457506 436
1396457514 202
1396457525 3
1396457538 2
1396457544 303
1396457548 201
1396457563 3
1396457622 2
1396457642 201
1396457674 1025
1396457675 436
1396457683 3
1396457716 2
1396457819 1025
1396457820 436
1396457826 202
1396457844 201
1396457847 3
1396457852 2
1396457854 201
1396457856 202
1396457861 201
1396457904 1025
1396457905 436
1396457929 202
1396457965 3
1396457971 2
1396457986 303
1396458008 201
1396458021 3
1396458026 2
1396458059 202
1396458076 201
1396458077 202
1396458111 201
1396458117 202
1396458129 201
1396458200 1025
1396458205 436
1396458211 202
1396458226 3
1396458256 2
1396458274 201
1396458276 202
1396458281 201
1396458308 1025
1396458309 436
1396458316 202
1396458335 201
1396458370 201
1396458403 200
1396458403 1025
1396458404 436
1396458411 202
1396458437 201
1396458449 201
1396458452 200
1396458469 1025
1396458475 436
1396458482 202
1396458505 201
1396458507 303
1396458511 201
1396458513 202
1396458524 201
1396458570 200
1396458571 1025
1396458572 436
1396458579 202
1396458646 3
1396461205 2
1396461209 201
1396461216 201
1396461218 202
1396461224 201
1396461261 202
1396461317 201
1396461350 202
1396461402 201
1396461412 201
1396461414 200
1396461418 3
1396461454 2
1396461456 201
1396461458 201
1396461506 202
1396461523 303
1396461561 3
1396461567 2
1396461601 201
1396461604 201
1396461606 3
1396997798 2
1396997805 3
1397543437 2
1397543569 3
1397543883 2
1397543946 202
1397543970 201
1397543973 224
1397544045 1025
1397544046 436
1397544053 202
1397544065 3
1397544178 2
1397544181 201
1397544188 242
1397544396 1025
1397544399 436
1397544410 202
1397544430 3
1397544599 2
1397544604 201
1397547679 2
1397547718 3
1397547995 2
1397548129 2
1397548480 2
1397548782 2
1397548784 202
1397548800 201
1397548860 1025
1397548862 436
1397548865 202
1397548890 3
1397548899 2
1397548903 201
1397548923 1025
1397548924 436
1397548930 202
1397548979 3
1397550237 2
1397550240 201
1397550275 304
1397550288 1025
1397550289 436
1397550293 202
1397550353 201
1397550368 1025
1397550370 436
1397550376 202
1397550395 201
1397550399 202
1397550411 201
1397550430 304
1397550444 1025
1397550445 436
1397550449 202
1397550461 3
1397550717 2
1397550721 3
1397551027 2
1397551031 3
1398306555 2
1398306588 204
1398306590 203
1398306591 222
1398306592 223
1398306599 3
1398307657 2
1398307664 200
1398307676 200
1398307695 200
1398307708 201
1398307715 200
1398307726 3
1398307805 2
1398307810 200
1398307815 200
1398307952 200
1398308232 200
1398308237 3
1398308291 2
1398308318 202
1398308339 3
1398308396 2
1398308414 3
1398308440 2
1398308452 3
1398308473 2
1398308491 3
1398309102 2
1398309103 200
1398309107 3
1398309297 2
1398309305 3
1398309712 2
1398309715 200
1398309720 200
1398309742 201
1398309745 200
1398309747 201
1398310149 3
1398313230 2
1398313232 200
1398313235 201
1398313240 3
1398330571 2
1398330602 3
1398330653 2
1398330658 200
1398330661 3
1398331104 2
1398331108 200
1398331119 3
1398331165 2
1398331169 200
1398331175 3
1398564871 2
1398564880 200
1398564887 200
1398564896 200
1398564899 3
1398565187 2
1398565194 200
1398565200 200
1398565210 3
1398566499 2
1398566502 201
1398566504 202
1398566530 3
1398566726 2
1398566729 201
1398566731 202
1398566766 3
1398566981 2
1398566990 201
1398567011 3
1398567893 2
1398567896 202
1398567907 201
1398567916 200
1398567935 304
1398567953 1025
1398567954 436
1398567968 202
1398567995 3
1398568349 2
1398568361 200
1398568364 200
1398568377 3
1398568383 2
1398568389 201
1398568403 304
1398568419 1025
1398568420 436
1398568425 200
1398568428 3
1398569054 2
1398569057 200
1398569063 202
1398569071 201
1398569084 304
1398569092 200
1398569108 1025
1398569109 436
1398569110 200
1398569140 1025
1398569141 436
1398569144 3
1398569151 2
1398569154 200
1398569168 3
1398569396 2
1398569407 200
1398569409 202
1398569415 251
1398569423 201
1398569431 200
1398569469 1025
1398569471 436
1398569479 513
1398569485 436
1398569537 2
1398569539 200
1398569544 202
1398569548 200
1398569572 201
1398569592 1025
1398569594 436
1398569597 200
1398569702 1025
1398569704 436
1398569712 513
1398569714 436
1398569732 2
1398569748 205
1398569758 3
1398570101 2
1398570111 200
1398570114 3
1398570434 2
1398570439 200
1398570446 3
1398570570 2
1398570573 200
1398570576 3
1398570593 2
1398570596 200
1398571022 2
1398571024 200
1398571036 202
1398571046 200
1398571055 3
1398571152 2
1398571160 200
1398571168 3
1398571179 2
1398571183 200
1398571191 3
1398571365 2
1398571372 200
1398571375 3
1398571437 2
1398571439 200
1398571446 200
1398571451 3
1398571630 2
1398571633 200
1398571644 3
1398571651 2
1398571657 200
1398571661 3
1398571735 2
1398578212 2
1398578215 3
1398578362 2
1398578365 200
1398578372 200
1398578373 201
1398578379 200
1398578390 1025
1398578391 436
1398578417 200
1398578569 3
1398579012 2
1398579013 200
1398579017 3
1398579123 2
1398579125 200
1398579135 200
1398579148 304
1398579156 200
1398579182 1025
1398579183 436
1398579210 3
1398579228 2
1398579234 202
1398579240 201
1398579243 202
1398579252 201
1398579254 200
1398579261 3
1398579288 2
1398579290 202
1398579303 201
1398579315 200
1398579329 1025
1398579331 436
1398579339 200
1398579355 3
1398579376 2
1398579378 200
1398579380 202
1398579396 201
1398579400 201
1398579421 200
1398579428 3
1398579455 2
1398579461 200
1398579468 3
1398579587 2
1398579588 200
1398579592 3
1398579714 2
1398579716 200
1398579737 3
1398579759 2
1398579777 202
1398579788 201
1398579790 201
1398579804 304
1398579826 304
1398579836 221
1398579838 304
1398579855 304
1398579861 200
1398579865 1025
1398579866 436
1398579871 3
1398579901 2
1398579909 202
1398579918 200
1398579920 201
1398579938 200
1398579941 3
1398579948 2
1398579950 200
1398579967 3
1398580355 2
1398580357 202
1398580374 202
1398580394 201
1398580398 200
1398580404 200
1398580478 2
1398580480 200
1398580485 3
1398580582 2
1398580585 202
1398580590 3
1398580680 2
1398580683 200
1398580692 201
1398580695 202
1398580709 201
1398580715 200
1398580721 200
1398580747 304
1398580752 200
1398580791 1025
1398580792 436
1398580795 3
1398580801 2
1398580803 200
1398580807 3
1398581431 2
1398581434 3
1398581670 2
1398581676 200
1398581680 3
1398581891 2
1398581893 200
1398581904 202
1398581911 3
1398582080 2
1398582084 200
1398582115 304
1398582120 200
1398582158 3
1398582380 2
1398582382 200
1398582396 202
1398582402 200
1398582411 201
1398582413 200
1398582474 304
1398582482 200
1398582502 3
1398582512 2
1398582515 200
1398582559 200
1398582564 3
1398584448 2
1398584454 200
1398584469 3
1398584574 2
1398584589 200
1398584598 3
1398584627 2
1398584629 200
1398584633 3
1398584639 2
1398584641 200
1398584650 3
1398584683 2
1398584715 200
1398584742 202
1398584747 200
1398584798 201
1398584856 3
1398584935 2
1398584945 200
1398584971 200
1398584995 304
1398585005 200
1398585032 304
1398585037 200
1398585061 304
1398585068 200
1398585112 304
1398585117 200
1398585161 200
1398585173 200
1398585178 3
1398585201 2
1398585214 200
1398585262 200
1398585269 202
1398585285 200
1398585369 304
1398585372 201
1398585380 200
1398585406 304
1398585410 200
1398585438 304
1398585450 200
1398585486 304
1398585492 200
1398585535 3
1398585540 2
1398585542 200
1398585565 200
1398585570 202
1398585575 201
1398585580 201
1398585582 200
1398585593 201
1398585595 200
1398585711 304
1398585716 200
1398585760 304
1398585764 200
1398585792 304
1398585796 200
1398585812 304
1398585817 200
1398585855 304
1398585862 304
1398585866 200
1398585904 304
1398585909 200
1398586061 200
1398586062 1025
1398586069 436
1398586073 3
1398586080 2
1398586082 200
1398586105 3
1398852886 2
1398852896 200
1398852900 200
1398852907 3
1398865994 2
1398866002 3
1398866023 2
1398866094 3
1398866801 2
1398868730 200
1398868746 3
